11-Apr-2024 20:24:42.340 INFO [main] org.apache.catalina.startup.VersionLoggerListener.log Nombre de la versión del servidor: Apache Tomcat/9.0.87
11-Apr-2024 20:24:42.346 INFO [main] org.apache.catalina.startup.VersionLoggerListener.log Server built:                      Mar 11 2024 10:12:34 UTC
11-Apr-2024 20:24:42.347 INFO [main] org.apache.catalina.startup.VersionLoggerListener.log Número de versión de servidor:     9.0.87.0
11-Apr-2024 20:24:42.347 INFO [main] org.apache.catalina.startup.VersionLoggerListener.log OS Name:                           Windows 11
11-Apr-2024 20:24:42.347 INFO [main] org.apache.catalina.startup.VersionLoggerListener.log Versión de Systema Operativo:      10.0
11-Apr-2024 20:24:42.347 INFO [main] org.apache.catalina.startup.VersionLoggerListener.log Arquitectura:                      amd64
11-Apr-2024 20:24:42.347 INFO [main] org.apache.catalina.startup.VersionLoggerListener.log Java Home:                         C:\Program Files\Java\jdk-18.0.2
11-Apr-2024 20:24:42.347 INFO [main] org.apache.catalina.startup.VersionLoggerListener.log JVM Version:                       18.0.2+9-61
11-Apr-2024 20:24:42.347 INFO [main] org.apache.catalina.startup.VersionLoggerListener.log Vededor JVM:                       Oracle Corporation
11-Apr-2024 20:24:42.348 INFO [main] org.apache.catalina.startup.VersionLoggerListener.log CATALINA_BASE:                     C:\apache-tomcat-9.0.87
11-Apr-2024 20:24:42.348 INFO [main] org.apache.catalina.startup.VersionLoggerListener.log CATALINA_HOME:                     C:\apache-tomcat-9.0.87
11-Apr-2024 20:24:42.365 INFO [main] org.apache.catalina.startup.VersionLoggerListener.log Command line argument:             --add-opens=java.base/java.lang=ALL-UNNAMED
11-Apr-2024 20:24:42.365 INFO [main] org.apache.catalina.startup.VersionLoggerListener.log Command line argument:             --add-opens=java.base/java.io=ALL-UNNAMED
11-Apr-2024 20:24:42.365 INFO [main] org.apache.catalina.startup.VersionLoggerListener.log Command line argument:             --add-opens=java.base/java.util=ALL-UNNAMED
11-Apr-2024 20:24:42.365 INFO [main] org.apache.catalina.startup.VersionLoggerListener.log Command line argument:             --add-opens=java.base/java.util.concurrent=ALL-UNNAMED
11-Apr-2024 20:24:42.365 INFO [main] org.apache.catalina.startup.VersionLoggerListener.log Command line argument:             --add-opens=java.rmi/sun.rmi.transport=ALL-UNNAMED
11-Apr-2024 20:24:42.366 INFO [main] org.apache.catalina.startup.VersionLoggerListener.log Command line argument:             -Djava.util.logging.config.file=C:\apache-tomcat-9.0.87\conf\logging.properties
11-Apr-2024 20:24:42.366 INFO [main] org.apache.catalina.startup.VersionLoggerListener.log Command line argument:             -Djava.util.logging.manager=org.apache.juli.ClassLoaderLogManager
11-Apr-2024 20:24:42.366 INFO [main] org.apache.catalina.startup.VersionLoggerListener.log Command line argument:             -Dhttp.nonProxyHosts=localhost|127.0.0.1|LAPTOP-DV0HSCJM
11-Apr-2024 20:24:42.366 INFO [main] org.apache.catalina.startup.VersionLoggerListener.log Command line argument:             -Djdk.tls.ephemeralDHKeySize=2048
11-Apr-2024 20:24:42.366 INFO [main] org.apache.catalina.startup.VersionLoggerListener.log Command line argument:             -Djava.protocol.handler.pkgs=org.apache.catalina.webresources
11-Apr-2024 20:24:42.366 INFO [main] org.apache.catalina.startup.VersionLoggerListener.log Command line argument:             -Dignore.endorsed.dirs=
11-Apr-2024 20:24:42.366 INFO [main] org.apache.catalina.startup.VersionLoggerListener.log Command line argument:             -Dcatalina.base=C:\apache-tomcat-9.0.87
11-Apr-2024 20:24:42.367 INFO [main] org.apache.catalina.startup.VersionLoggerListener.log Command line argument:             -Dcatalina.home=C:\apache-tomcat-9.0.87
11-Apr-2024 20:24:42.367 INFO [main] org.apache.catalina.startup.VersionLoggerListener.log Command line argument:             -Djava.io.tmpdir=C:\apache-tomcat-9.0.87\temp
11-Apr-2024 20:24:42.418 INFO [main] org.apache.catalina.core.AprLifecycleListener.lifecycleEvent Cargada la biblioteca nativa APR de Apache Tomcat [1.3.0] con la versión APR [1.7.4].
11-Apr-2024 20:24:42.430 INFO [main] org.apache.catalina.core.AprLifecycleListener.lifecycleEvent Capacidades APR: IPv6 [true], enviar fichero [true], aceptar filtros [false], aleatorio [true], UDS [true].
11-Apr-2024 20:24:42.430 INFO [main] org.apache.catalina.core.AprLifecycleListener.lifecycleEvent APR/OpenSSL configuration: useAprConnector [false], useOpenSSL [true]
11-Apr-2024 20:24:42.457 INFO [main] org.apache.catalina.core.AprLifecycleListener.initializeSSL OpenSSL inicializado correctamente [OpenSSL 3.0.13 30 Jan 2024]
11-Apr-2024 20:24:42.906 INFO [main] org.apache.coyote.AbstractProtocol.init Inicializando el manejador de protocolo ["http-nio-8080"]

11-Apr-2024 20:24:42.941 INFO [main] org.apache.catalina.startup.Catalina.load Server initialization in [986] milliseconds
11-Apr-2024 20:24:43.030 INFO [main] org.apache.catalina.core.StandardService.startInternal Arrancando servicio [Catalina]
11-Apr-2024 20:24:43.030 INFO [main] org.apache.catalina.core.StandardEngine.startInternal Starting Servlet engine: [Apache Tomcat/9.0.87]
11-Apr-2024 20:24:43.051 INFO [main] org.apache.catalina.startup.HostConfig.deployDirectory Desplegando el directorio [C:\apache-tomcat-9.0.87\webapps\docs] de la aplicación web
11-Apr-2024 20:24:43.599 INFO [main] org.apache.catalina.startup.HostConfig.deployDirectory Deployment of web application directory [C:\apache-tomcat-9.0.87\webapps\docs] has finished in [544] ms
11-Apr-2024 20:24:43.599 INFO [main] org.apache.catalina.startup.HostConfig.deployDirectory Desplegando el directorio [C:\apache-tomcat-9.0.87\webapps\examples] de la aplicación web
11-Apr-2024 20:24:44.827 INFO [main] org.apache.catalina.startup.HostConfig.deployDirectory Deployment of web application directory [C:\apache-tomcat-9.0.87\webapps\examples] has finished in [1.228] ms
11-Apr-2024 20:24:44.828 INFO [main] org.apache.catalina.startup.HostConfig.deployDirectory Desplegando el directorio [C:\apache-tomcat-9.0.87\webapps\host-manager] de la aplicación web
11-Apr-2024 20:24:44.913 INFO [main] org.apache.catalina.startup.HostConfig.deployDirectory Deployment of web application directory [C:\apache-tomcat-9.0.87\webapps\host-manager] has finished in [85] ms
11-Apr-2024 20:24:44.914 INFO [main] org.apache.catalina.startup.HostConfig.deployDirectory Desplegando el directorio [C:\apache-tomcat-9.0.87\webapps\manager] de la aplicación web
11-Apr-2024 20:24:44.999 INFO [main] org.apache.catalina.startup.HostConfig.deployDirectory Deployment of web application directory [C:\apache-tomcat-9.0.87\webapps\manager] has finished in [85] ms
11-Apr-2024 20:24:45.001 INFO [main] org.apache.catalina.startup.HostConfig.deployDirectory Desplegando el directorio [C:\apache-tomcat-9.0.87\webapps\ROOT] de la aplicación web
11-Apr-2024 20:24:45.069 INFO [main] org.apache.catalina.startup.HostConfig.deployDirectory Deployment of web application directory [C:\apache-tomcat-9.0.87\webapps\ROOT] has finished in [69] ms
11-Apr-2024 20:24:45.082 INFO [main] org.apache.coyote.AbstractProtocol.start Starting ProtocolHandler ["http-nio-8080"]
11-Apr-2024 20:24:45.199 INFO [main] org.apache.catalina.startup.Catalina.start Server startup in [2256] milliseconds
11-Apr-2024 20:27:25.621 INFO [http-nio-8080-exec-3] org.apache.catalina.startup.HostConfig.deployDescriptor Desplieque del descriptor de configuración [C:\apache-tomcat-9.0.87\conf\Catalina\localhost\WebApplication123#index.html.xml]
11-Apr-2024 20:27:25.637 WARNING [http-nio-8080-exec-3] org.apache.catalina.startup.HostConfig.deployDescriptor The path attribute with value [/WebApplication123/index.html] in deployment descriptor [C:\apache-tomcat-9.0.87\conf\Catalina\localhost\WebApplication123#index.html.xml] has been ignored
11-Apr-2024 20:27:25.975 INFO [http-nio-8080-exec-3] org.apache.catalina.startup.HostConfig.deployDescriptor Deployment of deployment descriptor [C:\apache-tomcat-9.0.87\conf\Catalina\localhost\WebApplication123#index.html.xml] has finished in [348] ms
11-Apr-2024 20:27:26.024 INFO [http-nio-8080-exec-5] org.apache.catalina.util.LifecycleBase.start The start() method was called on component [StandardEngine[Catalina].StandardHost[localhost].StandardContext[/WebApplication123/index.html]] after start() had already been called. The second call will be ignored.
11-Apr-2024 20:34:47.079 INFO [http-nio-8080-exec-4] org.apache.catalina.startup.HostConfig.deployDescriptor Desplieque del descriptor de configuración [C:\apache-tomcat-9.0.87\conf\Catalina\localhost\WebApplication345.xml]
11-Apr-2024 20:34:47.082 WARNING [http-nio-8080-exec-4] org.apache.catalina.startup.HostConfig.deployDescriptor The path attribute with value [/WebApplication345] in deployment descriptor [C:\apache-tomcat-9.0.87\conf\Catalina\localhost\WebApplication345.xml] has been ignored
11-Apr-2024 20:34:47.144 INFO [http-nio-8080-exec-4] org.apache.catalina.startup.HostConfig.deployDescriptor Deployment of deployment descriptor [C:\apache-tomcat-9.0.87\conf\Catalina\localhost\WebApplication345.xml] has finished in [65] ms
11-Apr-2024 20:34:47.148 INFO [http-nio-8080-exec-5] org.apache.catalina.util.LifecycleBase.start The start() method was called on component [StandardEngine[Catalina].StandardHost[localhost].StandardContext[/WebApplication345]] after start() had already been called. The second call will be ignored.
11-Apr-2024 20:35:33.618 INFO [http-nio-8080-exec-2] org.apache.catalina.startup.HostConfig.undeploy Repliegue (undeploy) de la aplicación web que tiene como trayectoria de contexto [/WebApplication123/index.html]
11-Apr-2024 20:35:33.635 INFO [http-nio-8080-exec-6] org.apache.catalina.startup.HostConfig.deployDescriptor Desplieque del descriptor de configuración [C:\apache-tomcat-9.0.87\conf\Catalina\localhost\WebApplication123#index.html.xml]
11-Apr-2024 20:35:33.637 WARNING [http-nio-8080-exec-6] org.apache.catalina.startup.HostConfig.deployDescriptor The path attribute with value [/WebApplication123] in deployment descriptor [C:\apache-tomcat-9.0.87\conf\Catalina\localhost\WebApplication123#index.html.xml] has been ignored
11-Apr-2024 20:35:33.707 INFO [http-nio-8080-exec-6] org.apache.catalina.startup.HostConfig.deployDescriptor Deployment of deployment descriptor [C:\apache-tomcat-9.0.87\conf\Catalina\localhost\WebApplication123#index.html.xml] has finished in [71] ms
11-Apr-2024 20:35:51.331 INFO [http-nio-8080-exec-5] org.apache.catalina.startup.HostConfig.undeploy Repliegue (undeploy) de la aplicación web que tiene como trayectoria de contexto [/WebApplication123/index.html]
11-Apr-2024 20:35:51.354 INFO [http-nio-8080-exec-12] org.apache.catalina.startup.HostConfig.deployDescriptor Desplieque del descriptor de configuración [C:\apache-tomcat-9.0.87\conf\Catalina\localhost\WebApplication123.xml]
11-Apr-2024 20:35:51.356 WARNING [http-nio-8080-exec-12] org.apache.catalina.startup.HostConfig.deployDescriptor The path attribute with value [/WebApplication123] in deployment descriptor [C:\apache-tomcat-9.0.87\conf\Catalina\localhost\WebApplication123.xml] has been ignored
11-Apr-2024 20:35:51.404 INFO [http-nio-8080-exec-12] org.apache.catalina.startup.HostConfig.deployDescriptor Deployment of deployment descriptor [C:\apache-tomcat-9.0.87\conf\Catalina\localhost\WebApplication123.xml] has finished in [50] ms
11-Apr-2024 20:35:51.408 INFO [http-nio-8080-exec-7] org.apache.catalina.util.LifecycleBase.start The start() method was called on component [StandardEngine[Catalina].StandardHost[localhost].StandardContext[/WebApplication123]] after start() had already been called. The second call will be ignored.
11-Apr-2024 20:37:50.340 INFO [http-nio-8080-exec-16] org.apache.catalina.startup.HostConfig.undeploy Repliegue (undeploy) de la aplicación web que tiene como trayectoria de contexto [/WebApplication123]
11-Apr-2024 20:37:50.353 INFO [http-nio-8080-exec-14] org.apache.catalina.startup.HostConfig.deployDescriptor Desplieque del descriptor de configuración [C:\apache-tomcat-9.0.87\conf\Catalina\localhost\WebApplication123.xml]
11-Apr-2024 20:37:50.355 WARNING [http-nio-8080-exec-14] org.apache.catalina.startup.HostConfig.deployDescriptor The path attribute with value [/WebApplication123/WEB-INF] in deployment descriptor [C:\apache-tomcat-9.0.87\conf\Catalina\localhost\WebApplication123.xml] has been ignored
11-Apr-2024 20:37:50.409 INFO [http-nio-8080-exec-14] org.apache.catalina.startup.HostConfig.deployDescriptor Deployment of deployment descriptor [C:\apache-tomcat-9.0.87\conf\Catalina\localhost\WebApplication123.xml] has finished in [56] ms
11-Apr-2024 20:37:53.621 INFO [http-nio-8080-exec-18] org.apache.catalina.startup.HostConfig.undeploy Repliegue (undeploy) de la aplicación web que tiene como trayectoria de contexto [/WebApplication123]
11-Apr-2024 20:37:53.644 INFO [http-nio-8080-exec-19] org.apache.catalina.startup.HostConfig.deployDescriptor Desplieque del descriptor de configuración [C:\apache-tomcat-9.0.87\conf\Catalina\localhost\WebApplication123#WEB-INF.xml]
11-Apr-2024 20:37:53.646 WARNING [http-nio-8080-exec-19] org.apache.catalina.startup.HostConfig.deployDescriptor The path attribute with value [/WebApplication123/WEB-INF] in deployment descriptor [C:\apache-tomcat-9.0.87\conf\Catalina\localhost\WebApplication123#WEB-INF.xml] has been ignored
11-Apr-2024 20:37:53.693 INFO [http-nio-8080-exec-19] org.apache.catalina.startup.HostConfig.deployDescriptor Deployment of deployment descriptor [C:\apache-tomcat-9.0.87\conf\Catalina\localhost\WebApplication123#WEB-INF.xml] has finished in [48] ms
11-Apr-2024 20:37:53.696 INFO [http-nio-8080-exec-7] org.apache.catalina.util.LifecycleBase.start The start() method was called on component [StandardEngine[Catalina].StandardHost[localhost].StandardContext[/WebApplication123/WEB-INF]] after start() had already been called. The second call will be ignored.
11-Apr-2024 20:39:43.167 INFO [http-nio-8080-exec-14] org.apache.catalina.startup.HostConfig.undeploy Repliegue (undeploy) de la aplicación web que tiene como trayectoria de contexto [/WebApplication123/WEB-INF]
11-Apr-2024 20:39:43.180 INFO [http-nio-8080-exec-7] org.apache.catalina.startup.HostConfig.deployDescriptor Desplieque del descriptor de configuración [C:\apache-tomcat-9.0.87\conf\Catalina\localhost\WebApplication123#WEB-INF.xml]
11-Apr-2024 20:39:43.181 WARNING [http-nio-8080-exec-7] org.apache.catalina.startup.HostConfig.deployDescriptor The path attribute with value [/WebApplication123/web/WEB-INF] in deployment descriptor [C:\apache-tomcat-9.0.87\conf\Catalina\localhost\WebApplication123#WEB-INF.xml] has been ignored
11-Apr-2024 20:39:43.237 INFO [http-nio-8080-exec-7] org.apache.catalina.startup.HostConfig.deployDescriptor Deployment of deployment descriptor [C:\apache-tomcat-9.0.87\conf\Catalina\localhost\WebApplication123#WEB-INF.xml] has finished in [57] ms
11-Apr-2024 20:39:45.730 INFO [http-nio-8080-exec-17] org.apache.catalina.startup.HostConfig.undeploy Repliegue (undeploy) de la aplicación web que tiene como trayectoria de contexto [/WebApplication123/WEB-INF]
11-Apr-2024 20:39:45.751 INFO [http-nio-8080-exec-14] org.apache.catalina.startup.HostConfig.deployDescriptor Desplieque del descriptor de configuración [C:\apache-tomcat-9.0.87\conf\Catalina\localhost\WebApplication123#web#WEB-INF.xml]
11-Apr-2024 20:39:45.753 WARNING [http-nio-8080-exec-14] org.apache.catalina.startup.HostConfig.deployDescriptor The path attribute with value [/WebApplication123/web/WEB-INF] in deployment descriptor [C:\apache-tomcat-9.0.87\conf\Catalina\localhost\WebApplication123#web#WEB-INF.xml] has been ignored
11-Apr-2024 20:39:45.800 INFO [http-nio-8080-exec-14] org.apache.catalina.startup.HostConfig.deployDescriptor Deployment of deployment descriptor [C:\apache-tomcat-9.0.87\conf\Catalina\localhost\WebApplication123#web#WEB-INF.xml] has finished in [48] ms
11-Apr-2024 20:39:45.803 INFO [http-nio-8080-exec-22] org.apache.catalina.util.LifecycleBase.start The start() method was called on component [StandardEngine[Catalina].StandardHost[localhost].StandardContext[/WebApplication123/web/WEB-INF]] after start() had already been called. The second call will be ignored.
11-Apr-2024 20:41:00.669 INFO [http-nio-8080-exec-19] org.apache.catalina.startup.HostConfig.undeploy Repliegue (undeploy) de la aplicación web que tiene como trayectoria de contexto [/WebApplication123/web/WEB-INF]
11-Apr-2024 20:41:00.682 INFO [http-nio-8080-exec-26] org.apache.catalina.startup.HostConfig.deployDescriptor Desplieque del descriptor de configuración [C:\apache-tomcat-9.0.87\conf\Catalina\localhost\WebApplication123#web#WEB-INF.xml]
11-Apr-2024 20:41:00.684 WARNING [http-nio-8080-exec-26] org.apache.catalina.startup.HostConfig.deployDescriptor The path attribute with value [] in deployment descriptor [C:\apache-tomcat-9.0.87\conf\Catalina\localhost\WebApplication123#web#WEB-INF.xml] has been ignored
11-Apr-2024 20:41:00.739 INFO [http-nio-8080-exec-26] org.apache.catalina.startup.HostConfig.deployDescriptor Deployment of deployment descriptor [C:\apache-tomcat-9.0.87\conf\Catalina\localhost\WebApplication123#web#WEB-INF.xml] has finished in [57] ms
11-Apr-2024 20:41:02.878 INFO [http-nio-8080-exec-17] org.apache.catalina.startup.HostConfig.undeploy Repliegue (undeploy) de la aplicación web que tiene como trayectoria de contexto [/WebApplication123/web/WEB-INF]
11-Apr-2024 20:41:03.410 INFO [http-nio-8080-exec-14] org.apache.catalina.startup.HostConfig.undeploy Repliegue (undeploy) de la aplicación web que tiene como trayectoria de contexto []
11-Apr-2024 20:41:03.422 INFO [http-nio-8080-exec-22] org.apache.catalina.startup.HostConfig.deployDescriptor Desplieque del descriptor de configuración [C:\apache-tomcat-9.0.87\conf\Catalina\localhost\ROOT.xml]
11-Apr-2024 20:41:03.424 WARNING [http-nio-8080-exec-22] org.apache.catalina.startup.HostConfig.deployDescriptor The path attribute with value [] in deployment descriptor [C:\apache-tomcat-9.0.87\conf\Catalina\localhost\ROOT.xml] has been ignored
11-Apr-2024 20:41:03.471 INFO [http-nio-8080-exec-22] org.apache.catalina.startup.HostConfig.deployDescriptor Deployment of deployment descriptor [C:\apache-tomcat-9.0.87\conf\Catalina\localhost\ROOT.xml] has finished in [48] ms
11-Apr-2024 20:41:03.474 INFO [http-nio-8080-exec-26] org.apache.catalina.util.LifecycleBase.start The start() method was called on component [StandardEngine[Catalina].StandardHost[localhost].StandardContext[]] after start() had already been called. The second call will be ignored.
11-Apr-2024 20:44:02.592 INFO [http-nio-8080-exec-34] org.apache.catalina.startup.HostConfig.undeploy Repliegue (undeploy) de la aplicación web que tiene como trayectoria de contexto []
11-Apr-2024 20:44:02.604 INFO [http-nio-8080-exec-31] org.apache.catalina.startup.HostConfig.deployDescriptor Desplieque del descriptor de configuración [C:\apache-tomcat-9.0.87\conf\Catalina\localhost\ROOT.xml]
11-Apr-2024 20:44:02.606 WARNING [http-nio-8080-exec-31] org.apache.catalina.startup.HostConfig.deployDescriptor The path attribute with value [/WebApplication123] in deployment descriptor [C:\apache-tomcat-9.0.87\conf\Catalina\localhost\ROOT.xml] has been ignored
11-Apr-2024 20:44:02.651 INFO [http-nio-8080-exec-31] org.apache.catalina.startup.HostConfig.deployDescriptor Deployment of deployment descriptor [C:\apache-tomcat-9.0.87\conf\Catalina\localhost\ROOT.xml] has finished in [47] ms
11-Apr-2024 20:44:06.208 INFO [http-nio-8080-exec-39] org.apache.catalina.startup.HostConfig.undeploy Repliegue (undeploy) de la aplicación web que tiene como trayectoria de contexto []
11-Apr-2024 20:44:06.224 INFO [http-nio-8080-exec-35] org.apache.catalina.startup.HostConfig.deployDescriptor Desplieque del descriptor de configuración [C:\apache-tomcat-9.0.87\conf\Catalina\localhost\WebApplication123.xml]
11-Apr-2024 20:44:06.225 WARNING [http-nio-8080-exec-35] org.apache.catalina.startup.HostConfig.deployDescriptor The path attribute with value [/WebApplication123] in deployment descriptor [C:\apache-tomcat-9.0.87\conf\Catalina\localhost\WebApplication123.xml] has been ignored
11-Apr-2024 20:44:06.264 INFO [http-nio-8080-exec-35] org.apache.catalina.startup.HostConfig.deployDescriptor Deployment of deployment descriptor [C:\apache-tomcat-9.0.87\conf\Catalina\localhost\WebApplication123.xml] has finished in [40] ms
11-Apr-2024 20:44:06.267 INFO [http-nio-8080-exec-27] org.apache.catalina.util.LifecycleBase.start The start() method was called on component [StandardEngine[Catalina].StandardHost[localhost].StandardContext[/WebApplication123]] after start() had already been called. The second call will be ignored.
11-Apr-2024 20:44:19.201 INFO [http-nio-8080-exec-31] org.apache.catalina.startup.HostConfig.undeploy Repliegue (undeploy) de la aplicación web que tiene como trayectoria de contexto [/WebApplication123]
11-Apr-2024 20:44:39.842 INFO [http-nio-8080-exec-31] org.apache.catalina.startup.HostConfig.deployDescriptor Desplieque del descriptor de configuración [C:\apache-tomcat-9.0.87\conf\Catalina\localhost\WebApplication1.xml]
11-Apr-2024 20:44:39.844 WARNING [http-nio-8080-exec-31] org.apache.catalina.startup.HostConfig.deployDescriptor The path attribute with value [/WebApplication1] in deployment descriptor [C:\apache-tomcat-9.0.87\conf\Catalina\localhost\WebApplication1.xml] has been ignored
11-Apr-2024 20:44:39.906 INFO [http-nio-8080-exec-31] org.apache.catalina.startup.HostConfig.deployDescriptor Deployment of deployment descriptor [C:\apache-tomcat-9.0.87\conf\Catalina\localhost\WebApplication1.xml] has finished in [63] ms
11-Apr-2024 20:44:39.910 INFO [http-nio-8080-exec-40] org.apache.catalina.util.LifecycleBase.start The start() method was called on component [StandardEngine[Catalina].StandardHost[localhost].StandardContext[/WebApplication1]] after start() had already been called. The second call will be ignored.
11-Apr-2024 20:47:21.109 INFO [http-nio-8080-exec-49] org.apache.catalina.startup.HostConfig.undeploy Repliegue (undeploy) de la aplicación web que tiene como trayectoria de contexto [/WebApplication1]
11-Apr-2024 20:47:21.125 INFO [http-nio-8080-exec-47] org.apache.catalina.startup.HostConfig.deployDescriptor Desplieque del descriptor de configuración [C:\apache-tomcat-9.0.87\conf\Catalina\localhost\WebApplication1.xml]
11-Apr-2024 20:47:21.128 WARNING [http-nio-8080-exec-47] org.apache.catalina.startup.HostConfig.deployDescriptor The path attribute with value [/WebApplication1/WEB-INF] in deployment descriptor [C:\apache-tomcat-9.0.87\conf\Catalina\localhost\WebApplication1.xml] has been ignored
11-Apr-2024 20:47:21.193 INFO [http-nio-8080-exec-47] org.apache.catalina.startup.HostConfig.deployDescriptor Deployment of deployment descriptor [C:\apache-tomcat-9.0.87\conf\Catalina\localhost\WebApplication1.xml] has finished in [68] ms
11-Apr-2024 20:47:24.000 INFO [http-nio-8080-exec-43] org.apache.catalina.startup.HostConfig.undeploy Repliegue (undeploy) de la aplicación web que tiene como trayectoria de contexto [/WebApplication1]
11-Apr-2024 20:47:24.037 INFO [http-nio-8080-exec-47] org.apache.catalina.startup.HostConfig.deployDescriptor Desplieque del descriptor de configuración [C:\apache-tomcat-9.0.87\conf\Catalina\localhost\WebApplication1#WEB-INF.xml]
11-Apr-2024 20:47:24.038 WARNING [http-nio-8080-exec-47] org.apache.catalina.startup.HostConfig.deployDescriptor The path attribute with value [/WebApplication1/WEB-INF] in deployment descriptor [C:\apache-tomcat-9.0.87\conf\Catalina\localhost\WebApplication1#WEB-INF.xml] has been ignored
11-Apr-2024 20:47:24.093 INFO [http-nio-8080-exec-47] org.apache.catalina.startup.HostConfig.deployDescriptor Deployment of deployment descriptor [C:\apache-tomcat-9.0.87\conf\Catalina\localhost\WebApplication1#WEB-INF.xml] has finished in [55] ms
11-Apr-2024 20:47:24.096 INFO [http-nio-8080-exec-48] org.apache.catalina.util.LifecycleBase.start The start() method was called on component [StandardEngine[Catalina].StandardHost[localhost].StandardContext[/WebApplication1/WEB-INF]] after start() had already been called. The second call will be ignored.
11-Apr-2024 20:47:44.239 INFO [http-nio-8080-exec-54] org.apache.catalina.startup.HostConfig.undeploy Repliegue (undeploy) de la aplicación web que tiene como trayectoria de contexto [/WebApplication1/WEB-INF]
11-Apr-2024 20:47:44.252 INFO [http-nio-8080-exec-47] org.apache.catalina.startup.HostConfig.deployDescriptor Desplieque del descriptor de configuración [C:\apache-tomcat-9.0.87\conf\Catalina\localhost\WebApplication1#WEB-INF.xml]
11-Apr-2024 20:47:44.253 WARNING [http-nio-8080-exec-47] org.apache.catalina.startup.HostConfig.deployDescriptor The path attribute with value [/WebApplication1/html] in deployment descriptor [C:\apache-tomcat-9.0.87\conf\Catalina\localhost\WebApplication1#WEB-INF.xml] has been ignored
11-Apr-2024 20:47:44.302 INFO [http-nio-8080-exec-47] org.apache.catalina.startup.HostConfig.deployDescriptor Deployment of deployment descriptor [C:\apache-tomcat-9.0.87\conf\Catalina\localhost\WebApplication1#WEB-INF.xml] has finished in [49] ms
11-Apr-2024 20:47:47.316 INFO [http-nio-8080-exec-44] org.apache.catalina.startup.HostConfig.undeploy Repliegue (undeploy) de la aplicación web que tiene como trayectoria de contexto [/WebApplication1/WEB-INF]
11-Apr-2024 20:47:47.341 INFO [http-nio-8080-exec-42] org.apache.catalina.startup.HostConfig.deployDescriptor Desplieque del descriptor de configuración [C:\apache-tomcat-9.0.87\conf\Catalina\localhost\WebApplication1#html.xml]
11-Apr-2024 20:47:47.342 WARNING [http-nio-8080-exec-42] org.apache.catalina.startup.HostConfig.deployDescriptor The path attribute with value [/WebApplication1/html] in deployment descriptor [C:\apache-tomcat-9.0.87\conf\Catalina\localhost\WebApplication1#html.xml] has been ignored
11-Apr-2024 20:47:47.388 INFO [http-nio-8080-exec-42] org.apache.catalina.startup.HostConfig.deployDescriptor Deployment of deployment descriptor [C:\apache-tomcat-9.0.87\conf\Catalina\localhost\WebApplication1#html.xml] has finished in [47] ms
11-Apr-2024 20:47:47.391 INFO [http-nio-8080-exec-47] org.apache.catalina.util.LifecycleBase.start The start() method was called on component [StandardEngine[Catalina].StandardHost[localhost].StandardContext[/WebApplication1/html]] after start() had already been called. The second call will be ignored.
11-Apr-2024 20:48:08.185 INFO [http-nio-8080-exec-52] org.apache.catalina.startup.HostConfig.undeploy Repliegue (undeploy) de la aplicación web que tiene como trayectoria de contexto [/WebApplication1/html]
11-Apr-2024 20:48:08.197 INFO [http-nio-8080-exec-57] org.apache.catalina.startup.HostConfig.deployDescriptor Desplieque del descriptor de configuración [C:\apache-tomcat-9.0.87\conf\Catalina\localhost\WebApplication1#html.xml]
11-Apr-2024 20:48:08.199 WARNING [http-nio-8080-exec-57] org.apache.catalina.startup.HostConfig.deployDescriptor The path attribute with value [/WebApplication1] in deployment descriptor [C:\apache-tomcat-9.0.87\conf\Catalina\localhost\WebApplication1#html.xml] has been ignored
11-Apr-2024 20:48:08.250 INFO [http-nio-8080-exec-57] org.apache.catalina.startup.HostConfig.deployDescriptor Deployment of deployment descriptor [C:\apache-tomcat-9.0.87\conf\Catalina\localhost\WebApplication1#html.xml] has finished in [53] ms
11-Apr-2024 20:48:14.140 INFO [http-nio-8080-exec-57] org.apache.catalina.startup.HostConfig.undeploy Repliegue (undeploy) de la aplicación web que tiene como trayectoria de contexto [/WebApplication1/html]
11-Apr-2024 20:48:14.157 INFO [http-nio-8080-exec-48] org.apache.catalina.startup.HostConfig.deployDescriptor Desplieque del descriptor de configuración [C:\apache-tomcat-9.0.87\conf\Catalina\localhost\WebApplication1.xml]
11-Apr-2024 20:48:14.158 WARNING [http-nio-8080-exec-48] org.apache.catalina.startup.HostConfig.deployDescriptor The path attribute with value [/WebApplication1] in deployment descriptor [C:\apache-tomcat-9.0.87\conf\Catalina\localhost\WebApplication1.xml] has been ignored
11-Apr-2024 20:48:14.208 INFO [http-nio-8080-exec-48] org.apache.catalina.startup.HostConfig.deployDescriptor Deployment of deployment descriptor [C:\apache-tomcat-9.0.87\conf\Catalina\localhost\WebApplication1.xml] has finished in [51] ms
11-Apr-2024 20:48:14.212 INFO [http-nio-8080-exec-42] org.apache.catalina.util.LifecycleBase.start The start() method was called on component [StandardEngine[Catalina].StandardHost[localhost].StandardContext[/WebApplication1]] after start() had already been called. The second call will be ignored.
11-Apr-2024 20:49:21.699 INFO [http-nio-8080-exec-48] org.apache.catalina.startup.HostConfig.undeploy Repliegue (undeploy) de la aplicación web que tiene como trayectoria de contexto [/WebApplication345]
11-Apr-2024 20:49:21.715 INFO [http-nio-8080-exec-44] org.apache.catalina.startup.HostConfig.deployDescriptor Desplieque del descriptor de configuración [C:\apache-tomcat-9.0.87\conf\Catalina\localhost\WebApplication345.xml]
11-Apr-2024 20:49:21.717 WARNING [http-nio-8080-exec-44] org.apache.catalina.startup.HostConfig.deployDescriptor The path attribute with value [/WebApplication345] in deployment descriptor [C:\apache-tomcat-9.0.87\conf\Catalina\localhost\WebApplication345.xml] has been ignored
11-Apr-2024 20:49:21.767 INFO [http-nio-8080-exec-44] org.apache.catalina.startup.HostConfig.deployDescriptor Deployment of deployment descriptor [C:\apache-tomcat-9.0.87\conf\Catalina\localhost\WebApplication345.xml] has finished in [52] ms
11-Apr-2024 20:49:21.770 INFO [http-nio-8080-exec-42] org.apache.catalina.util.LifecycleBase.start The start() method was called on component [StandardEngine[Catalina].StandardHost[localhost].StandardContext[/WebApplication345]] after start() had already been called. The second call will be ignored.
11-Apr-2024 21:54:45.837 INFO [http-nio-8080-exec-74] org.apache.catalina.startup.HostConfig.undeploy Repliegue (undeploy) de la aplicación web que tiene como trayectoria de contexto [/WebApplication1]
