16-Apr-2024 10:51:03.706 INFO [main] org.apache.catalina.startup.VersionLoggerListener.log Nombre de la versión del servidor: Apache Tomcat/9.0.87
16-Apr-2024 10:51:03.711 INFO [main] org.apache.catalina.startup.VersionLoggerListener.log Server built:                      Mar 11 2024 10:12:34 UTC
16-Apr-2024 10:51:03.712 INFO [main] org.apache.catalina.startup.VersionLoggerListener.log Número de versión de servidor:     9.0.87.0
16-Apr-2024 10:51:03.712 INFO [main] org.apache.catalina.startup.VersionLoggerListener.log OS Name:                           Windows 11
16-Apr-2024 10:51:03.712 INFO [main] org.apache.catalina.startup.VersionLoggerListener.log Versión de Systema Operativo:      10.0
16-Apr-2024 10:51:03.712 INFO [main] org.apache.catalina.startup.VersionLoggerListener.log Arquitectura:                      amd64
16-Apr-2024 10:51:03.712 INFO [main] org.apache.catalina.startup.VersionLoggerListener.log Java Home:                         C:\Program Files\Java\jdk-18.0.2
16-Apr-2024 10:51:03.712 INFO [main] org.apache.catalina.startup.VersionLoggerListener.log JVM Version:                       18.0.2+9-61
16-Apr-2024 10:51:03.712 INFO [main] org.apache.catalina.startup.VersionLoggerListener.log Vededor JVM:                       Oracle Corporation
16-Apr-2024 10:51:03.713 INFO [main] org.apache.catalina.startup.VersionLoggerListener.log CATALINA_BASE:                     C:\apache-tomcat-9.0.87
16-Apr-2024 10:51:03.713 INFO [main] org.apache.catalina.startup.VersionLoggerListener.log CATALINA_HOME:                     C:\apache-tomcat-9.0.87
16-Apr-2024 10:51:03.727 INFO [main] org.apache.catalina.startup.VersionLoggerListener.log Command line argument:             --add-opens=java.base/java.lang=ALL-UNNAMED
16-Apr-2024 10:51:03.727 INFO [main] org.apache.catalina.startup.VersionLoggerListener.log Command line argument:             --add-opens=java.base/java.io=ALL-UNNAMED
16-Apr-2024 10:51:03.727 INFO [main] org.apache.catalina.startup.VersionLoggerListener.log Command line argument:             --add-opens=java.base/java.util=ALL-UNNAMED
16-Apr-2024 10:51:03.727 INFO [main] org.apache.catalina.startup.VersionLoggerListener.log Command line argument:             --add-opens=java.base/java.util.concurrent=ALL-UNNAMED
16-Apr-2024 10:51:03.727 INFO [main] org.apache.catalina.startup.VersionLoggerListener.log Command line argument:             --add-opens=java.rmi/sun.rmi.transport=ALL-UNNAMED
16-Apr-2024 10:51:03.728 INFO [main] org.apache.catalina.startup.VersionLoggerListener.log Command line argument:             -Djava.util.logging.config.file=C:\apache-tomcat-9.0.87\conf\logging.properties
16-Apr-2024 10:51:03.728 INFO [main] org.apache.catalina.startup.VersionLoggerListener.log Command line argument:             -Djava.util.logging.manager=org.apache.juli.ClassLoaderLogManager
16-Apr-2024 10:51:03.728 INFO [main] org.apache.catalina.startup.VersionLoggerListener.log Command line argument:             -Dhttp.nonProxyHosts=localhost|127.0.0.1|LAPTOP-DV0HSCJM
16-Apr-2024 10:51:03.728 INFO [main] org.apache.catalina.startup.VersionLoggerListener.log Command line argument:             -Djdk.tls.ephemeralDHKeySize=2048
16-Apr-2024 10:51:03.728 INFO [main] org.apache.catalina.startup.VersionLoggerListener.log Command line argument:             -Djava.protocol.handler.pkgs=org.apache.catalina.webresources
16-Apr-2024 10:51:03.728 INFO [main] org.apache.catalina.startup.VersionLoggerListener.log Command line argument:             -Dignore.endorsed.dirs=
16-Apr-2024 10:51:03.729 INFO [main] org.apache.catalina.startup.VersionLoggerListener.log Command line argument:             -Dcatalina.base=C:\apache-tomcat-9.0.87
16-Apr-2024 10:51:03.729 INFO [main] org.apache.catalina.startup.VersionLoggerListener.log Command line argument:             -Dcatalina.home=C:\apache-tomcat-9.0.87
16-Apr-2024 10:51:03.729 INFO [main] org.apache.catalina.startup.VersionLoggerListener.log Command line argument:             -Djava.io.tmpdir=C:\apache-tomcat-9.0.87\temp
16-Apr-2024 10:51:03.833 INFO [main] org.apache.catalina.core.AprLifecycleListener.lifecycleEvent Cargada la biblioteca nativa APR de Apache Tomcat [1.3.0] con la versión APR [1.7.4].
16-Apr-2024 10:51:03.833 INFO [main] org.apache.catalina.core.AprLifecycleListener.lifecycleEvent Capacidades APR: IPv6 [true], enviar fichero [true], aceptar filtros [false], aleatorio [true], UDS [true].
16-Apr-2024 10:51:03.833 INFO [main] org.apache.catalina.core.AprLifecycleListener.lifecycleEvent APR/OpenSSL configuration: useAprConnector [false], useOpenSSL [true]
16-Apr-2024 10:51:03.843 INFO [main] org.apache.catalina.core.AprLifecycleListener.initializeSSL OpenSSL inicializado correctamente [OpenSSL 3.0.13 30 Jan 2024]
16-Apr-2024 10:51:04.240 INFO [main] org.apache.coyote.AbstractProtocol.init Inicializando el manejador de protocolo ["http-nio-8080"]

16-Apr-2024 10:51:04.278 INFO [main] org.apache.catalina.startup.Catalina.load Server initialization in [872] milliseconds
16-Apr-2024 10:51:04.377 INFO [main] org.apache.catalina.core.StandardService.startInternal Arrancando servicio [Catalina]
16-Apr-2024 10:51:04.377 INFO [main] org.apache.catalina.core.StandardEngine.startInternal Starting Servlet engine: [Apache Tomcat/9.0.87]
16-Apr-2024 10:51:04.393 INFO [main] org.apache.catalina.startup.HostConfig.deployDescriptor Desplieque del descriptor de configuración [C:\apache-tomcat-9.0.87\conf\Catalina\localhost\TIENDA-ONLINE-HS.xml]
16-Apr-2024 10:51:04.424 WARNING [main] org.apache.catalina.startup.HostConfig.deployDescriptor The path attribute with value [/TIENDA-ONLINE-HS] in deployment descriptor [C:\apache-tomcat-9.0.87\conf\Catalina\localhost\TIENDA-ONLINE-HS.xml] has been ignored
16-Apr-2024 10:51:05.902 INFO [main] org.apache.jasper.servlet.TldScanner.scanJars Al menos un JAR, que se ha explorado buscando TLDs, aún no contenía TLDs. Activar historial de depuración para este historiador para una completa lista de los JARs que fueron explorados y de los que nos se halló TLDs. Saltarse JARs no necesarios durante la exploración puede dar lugar a una mejora de tiempo significativa en el arranque y compilación de JSP .
16-Apr-2024 10:51:06.060 INFO [main] org.apache.catalina.startup.HostConfig.deployDescriptor Deployment of deployment descriptor [C:\apache-tomcat-9.0.87\conf\Catalina\localhost\TIENDA-ONLINE-HS.xml] has finished in [1.664] ms
16-Apr-2024 10:51:06.061 INFO [main] org.apache.catalina.startup.HostConfig.deployDescriptor Desplieque del descriptor de configuración [C:\apache-tomcat-9.0.87\conf\Catalina\localhost\web-HS#index.jsp.xml]
16-Apr-2024 10:51:06.063 WARNING [main] org.apache.catalina.startup.HostConfig.deployDescriptor The path attribute with value [/web-HS/index.jsp] in deployment descriptor [C:\apache-tomcat-9.0.87\conf\Catalina\localhost\web-HS#index.jsp.xml] has been ignored
16-Apr-2024 10:51:07.162 INFO [main] org.apache.jasper.servlet.TldScanner.scanJars Al menos un JAR, que se ha explorado buscando TLDs, aún no contenía TLDs. Activar historial de depuración para este historiador para una completa lista de los JARs que fueron explorados y de los que nos se halló TLDs. Saltarse JARs no necesarios durante la exploración puede dar lugar a una mejora de tiempo significativa en el arranque y compilación de JSP .
16-Apr-2024 10:51:07.169 INFO [main] org.apache.catalina.startup.HostConfig.deployDescriptor Deployment of deployment descriptor [C:\apache-tomcat-9.0.87\conf\Catalina\localhost\web-HS#index.jsp.xml] has finished in [1.107] ms
16-Apr-2024 10:51:07.169 INFO [main] org.apache.catalina.startup.HostConfig.deployDescriptor Desplieque del descriptor de configuración [C:\apache-tomcat-9.0.87\conf\Catalina\localhost\web-HS.xml]
16-Apr-2024 10:51:07.170 WARNING [main] org.apache.catalina.startup.HostConfig.deployDescriptor The path attribute with value [/web-HS] in deployment descriptor [C:\apache-tomcat-9.0.87\conf\Catalina\localhost\web-HS.xml] has been ignored
16-Apr-2024 10:51:08.161 INFO [main] org.apache.jasper.servlet.TldScanner.scanJars Al menos un JAR, que se ha explorado buscando TLDs, aún no contenía TLDs. Activar historial de depuración para este historiador para una completa lista de los JARs que fueron explorados y de los que nos se halló TLDs. Saltarse JARs no necesarios durante la exploración puede dar lugar a una mejora de tiempo significativa en el arranque y compilación de JSP .
16-Apr-2024 10:51:08.165 INFO [main] org.apache.catalina.startup.HostConfig.deployDescriptor Deployment of deployment descriptor [C:\apache-tomcat-9.0.87\conf\Catalina\localhost\web-HS.xml] has finished in [996] ms
16-Apr-2024 10:51:08.166 INFO [main] org.apache.catalina.startup.HostConfig.deployDescriptor Desplieque del descriptor de configuración [C:\apache-tomcat-9.0.87\conf\Catalina\localhost\WebApplicationHPUETA#HTML.xml]
16-Apr-2024 10:51:08.168 WARNING [main] org.apache.catalina.startup.HostConfig.deployDescriptor The path attribute with value [/WebApplicationHPUETA/HTML] in deployment descriptor [C:\apache-tomcat-9.0.87\conf\Catalina\localhost\WebApplicationHPUETA#HTML.xml] has been ignored
16-Apr-2024 10:51:08.229 INFO [main] org.apache.catalina.startup.HostConfig.deployDescriptor Deployment of deployment descriptor [C:\apache-tomcat-9.0.87\conf\Catalina\localhost\WebApplicationHPUETA#HTML.xml] has finished in [64] ms
16-Apr-2024 10:51:08.229 INFO [main] org.apache.catalina.startup.HostConfig.deployDescriptor Desplieque del descriptor de configuración [C:\apache-tomcat-9.0.87\conf\Catalina\localhost\WebApplicationHPUETA#Web Pages#HTML.xml]
16-Apr-2024 10:51:08.231 WARNING [main] org.apache.catalina.core.StandardContext.setPath Una ruta de contexto debe de ser o una cadena vacía o comenzar con "/". La ruta [WebApplicationHPUETA/Web Pages/HTML] no cumple con estos criterios y ha sido cambiada por [/WebApplicationHPUETA/Web Pages/HTML]
16-Apr-2024 10:51:08.232 WARNING [main] org.apache.catalina.startup.HostConfig.deployDescriptor The path attribute with value [/WebApplicationHPUETA/Web Pages/HTML] in deployment descriptor [C:\apache-tomcat-9.0.87\conf\Catalina\localhost\WebApplicationHPUETA#Web Pages#HTML.xml] has been ignored
16-Apr-2024 10:51:08.305 INFO [main] org.apache.catalina.startup.HostConfig.deployDescriptor Deployment of deployment descriptor [C:\apache-tomcat-9.0.87\conf\Catalina\localhost\WebApplicationHPUETA#Web Pages#HTML.xml] has finished in [76] ms
16-Apr-2024 10:51:08.307 INFO [main] org.apache.catalina.startup.HostConfig.deployDirectory Desplegando el directorio [C:\apache-tomcat-9.0.87\webapps\docs] de la aplicación web
16-Apr-2024 10:51:08.371 INFO [main] org.apache.catalina.startup.HostConfig.deployDirectory Deployment of web application directory [C:\apache-tomcat-9.0.87\webapps\docs] has finished in [64] ms
16-Apr-2024 10:51:08.372 INFO [main] org.apache.catalina.startup.HostConfig.deployDirectory Desplegando el directorio [C:\apache-tomcat-9.0.87\webapps\examples] de la aplicación web
16-Apr-2024 10:51:09.370 INFO [main] org.apache.catalina.startup.HostConfig.deployDirectory Deployment of web application directory [C:\apache-tomcat-9.0.87\webapps\examples] has finished in [997] ms
16-Apr-2024 10:51:09.370 INFO [main] org.apache.catalina.startup.HostConfig.deployDirectory Desplegando el directorio [C:\apache-tomcat-9.0.87\webapps\host-manager] de la aplicación web
16-Apr-2024 10:51:09.439 INFO [main] org.apache.catalina.startup.HostConfig.deployDirectory Deployment of web application directory [C:\apache-tomcat-9.0.87\webapps\host-manager] has finished in [69] ms
16-Apr-2024 10:51:09.440 INFO [main] org.apache.catalina.startup.HostConfig.deployDirectory Desplegando el directorio [C:\apache-tomcat-9.0.87\webapps\manager] de la aplicación web
16-Apr-2024 10:51:09.506 INFO [main] org.apache.catalina.startup.HostConfig.deployDirectory Deployment of web application directory [C:\apache-tomcat-9.0.87\webapps\manager] has finished in [67] ms
16-Apr-2024 10:51:09.515 INFO [main] org.apache.coyote.AbstractProtocol.start Starting ProtocolHandler ["http-nio-8080"]
16-Apr-2024 10:51:09.593 INFO [main] org.apache.catalina.startup.Catalina.start Server startup in [5313] milliseconds
16-Apr-2024 10:51:11.942 INFO [http-nio-8080-exec-9] org.apache.catalina.startup.HostConfig.undeploy Repliegue (undeploy) de la aplicación web que tiene como trayectoria de contexto [/TIENDA-ONLINE-HS]
16-Apr-2024 10:51:12.016 INFO [http-nio-8080-exec-4] org.apache.catalina.startup.HostConfig.deployDescriptor Desplieque del descriptor de configuración [C:\apache-tomcat-9.0.87\conf\Catalina\localhost\TIENDA-ONLINE-HS.xml]
16-Apr-2024 10:51:12.023 WARNING [http-nio-8080-exec-4] org.apache.catalina.startup.HostConfig.deployDescriptor The path attribute with value [/TIENDA-ONLINE-HS] in deployment descriptor [C:\apache-tomcat-9.0.87\conf\Catalina\localhost\TIENDA-ONLINE-HS.xml] has been ignored
16-Apr-2024 10:51:12.967 INFO [http-nio-8080-exec-4] org.apache.jasper.servlet.TldScanner.scanJars Al menos un JAR, que se ha explorado buscando TLDs, aún no contenía TLDs. Activar historial de depuración para este historiador para una completa lista de los JARs que fueron explorados y de los que nos se halló TLDs. Saltarse JARs no necesarios durante la exploración puede dar lugar a una mejora de tiempo significativa en el arranque y compilación de JSP .
16-Apr-2024 10:51:12.972 INFO [http-nio-8080-exec-4] org.apache.catalina.startup.HostConfig.deployDescriptor Deployment of deployment descriptor [C:\apache-tomcat-9.0.87\conf\Catalina\localhost\TIENDA-ONLINE-HS.xml] has finished in [955] ms
16-Apr-2024 10:51:59.020 WARNING [http-nio-8080-exec-5] org.apache.catalina.connector.Request.recycle Failed to deleted temporary file used for part [imagen]
	java.io.UncheckedIOException: Cannot delete C:\apache-tomcat-9.0.87\work\Catalina\localhost\TIENDA-ONLINE-HS\upload_f6698d7b_8dc5_4141_9baa_df76ff61a1c7_00000002.tmp
		at org.apache.tomcat.util.http.fileupload.disk.DiskFileItem.delete(DiskFileItem.java:428)
		at org.apache.catalina.core.ApplicationPart.delete(ApplicationPart.java:53)
		at org.apache.catalina.connector.Request.recycle(Request.java:475)
		at org.apache.catalina.connector.CoyoteAdapter.service(CoyoteAdapter.java:424)
		at org.apache.coyote.http11.Http11Processor.service(Http11Processor.java:390)
		at org.apache.coyote.AbstractProcessorLight.process(AbstractProcessorLight.java:63)
		at org.apache.coyote.AbstractProtocol$ConnectionHandler.process(AbstractProtocol.java:928)
		at org.apache.tomcat.util.net.NioEndpoint$SocketProcessor.doRun(NioEndpoint.java:1786)
		at org.apache.tomcat.util.net.SocketProcessorBase.run(SocketProcessorBase.java:52)
		at org.apache.tomcat.util.threads.ThreadPoolExecutor.runWorker(ThreadPoolExecutor.java:1191)
		at org.apache.tomcat.util.threads.ThreadPoolExecutor$Worker.run(ThreadPoolExecutor.java:659)
		at org.apache.tomcat.util.threads.TaskThread$WrappingRunnable.run(TaskThread.java:63)
		at java.base/java.lang.Thread.run(Thread.java:833)
	Caused by: java.io.IOException: Cannot delete C:\apache-tomcat-9.0.87\work\Catalina\localhost\TIENDA-ONLINE-HS\upload_f6698d7b_8dc5_4141_9baa_df76ff61a1c7_00000002.tmp
		... 13 more
16-Apr-2024 11:17:13.670 INFO [main] org.apache.catalina.core.StandardServer.await Se ha recibido un comando de apagado a través del puerto de apagado. Parando la instancia del Servidor.
16-Apr-2024 11:17:13.671 INFO [main] org.apache.coyote.AbstractProtocol.pause Pausing ProtocolHandler ["http-nio-8080"]
16-Apr-2024 11:17:13.681 INFO [main] org.apache.catalina.core.StandardService.stopInternal Parando servicio [Catalina]
16-Apr-2024 11:17:13.703 WARNING [main] org.apache.catalina.loader.WebappClassLoaderBase.clearReferencesThreads The web application [web-HS] appears to have started a thread named [mysql-cj-abandoned-connection-cleanup] but has failed to stop it. This is very likely to create a memory leak. Stack trace of thread:
 java.base@18.0.2/java.io.WinNTFileSystem.canonicalize0(Native Method)
 java.base@18.0.2/java.io.WinNTFileSystem.canonicalize(WinNTFileSystem.java:462)
 java.base@18.0.2/java.io.File.getCanonicalPath(File.java:626)
 org.apache.catalina.webresources.AbstractFileResourceSet.file(AbstractFileResourceSet.java:94)
 org.apache.catalina.webresources.DirResourceSet.getResource(DirResourceSet.java:94)
 org.apache.catalina.webresources.StandardRoot.getResourceInternal(StandardRoot.java:272)
 org.apache.catalina.webresources.CachedResource.validateResource(CachedResource.java:105)
 org.apache.catalina.webresources.Cache.getResource(Cache.java:96)
 org.apache.catalina.webresources.StandardRoot.getResource(StandardRoot.java:211)
 org.apache.catalina.webresources.StandardRoot.getClassLoaderResource(StandardRoot.java:220)
 org.apache.catalina.loader.WebappClassLoaderBase.findResource(WebappClassLoaderBase.java:885)
 org.apache.catalina.loader.WebappClassLoaderBase.getResource(WebappClassLoaderBase.java:1002)
 com.mysql.cj.jdbc.AbandonedConnectionCleanupThread.checkThreadContextClassLoader(AbandonedConnectionCleanupThread.java:125)
 com.mysql.cj.jdbc.AbandonedConnectionCleanupThread.run(AbandonedConnectionCleanupThread.java:92)
 java.base@18.0.2/java.util.concurrent.ThreadPoolExecutor.runWorker(ThreadPoolExecutor.java:1136)
 java.base@18.0.2/java.util.concurrent.ThreadPoolExecutor$Worker.run(ThreadPoolExecutor.java:635)
 java.base@18.0.2/java.lang.Thread.run(Thread.java:833)
16-Apr-2024 11:17:13.726 WARNING [main] org.apache.catalina.loader.WebappClassLoaderBase.clearReferencesJdbc La aplicación web [TIENDA-ONLINE-HS] registró el conductor JDBC [com.mysql.cj.jdbc.Driver] pero falló al anular el registro mientras la aplicación web estaba parada. Para prevenir un fallo de memoria, se ha anulado el registro del conductor JDBC por la fuerza.
16-Apr-2024 11:17:13.727 WARNING [main] org.apache.catalina.loader.WebappClassLoaderBase.clearReferencesThreads The web application [TIENDA-ONLINE-HS] appears to have started a thread named [mysql-cj-abandoned-connection-cleanup] but has failed to stop it. This is very likely to create a memory leak. Stack trace of thread:
 java.base@18.0.2/java.lang.Object.wait(Native Method)
 java.base@18.0.2/java.lang.ref.ReferenceQueue.remove(ReferenceQueue.java:155)
 com.mysql.cj.jdbc.AbandonedConnectionCleanupThread.run(AbandonedConnectionCleanupThread.java:93)
 java.base@18.0.2/java.util.concurrent.ThreadPoolExecutor.runWorker(ThreadPoolExecutor.java:1136)
 java.base@18.0.2/java.util.concurrent.ThreadPoolExecutor$Worker.run(ThreadPoolExecutor.java:635)
 java.base@18.0.2/java.lang.Thread.run(Thread.java:833)
16-Apr-2024 11:17:13.743 INFO [main] org.apache.coyote.AbstractProtocol.stop Stopping ProtocolHandler ["http-nio-8080"]
16-Apr-2024 11:17:13.760 INFO [main] org.apache.coyote.AbstractProtocol.destroy Destroying ProtocolHandler ["http-nio-8080"]
16-Apr-2024 11:46:37.846 INFO [main] org.apache.catalina.startup.VersionLoggerListener.log Nombre de la versión del servidor: Apache Tomcat/9.0.87
16-Apr-2024 11:46:37.854 INFO [main] org.apache.catalina.startup.VersionLoggerListener.log Server built:                      Mar 11 2024 10:12:34 UTC
16-Apr-2024 11:46:37.854 INFO [main] org.apache.catalina.startup.VersionLoggerListener.log Número de versión de servidor:     9.0.87.0
16-Apr-2024 11:46:37.854 INFO [main] org.apache.catalina.startup.VersionLoggerListener.log OS Name:                           Windows 11
16-Apr-2024 11:46:37.855 INFO [main] org.apache.catalina.startup.VersionLoggerListener.log Versión de Systema Operativo:      10.0
16-Apr-2024 11:46:37.855 INFO [main] org.apache.catalina.startup.VersionLoggerListener.log Arquitectura:                      amd64
16-Apr-2024 11:46:37.855 INFO [main] org.apache.catalina.startup.VersionLoggerListener.log Java Home:                         C:\Program Files\Java\jdk-18.0.2
16-Apr-2024 11:46:37.855 INFO [main] org.apache.catalina.startup.VersionLoggerListener.log JVM Version:                       18.0.2+9-61
16-Apr-2024 11:46:37.855 INFO [main] org.apache.catalina.startup.VersionLoggerListener.log Vededor JVM:                       Oracle Corporation
16-Apr-2024 11:46:37.855 INFO [main] org.apache.catalina.startup.VersionLoggerListener.log CATALINA_BASE:                     C:\apache-tomcat-9.0.87
16-Apr-2024 11:46:37.856 INFO [main] org.apache.catalina.startup.VersionLoggerListener.log CATALINA_HOME:                     C:\apache-tomcat-9.0.87
16-Apr-2024 11:46:37.876 INFO [main] org.apache.catalina.startup.VersionLoggerListener.log Command line argument:             --add-opens=java.base/java.lang=ALL-UNNAMED
16-Apr-2024 11:46:37.876 INFO [main] org.apache.catalina.startup.VersionLoggerListener.log Command line argument:             --add-opens=java.base/java.io=ALL-UNNAMED
16-Apr-2024 11:46:37.877 INFO [main] org.apache.catalina.startup.VersionLoggerListener.log Command line argument:             --add-opens=java.base/java.util=ALL-UNNAMED
16-Apr-2024 11:46:37.877 INFO [main] org.apache.catalina.startup.VersionLoggerListener.log Command line argument:             --add-opens=java.base/java.util.concurrent=ALL-UNNAMED
16-Apr-2024 11:46:37.877 INFO [main] org.apache.catalina.startup.VersionLoggerListener.log Command line argument:             --add-opens=java.rmi/sun.rmi.transport=ALL-UNNAMED
16-Apr-2024 11:46:37.877 INFO [main] org.apache.catalina.startup.VersionLoggerListener.log Command line argument:             -Djava.util.logging.config.file=C:\apache-tomcat-9.0.87\conf\logging.properties
16-Apr-2024 11:46:37.877 INFO [main] org.apache.catalina.startup.VersionLoggerListener.log Command line argument:             -Djava.util.logging.manager=org.apache.juli.ClassLoaderLogManager
16-Apr-2024 11:46:37.877 INFO [main] org.apache.catalina.startup.VersionLoggerListener.log Command line argument:             -Dhttp.nonProxyHosts=localhost|127.0.0.1|LAPTOP-DV0HSCJM
16-Apr-2024 11:46:37.878 INFO [main] org.apache.catalina.startup.VersionLoggerListener.log Command line argument:             -Djdk.tls.ephemeralDHKeySize=2048
16-Apr-2024 11:46:37.878 INFO [main] org.apache.catalina.startup.VersionLoggerListener.log Command line argument:             -Djava.protocol.handler.pkgs=org.apache.catalina.webresources
16-Apr-2024 11:46:37.878 INFO [main] org.apache.catalina.startup.VersionLoggerListener.log Command line argument:             -Dignore.endorsed.dirs=
16-Apr-2024 11:46:37.878 INFO [main] org.apache.catalina.startup.VersionLoggerListener.log Command line argument:             -Dcatalina.base=C:\apache-tomcat-9.0.87
16-Apr-2024 11:46:37.878 INFO [main] org.apache.catalina.startup.VersionLoggerListener.log Command line argument:             -Dcatalina.home=C:\apache-tomcat-9.0.87
16-Apr-2024 11:46:37.878 INFO [main] org.apache.catalina.startup.VersionLoggerListener.log Command line argument:             -Djava.io.tmpdir=C:\apache-tomcat-9.0.87\temp
16-Apr-2024 11:46:37.884 INFO [main] org.apache.catalina.core.AprLifecycleListener.lifecycleEvent Cargada la biblioteca nativa APR de Apache Tomcat [1.3.0] con la versión APR [1.7.4].
16-Apr-2024 11:46:37.891 INFO [main] org.apache.catalina.core.AprLifecycleListener.lifecycleEvent Capacidades APR: IPv6 [true], enviar fichero [true], aceptar filtros [false], aleatorio [true], UDS [true].
16-Apr-2024 11:46:37.891 INFO [main] org.apache.catalina.core.AprLifecycleListener.lifecycleEvent APR/OpenSSL configuration: useAprConnector [false], useOpenSSL [true]
16-Apr-2024 11:46:37.904 INFO [main] org.apache.catalina.core.AprLifecycleListener.initializeSSL OpenSSL inicializado correctamente [OpenSSL 3.0.13 30 Jan 2024]
16-Apr-2024 11:46:38.323 INFO [main] org.apache.coyote.AbstractProtocol.init Inicializando el manejador de protocolo ["http-nio-8080"]

16-Apr-2024 11:46:38.354 INFO [main] org.apache.catalina.startup.Catalina.load Server initialization in [859] milliseconds
16-Apr-2024 11:46:38.450 INFO [main] org.apache.catalina.core.StandardService.startInternal Arrancando servicio [Catalina]
16-Apr-2024 11:46:38.450 INFO [main] org.apache.catalina.core.StandardEngine.startInternal Starting Servlet engine: [Apache Tomcat/9.0.87]
16-Apr-2024 11:46:38.471 INFO [main] org.apache.catalina.startup.HostConfig.deployDescriptor Desplieque del descriptor de configuración [C:\apache-tomcat-9.0.87\conf\Catalina\localhost\TIENDA-ONLINE-HS.xml]
16-Apr-2024 11:46:38.499 WARNING [main] org.apache.catalina.startup.HostConfig.deployDescriptor The path attribute with value [/TIENDA-ONLINE-HS] in deployment descriptor [C:\apache-tomcat-9.0.87\conf\Catalina\localhost\TIENDA-ONLINE-HS.xml] has been ignored
16-Apr-2024 11:46:39.943 INFO [main] org.apache.jasper.servlet.TldScanner.scanJars Al menos un JAR, que se ha explorado buscando TLDs, aún no contenía TLDs. Activar historial de depuración para este historiador para una completa lista de los JARs que fueron explorados y de los que nos se halló TLDs. Saltarse JARs no necesarios durante la exploración puede dar lugar a una mejora de tiempo significativa en el arranque y compilación de JSP .
16-Apr-2024 11:46:40.095 INFO [main] org.apache.catalina.startup.HostConfig.deployDescriptor Deployment of deployment descriptor [C:\apache-tomcat-9.0.87\conf\Catalina\localhost\TIENDA-ONLINE-HS.xml] has finished in [1.621] ms
16-Apr-2024 11:46:40.095 INFO [main] org.apache.catalina.startup.HostConfig.deployDescriptor Desplieque del descriptor de configuración [C:\apache-tomcat-9.0.87\conf\Catalina\localhost\web-HS#index.jsp.xml]
16-Apr-2024 11:46:40.097 WARNING [main] org.apache.catalina.startup.HostConfig.deployDescriptor The path attribute with value [/web-HS/index.jsp] in deployment descriptor [C:\apache-tomcat-9.0.87\conf\Catalina\localhost\web-HS#index.jsp.xml] has been ignored
16-Apr-2024 11:46:41.187 INFO [main] org.apache.jasper.servlet.TldScanner.scanJars Al menos un JAR, que se ha explorado buscando TLDs, aún no contenía TLDs. Activar historial de depuración para este historiador para una completa lista de los JARs que fueron explorados y de los que nos se halló TLDs. Saltarse JARs no necesarios durante la exploración puede dar lugar a una mejora de tiempo significativa en el arranque y compilación de JSP .
16-Apr-2024 11:46:41.192 INFO [main] org.apache.catalina.startup.HostConfig.deployDescriptor Deployment of deployment descriptor [C:\apache-tomcat-9.0.87\conf\Catalina\localhost\web-HS#index.jsp.xml] has finished in [1.097] ms
16-Apr-2024 11:46:41.192 INFO [main] org.apache.catalina.startup.HostConfig.deployDescriptor Desplieque del descriptor de configuración [C:\apache-tomcat-9.0.87\conf\Catalina\localhost\web-HS.xml]
16-Apr-2024 11:46:41.194 WARNING [main] org.apache.catalina.startup.HostConfig.deployDescriptor The path attribute with value [/web-HS] in deployment descriptor [C:\apache-tomcat-9.0.87\conf\Catalina\localhost\web-HS.xml] has been ignored
16-Apr-2024 11:46:42.252 INFO [main] org.apache.jasper.servlet.TldScanner.scanJars Al menos un JAR, que se ha explorado buscando TLDs, aún no contenía TLDs. Activar historial de depuración para este historiador para una completa lista de los JARs que fueron explorados y de los que nos se halló TLDs. Saltarse JARs no necesarios durante la exploración puede dar lugar a una mejora de tiempo significativa en el arranque y compilación de JSP .
16-Apr-2024 11:46:42.257 INFO [main] org.apache.catalina.startup.HostConfig.deployDescriptor Deployment of deployment descriptor [C:\apache-tomcat-9.0.87\conf\Catalina\localhost\web-HS.xml] has finished in [1.064] ms
16-Apr-2024 11:46:42.257 INFO [main] org.apache.catalina.startup.HostConfig.deployDescriptor Desplieque del descriptor de configuración [C:\apache-tomcat-9.0.87\conf\Catalina\localhost\WebApplicationHPUETA#HTML.xml]
16-Apr-2024 11:46:42.259 WARNING [main] org.apache.catalina.startup.HostConfig.deployDescriptor The path attribute with value [/WebApplicationHPUETA/HTML] in deployment descriptor [C:\apache-tomcat-9.0.87\conf\Catalina\localhost\WebApplicationHPUETA#HTML.xml] has been ignored
16-Apr-2024 11:46:42.312 INFO [main] org.apache.catalina.startup.HostConfig.deployDescriptor Deployment of deployment descriptor [C:\apache-tomcat-9.0.87\conf\Catalina\localhost\WebApplicationHPUETA#HTML.xml] has finished in [55] ms
16-Apr-2024 11:46:42.312 INFO [main] org.apache.catalina.startup.HostConfig.deployDescriptor Desplieque del descriptor de configuración [C:\apache-tomcat-9.0.87\conf\Catalina\localhost\WebApplicationHPUETA#Web Pages#HTML.xml]
16-Apr-2024 11:46:42.314 WARNING [main] org.apache.catalina.core.StandardContext.setPath Una ruta de contexto debe de ser o una cadena vacía o comenzar con "/". La ruta [WebApplicationHPUETA/Web Pages/HTML] no cumple con estos criterios y ha sido cambiada por [/WebApplicationHPUETA/Web Pages/HTML]
16-Apr-2024 11:46:42.314 WARNING [main] org.apache.catalina.startup.HostConfig.deployDescriptor The path attribute with value [/WebApplicationHPUETA/Web Pages/HTML] in deployment descriptor [C:\apache-tomcat-9.0.87\conf\Catalina\localhost\WebApplicationHPUETA#Web Pages#HTML.xml] has been ignored
16-Apr-2024 11:46:42.368 INFO [main] org.apache.catalina.startup.HostConfig.deployDescriptor Deployment of deployment descriptor [C:\apache-tomcat-9.0.87\conf\Catalina\localhost\WebApplicationHPUETA#Web Pages#HTML.xml] has finished in [55] ms
16-Apr-2024 11:46:42.369 INFO [main] org.apache.catalina.startup.HostConfig.deployDirectory Desplegando el directorio [C:\apache-tomcat-9.0.87\webapps\docs] de la aplicación web
16-Apr-2024 11:46:42.409 INFO [main] org.apache.catalina.startup.HostConfig.deployDirectory Deployment of web application directory [C:\apache-tomcat-9.0.87\webapps\docs] has finished in [40] ms
16-Apr-2024 11:46:42.409 INFO [main] org.apache.catalina.startup.HostConfig.deployDirectory Desplegando el directorio [C:\apache-tomcat-9.0.87\webapps\examples] de la aplicación web
16-Apr-2024 11:46:42.986 INFO [main] org.apache.catalina.startup.HostConfig.deployDirectory Deployment of web application directory [C:\apache-tomcat-9.0.87\webapps\examples] has finished in [576] ms
16-Apr-2024 11:46:42.986 INFO [main] org.apache.catalina.startup.HostConfig.deployDirectory Desplegando el directorio [C:\apache-tomcat-9.0.87\webapps\host-manager] de la aplicación web
16-Apr-2024 11:46:43.046 INFO [main] org.apache.catalina.startup.HostConfig.deployDirectory Deployment of web application directory [C:\apache-tomcat-9.0.87\webapps\host-manager] has finished in [59] ms
16-Apr-2024 11:46:43.046 INFO [main] org.apache.catalina.startup.HostConfig.deployDirectory Desplegando el directorio [C:\apache-tomcat-9.0.87\webapps\manager] de la aplicación web
16-Apr-2024 11:46:43.102 INFO [main] org.apache.catalina.startup.HostConfig.deployDirectory Deployment of web application directory [C:\apache-tomcat-9.0.87\webapps\manager] has finished in [56] ms
16-Apr-2024 11:46:43.111 INFO [main] org.apache.coyote.AbstractProtocol.start Starting ProtocolHandler ["http-nio-8080"]
16-Apr-2024 11:46:43.184 INFO [main] org.apache.catalina.startup.Catalina.start Server startup in [4827] milliseconds
16-Apr-2024 11:46:45.563 INFO [http-nio-8080-exec-10] org.apache.catalina.core.StandardContext.reload Ha comenzado la recarga de Contexto [/TIENDA-ONLINE-HS]
16-Apr-2024 11:46:46.509 INFO [http-nio-8080-exec-10] org.apache.jasper.servlet.TldScanner.scanJars Al menos un JAR, que se ha explorado buscando TLDs, aún no contenía TLDs. Activar historial de depuración para este historiador para una completa lista de los JARs que fueron explorados y de los que nos se halló TLDs. Saltarse JARs no necesarios durante la exploración puede dar lugar a una mejora de tiempo significativa en el arranque y compilación de JSP .
16-Apr-2024 11:46:46.516 INFO [http-nio-8080-exec-10] org.apache.catalina.core.StandardContext.reload Se ha completado la recarga de este Contexto
16-Apr-2024 11:48:13.173 WARNING [http-nio-8080-exec-12] org.apache.catalina.connector.Request.recycle Failed to deleted temporary file used for part [imagen]
	java.io.UncheckedIOException: Cannot delete C:\apache-tomcat-9.0.87\work\Catalina\localhost\TIENDA-ONLINE-HS\upload_3b4e769b_39c3_4073_ad53_d2929579c068_00000002.tmp
		at org.apache.tomcat.util.http.fileupload.disk.DiskFileItem.delete(DiskFileItem.java:428)
		at org.apache.catalina.core.ApplicationPart.delete(ApplicationPart.java:53)
		at org.apache.catalina.connector.Request.recycle(Request.java:475)
		at org.apache.catalina.connector.CoyoteAdapter.service(CoyoteAdapter.java:424)
		at org.apache.coyote.http11.Http11Processor.service(Http11Processor.java:390)
		at org.apache.coyote.AbstractProcessorLight.process(AbstractProcessorLight.java:63)
		at org.apache.coyote.AbstractProtocol$ConnectionHandler.process(AbstractProtocol.java:928)
		at org.apache.tomcat.util.net.NioEndpoint$SocketProcessor.doRun(NioEndpoint.java:1786)
		at org.apache.tomcat.util.net.SocketProcessorBase.run(SocketProcessorBase.java:52)
		at org.apache.tomcat.util.threads.ThreadPoolExecutor.runWorker(ThreadPoolExecutor.java:1191)
		at org.apache.tomcat.util.threads.ThreadPoolExecutor$Worker.run(ThreadPoolExecutor.java:659)
		at org.apache.tomcat.util.threads.TaskThread$WrappingRunnable.run(TaskThread.java:63)
		at java.base/java.lang.Thread.run(Thread.java:833)
	Caused by: java.io.IOException: Cannot delete C:\apache-tomcat-9.0.87\work\Catalina\localhost\TIENDA-ONLINE-HS\upload_3b4e769b_39c3_4073_ad53_d2929579c068_00000002.tmp
		... 13 more
16-Apr-2024 11:49:26.911 WARNING [http-nio-8080-exec-15] org.apache.catalina.connector.Request.recycle Failed to deleted temporary file used for part [imagen]
	java.io.UncheckedIOException: Cannot delete C:\apache-tomcat-9.0.87\work\Catalina\localhost\TIENDA-ONLINE-HS\upload_3b4e769b_39c3_4073_ad53_d2929579c068_00000010.tmp
		at org.apache.tomcat.util.http.fileupload.disk.DiskFileItem.delete(DiskFileItem.java:428)
		at org.apache.catalina.core.ApplicationPart.delete(ApplicationPart.java:53)
		at org.apache.catalina.connector.Request.recycle(Request.java:475)
		at org.apache.catalina.connector.CoyoteAdapter.service(CoyoteAdapter.java:424)
		at org.apache.coyote.http11.Http11Processor.service(Http11Processor.java:390)
		at org.apache.coyote.AbstractProcessorLight.process(AbstractProcessorLight.java:63)
		at org.apache.coyote.AbstractProtocol$ConnectionHandler.process(AbstractProtocol.java:928)
		at org.apache.tomcat.util.net.NioEndpoint$SocketProcessor.doRun(NioEndpoint.java:1786)
		at org.apache.tomcat.util.net.SocketProcessorBase.run(SocketProcessorBase.java:52)
		at org.apache.tomcat.util.threads.ThreadPoolExecutor.runWorker(ThreadPoolExecutor.java:1191)
		at org.apache.tomcat.util.threads.ThreadPoolExecutor$Worker.run(ThreadPoolExecutor.java:659)
		at org.apache.tomcat.util.threads.TaskThread$WrappingRunnable.run(TaskThread.java:63)
		at java.base/java.lang.Thread.run(Thread.java:833)
	Caused by: java.io.IOException: Cannot delete C:\apache-tomcat-9.0.87\work\Catalina\localhost\TIENDA-ONLINE-HS\upload_3b4e769b_39c3_4073_ad53_d2929579c068_00000010.tmp
		... 13 more
16-Apr-2024 11:49:51.074 WARNING [http-nio-8080-exec-11] org.apache.catalina.loader.WebappClassLoaderBase.clearReferencesJdbc La aplicación web [TIENDA-ONLINE-HS] registró el conductor JDBC [com.mysql.cj.jdbc.Driver] pero falló al anular el registro mientras la aplicación web estaba parada. Para prevenir un fallo de memoria, se ha anulado el registro del conductor JDBC por la fuerza.
16-Apr-2024 11:49:51.075 WARNING [http-nio-8080-exec-11] org.apache.catalina.loader.WebappClassLoaderBase.clearReferencesThreads The web application [TIENDA-ONLINE-HS] appears to have started a thread named [mysql-cj-abandoned-connection-cleanup] but has failed to stop it. This is very likely to create a memory leak. Stack trace of thread:
 java.base@18.0.2/java.lang.Object.wait(Native Method)
 java.base@18.0.2/java.lang.ref.ReferenceQueue.remove(ReferenceQueue.java:155)
 com.mysql.cj.jdbc.AbandonedConnectionCleanupThread.run(AbandonedConnectionCleanupThread.java:93)
 java.base@18.0.2/java.util.concurrent.ThreadPoolExecutor.runWorker(ThreadPoolExecutor.java:1136)
 java.base@18.0.2/java.util.concurrent.ThreadPoolExecutor$Worker.run(ThreadPoolExecutor.java:635)
 java.base@18.0.2/java.lang.Thread.run(Thread.java:833)
16-Apr-2024 11:49:51.584 INFO [http-nio-8080-exec-11] org.apache.catalina.startup.HostConfig.undeploy Repliegue (undeploy) de la aplicación web que tiene como trayectoria de contexto [/TIENDA-ONLINE-HS]
16-Apr-2024 11:49:51.596 SEVERE [http-nio-8080-exec-11] org.apache.catalina.startup.ExpandWar.deleteDir [C:\apache-tomcat-9.0.87\work\Catalina\localhost\TIENDA-ONLINE-HS] no pudo ser completamente borrado. La presencia de los ficheros restantes puede causar problemas
16-Apr-2024 11:49:51.596 SEVERE [http-nio-8080-exec-11] org.apache.catalina.startup.ExpandWar.delete [C:\apache-tomcat-9.0.87\work\Catalina\localhost\TIENDA-ONLINE-HS] no pudo ser completamente borrado. La presencia de los ficheros restantes puede causar problemas
16-Apr-2024 11:49:52.621 INFO [mysql-cj-abandoned-connection-cleanup] org.apache.catalina.loader.WebappClassLoaderBase.checkStateForResourceLoading Acceso ilegal: esta instancia de aplicación web ya ha sido parada.  Could not load [].  La eventual traza de pila que sigue ha sido motivada por un error lanzado con motivos de depuración así como para intentar terminar el hilo que motivó el acceso ilegal y no tiene impacto funcional.
	java.lang.IllegalStateException: Acceso ilegal: esta instancia de aplicación web ya ha sido parada.  Could not load [].  La eventual traza de pila que sigue ha sido motivada por un error lanzado con motivos de depuración así como para intentar terminar el hilo que motivó el acceso ilegal y no tiene impacto funcional.
		at org.apache.catalina.loader.WebappClassLoaderBase.checkStateForResourceLoading(WebappClassLoaderBase.java:1349)
		at org.apache.catalina.loader.WebappClassLoaderBase.getResource(WebappClassLoaderBase.java:981)
		at com.mysql.cj.jdbc.AbandonedConnectionCleanupThread.checkThreadContextClassLoader(AbandonedConnectionCleanupThread.java:125)
		at com.mysql.cj.jdbc.AbandonedConnectionCleanupThread.run(AbandonedConnectionCleanupThread.java:92)
		at java.base/java.util.concurrent.ThreadPoolExecutor.runWorker(ThreadPoolExecutor.java:1136)
		at java.base/java.util.concurrent.ThreadPoolExecutor$Worker.run(ThreadPoolExecutor.java:635)
		at java.base/java.lang.Thread.run(Thread.java:833)
16-Apr-2024 11:49:55.354 INFO [http-nio-8080-exec-14] org.apache.catalina.startup.HostConfig.deployDescriptor Desplieque del descriptor de configuración [C:\apache-tomcat-9.0.87\conf\Catalina\localhost\TIENDA-ONLINE-HS.xml]
16-Apr-2024 11:49:55.356 WARNING [http-nio-8080-exec-14] org.apache.catalina.startup.HostConfig.deployDescriptor The path attribute with value [/TIENDA-ONLINE-HS] in deployment descriptor [C:\apache-tomcat-9.0.87\conf\Catalina\localhost\TIENDA-ONLINE-HS.xml] has been ignored
16-Apr-2024 11:49:56.401 INFO [http-nio-8080-exec-14] org.apache.jasper.servlet.TldScanner.scanJars Al menos un JAR, que se ha explorado buscando TLDs, aún no contenía TLDs. Activar historial de depuración para este historiador para una completa lista de los JARs que fueron explorados y de los que nos se halló TLDs. Saltarse JARs no necesarios durante la exploración puede dar lugar a una mejora de tiempo significativa en el arranque y compilación de JSP .
16-Apr-2024 11:49:56.406 INFO [http-nio-8080-exec-14] org.apache.catalina.startup.HostConfig.deployDescriptor Deployment of deployment descriptor [C:\apache-tomcat-9.0.87\conf\Catalina\localhost\TIENDA-ONLINE-HS.xml] has finished in [1.051] ms
16-Apr-2024 11:49:56.411 INFO [http-nio-8080-exec-18] org.apache.catalina.util.LifecycleBase.start The start() method was called on component [StandardEngine[Catalina].StandardHost[localhost].StandardContext[/TIENDA-ONLINE-HS]] after start() had already been called. The second call will be ignored.
16-Apr-2024 11:50:41.031 WARNING [http-nio-8080-exec-28] org.apache.catalina.loader.WebappClassLoaderBase.clearReferencesJdbc La aplicación web [TIENDA-ONLINE-HS] registró el conductor JDBC [com.mysql.cj.jdbc.Driver] pero falló al anular el registro mientras la aplicación web estaba parada. Para prevenir un fallo de memoria, se ha anulado el registro del conductor JDBC por la fuerza.
16-Apr-2024 11:50:41.031 WARNING [http-nio-8080-exec-28] org.apache.catalina.loader.WebappClassLoaderBase.clearReferencesThreads The web application [TIENDA-ONLINE-HS] appears to have started a thread named [mysql-cj-abandoned-connection-cleanup] but has failed to stop it. This is very likely to create a memory leak. Stack trace of thread:
 java.base@18.0.2/java.lang.Object.wait(Native Method)
 java.base@18.0.2/java.lang.ref.ReferenceQueue.remove(ReferenceQueue.java:155)
 com.mysql.cj.jdbc.AbandonedConnectionCleanupThread.run(AbandonedConnectionCleanupThread.java:93)
 java.base@18.0.2/java.util.concurrent.ThreadPoolExecutor.runWorker(ThreadPoolExecutor.java:1136)
 java.base@18.0.2/java.util.concurrent.ThreadPoolExecutor$Worker.run(ThreadPoolExecutor.java:635)
 java.base@18.0.2/java.lang.Thread.run(Thread.java:833)
16-Apr-2024 11:50:41.545 INFO [http-nio-8080-exec-28] org.apache.catalina.startup.HostConfig.undeploy Repliegue (undeploy) de la aplicación web que tiene como trayectoria de contexto [/TIENDA-ONLINE-HS]
16-Apr-2024 11:50:42.891 INFO [mysql-cj-abandoned-connection-cleanup] org.apache.catalina.loader.WebappClassLoaderBase.checkStateForResourceLoading Acceso ilegal: esta instancia de aplicación web ya ha sido parada.  Could not load [].  La eventual traza de pila que sigue ha sido motivada por un error lanzado con motivos de depuración así como para intentar terminar el hilo que motivó el acceso ilegal y no tiene impacto funcional.
	java.lang.IllegalStateException: Acceso ilegal: esta instancia de aplicación web ya ha sido parada.  Could not load [].  La eventual traza de pila que sigue ha sido motivada por un error lanzado con motivos de depuración así como para intentar terminar el hilo que motivó el acceso ilegal y no tiene impacto funcional.
		at org.apache.catalina.loader.WebappClassLoaderBase.checkStateForResourceLoading(WebappClassLoaderBase.java:1349)
		at org.apache.catalina.loader.WebappClassLoaderBase.getResource(WebappClassLoaderBase.java:981)
		at com.mysql.cj.jdbc.AbandonedConnectionCleanupThread.checkThreadContextClassLoader(AbandonedConnectionCleanupThread.java:125)
		at com.mysql.cj.jdbc.AbandonedConnectionCleanupThread.run(AbandonedConnectionCleanupThread.java:92)
		at java.base/java.util.concurrent.ThreadPoolExecutor.runWorker(ThreadPoolExecutor.java:1136)
		at java.base/java.util.concurrent.ThreadPoolExecutor$Worker.run(ThreadPoolExecutor.java:635)
		at java.base/java.lang.Thread.run(Thread.java:833)
16-Apr-2024 11:50:59.688 INFO [http-nio-8080-exec-19] org.apache.catalina.startup.HostConfig.deployDescriptor Desplieque del descriptor de configuración [C:\apache-tomcat-9.0.87\conf\Catalina\localhost\TIENDA-ONLINE-HS.xml]
16-Apr-2024 11:50:59.690 WARNING [http-nio-8080-exec-19] org.apache.catalina.startup.HostConfig.deployDescriptor The path attribute with value [/TIENDA-ONLINE-HS] in deployment descriptor [C:\apache-tomcat-9.0.87\conf\Catalina\localhost\TIENDA-ONLINE-HS.xml] has been ignored
16-Apr-2024 11:51:00.647 INFO [http-nio-8080-exec-19] org.apache.jasper.servlet.TldScanner.scanJars Al menos un JAR, que se ha explorado buscando TLDs, aún no contenía TLDs. Activar historial de depuración para este historiador para una completa lista de los JARs que fueron explorados y de los que nos se halló TLDs. Saltarse JARs no necesarios durante la exploración puede dar lugar a una mejora de tiempo significativa en el arranque y compilación de JSP .
16-Apr-2024 11:51:00.652 INFO [http-nio-8080-exec-19] org.apache.catalina.startup.HostConfig.deployDescriptor Deployment of deployment descriptor [C:\apache-tomcat-9.0.87\conf\Catalina\localhost\TIENDA-ONLINE-HS.xml] has finished in [963] ms
16-Apr-2024 11:51:00.656 INFO [http-nio-8080-exec-28] org.apache.catalina.util.LifecycleBase.start The start() method was called on component [StandardEngine[Catalina].StandardHost[localhost].StandardContext[/TIENDA-ONLINE-HS]] after start() had already been called. The second call will be ignored.
16-Apr-2024 13:11:23.679 WARNING [http-nio-8080-exec-37] org.apache.catalina.loader.WebappClassLoaderBase.clearReferencesJdbc La aplicación web [TIENDA-ONLINE-HS] registró el conductor JDBC [com.mysql.cj.jdbc.Driver] pero falló al anular el registro mientras la aplicación web estaba parada. Para prevenir un fallo de memoria, se ha anulado el registro del conductor JDBC por la fuerza.
16-Apr-2024 13:11:23.680 WARNING [http-nio-8080-exec-37] org.apache.catalina.loader.WebappClassLoaderBase.clearReferencesThreads The web application [TIENDA-ONLINE-HS] appears to have started a thread named [mysql-cj-abandoned-connection-cleanup] but has failed to stop it. This is very likely to create a memory leak. Stack trace of thread:
 java.base@18.0.2/java.lang.Object.wait(Native Method)
 java.base@18.0.2/java.lang.ref.ReferenceQueue.remove(ReferenceQueue.java:155)
 com.mysql.cj.jdbc.AbandonedConnectionCleanupThread.run(AbandonedConnectionCleanupThread.java:93)
 java.base@18.0.2/java.util.concurrent.ThreadPoolExecutor.runWorker(ThreadPoolExecutor.java:1136)
 java.base@18.0.2/java.util.concurrent.ThreadPoolExecutor$Worker.run(ThreadPoolExecutor.java:635)
 java.base@18.0.2/java.lang.Thread.run(Thread.java:833)
16-Apr-2024 13:11:24.199 INFO [http-nio-8080-exec-37] org.apache.catalina.startup.HostConfig.undeploy Repliegue (undeploy) de la aplicación web que tiene como trayectoria de contexto [/TIENDA-ONLINE-HS]
16-Apr-2024 13:11:24.253 INFO [http-nio-8080-exec-31] org.apache.catalina.startup.HostConfig.deployDescriptor Desplieque del descriptor de configuración [C:\apache-tomcat-9.0.87\conf\Catalina\localhost\TIENDA-ONLINE-HS.xml]
16-Apr-2024 13:11:24.256 WARNING [http-nio-8080-exec-31] org.apache.catalina.startup.HostConfig.deployDescriptor The path attribute with value [/TIENDA-ONLINE-HS] in deployment descriptor [C:\apache-tomcat-9.0.87\conf\Catalina\localhost\TIENDA-ONLINE-HS.xml] has been ignored
16-Apr-2024 13:11:25.246 INFO [http-nio-8080-exec-31] org.apache.jasper.servlet.TldScanner.scanJars Al menos un JAR, que se ha explorado buscando TLDs, aún no contenía TLDs. Activar historial de depuración para este historiador para una completa lista de los JARs que fueron explorados y de los que nos se halló TLDs. Saltarse JARs no necesarios durante la exploración puede dar lugar a una mejora de tiempo significativa en el arranque y compilación de JSP .
16-Apr-2024 13:11:25.250 INFO [http-nio-8080-exec-31] org.apache.catalina.startup.HostConfig.deployDescriptor Deployment of deployment descriptor [C:\apache-tomcat-9.0.87\conf\Catalina\localhost\TIENDA-ONLINE-HS.xml] has finished in [997] ms
16-Apr-2024 13:11:25.253 INFO [http-nio-8080-exec-32] org.apache.catalina.util.LifecycleBase.start The start() method was called on component [StandardEngine[Catalina].StandardHost[localhost].StandardContext[/TIENDA-ONLINE-HS]] after start() had already been called. The second call will be ignored.
16-Apr-2024 13:11:26.213 INFO [mysql-cj-abandoned-connection-cleanup] org.apache.catalina.loader.WebappClassLoaderBase.checkStateForResourceLoading Acceso ilegal: esta instancia de aplicación web ya ha sido parada.  Could not load [].  La eventual traza de pila que sigue ha sido motivada por un error lanzado con motivos de depuración así como para intentar terminar el hilo que motivó el acceso ilegal y no tiene impacto funcional.
	java.lang.IllegalStateException: Acceso ilegal: esta instancia de aplicación web ya ha sido parada.  Could not load [].  La eventual traza de pila que sigue ha sido motivada por un error lanzado con motivos de depuración así como para intentar terminar el hilo que motivó el acceso ilegal y no tiene impacto funcional.
		at org.apache.catalina.loader.WebappClassLoaderBase.checkStateForResourceLoading(WebappClassLoaderBase.java:1349)
		at org.apache.catalina.loader.WebappClassLoaderBase.getResource(WebappClassLoaderBase.java:981)
		at com.mysql.cj.jdbc.AbandonedConnectionCleanupThread.checkThreadContextClassLoader(AbandonedConnectionCleanupThread.java:125)
		at com.mysql.cj.jdbc.AbandonedConnectionCleanupThread.run(AbandonedConnectionCleanupThread.java:92)
		at java.base/java.util.concurrent.ThreadPoolExecutor.runWorker(ThreadPoolExecutor.java:1136)
		at java.base/java.util.concurrent.ThreadPoolExecutor$Worker.run(ThreadPoolExecutor.java:635)
		at java.base/java.lang.Thread.run(Thread.java:833)
16-Apr-2024 13:49:14.397 INFO [http-nio-8080-exec-44] org.apache.catalina.startup.HostConfig.undeploy Repliegue (undeploy) de la aplicación web que tiene como trayectoria de contexto [/TIENDA-ONLINE-HS]
16-Apr-2024 13:49:19.417 INFO [http-nio-8080-exec-44] org.apache.catalina.startup.HostConfig.deployDescriptor Desplieque del descriptor de configuración [C:\apache-tomcat-9.0.87\conf\Catalina\localhost\TIENDA-ONLINE-HS.xml]
16-Apr-2024 13:49:19.422 WARNING [http-nio-8080-exec-44] org.apache.catalina.startup.HostConfig.deployDescriptor The path attribute with value [/TIENDA-ONLINE-HS] in deployment descriptor [C:\apache-tomcat-9.0.87\conf\Catalina\localhost\TIENDA-ONLINE-HS.xml] has been ignored
16-Apr-2024 13:49:20.272 INFO [http-nio-8080-exec-44] org.apache.jasper.servlet.TldScanner.scanJars Al menos un JAR, que se ha explorado buscando TLDs, aún no contenía TLDs. Activar historial de depuración para este historiador para una completa lista de los JARs que fueron explorados y de los que nos se halló TLDs. Saltarse JARs no necesarios durante la exploración puede dar lugar a una mejora de tiempo significativa en el arranque y compilación de JSP .
16-Apr-2024 13:49:20.278 INFO [http-nio-8080-exec-44] org.apache.catalina.startup.HostConfig.deployDescriptor Deployment of deployment descriptor [C:\apache-tomcat-9.0.87\conf\Catalina\localhost\TIENDA-ONLINE-HS.xml] has finished in [861] ms
16-Apr-2024 13:49:20.283 INFO [http-nio-8080-exec-49] org.apache.catalina.util.LifecycleBase.start The start() method was called on component [StandardEngine[Catalina].StandardHost[localhost].StandardContext[/TIENDA-ONLINE-HS]] after start() had already been called. The second call will be ignored.
16-Apr-2024 13:50:21.547 WARNING [http-nio-8080-exec-56] org.apache.catalina.loader.WebappClassLoaderBase.clearReferencesJdbc La aplicación web [TIENDA-ONLINE-HS] registró el conductor JDBC [com.mysql.cj.jdbc.Driver] pero falló al anular el registro mientras la aplicación web estaba parada. Para prevenir un fallo de memoria, se ha anulado el registro del conductor JDBC por la fuerza.
16-Apr-2024 13:50:21.548 WARNING [http-nio-8080-exec-56] org.apache.catalina.loader.WebappClassLoaderBase.clearReferencesThreads The web application [TIENDA-ONLINE-HS] appears to have started a thread named [mysql-cj-abandoned-connection-cleanup] but has failed to stop it. This is very likely to create a memory leak. Stack trace of thread:
 java.base@18.0.2/java.lang.Object.wait(Native Method)
 java.base@18.0.2/java.lang.ref.ReferenceQueue.remove(ReferenceQueue.java:155)
 com.mysql.cj.jdbc.AbandonedConnectionCleanupThread.run(AbandonedConnectionCleanupThread.java:93)
 java.base@18.0.2/java.util.concurrent.ThreadPoolExecutor.runWorker(ThreadPoolExecutor.java:1136)
 java.base@18.0.2/java.util.concurrent.ThreadPoolExecutor$Worker.run(ThreadPoolExecutor.java:635)
 java.base@18.0.2/java.lang.Thread.run(Thread.java:833)
16-Apr-2024 13:50:22.054 INFO [http-nio-8080-exec-56] org.apache.catalina.startup.HostConfig.undeploy Repliegue (undeploy) de la aplicación web que tiene como trayectoria de contexto [/TIENDA-ONLINE-HS]
16-Apr-2024 13:50:22.083 INFO [http-nio-8080-exec-54] org.apache.catalina.startup.HostConfig.deployDescriptor Desplieque del descriptor de configuración [C:\apache-tomcat-9.0.87\conf\Catalina\localhost\TIENDA-ONLINE-HS.xml]
16-Apr-2024 13:50:22.084 WARNING [http-nio-8080-exec-54] org.apache.catalina.startup.HostConfig.deployDescriptor The path attribute with value [/TIENDA-ONLINE-HS] in deployment descriptor [C:\apache-tomcat-9.0.87\conf\Catalina\localhost\TIENDA-ONLINE-HS.xml] has been ignored
16-Apr-2024 13:50:22.099 SEVERE [http-nio-8080-exec-54] org.apache.catalina.startup.HostConfig.deployDescriptor Error durante el despliegue del descriptor de configuración [C:\apache-tomcat-9.0.87\conf\Catalina\localhost\TIENDA-ONLINE-HS.xml]
	java.lang.IllegalStateException: Error starting child
		at org.apache.catalina.core.ContainerBase.addChildInternal(ContainerBase.java:686)
		at org.apache.catalina.core.ContainerBase.addChild(ContainerBase.java:658)
		at org.apache.catalina.core.StandardHost.addChild(StandardHost.java:661)
		at org.apache.catalina.startup.HostConfig.deployDescriptor(HostConfig.java:680)
		at org.apache.catalina.startup.HostConfig.deployApps(HostConfig.java:529)
		at org.apache.catalina.startup.HostConfig.check(HostConfig.java:1658)
		at java.base/jdk.internal.reflect.DirectMethodHandleAccessor.invoke(DirectMethodHandleAccessor.java:104)
		at java.base/java.lang.reflect.Method.invoke(Method.java:577)
		at org.apache.tomcat.util.modeler.BaseModelMBean.invoke(BaseModelMBean.java:293)
		at java.management/com.sun.jmx.interceptor.DefaultMBeanServerInterceptor.invoke(DefaultMBeanServerInterceptor.java:811)
		at java.management/com.sun.jmx.mbeanserver.JmxMBeanServer.invoke(JmxMBeanServer.java:802)
		at org.apache.catalina.manager.ManagerServlet.check(ManagerServlet.java:1497)
		at org.apache.catalina.manager.ManagerServlet.deploy(ManagerServlet.java:970)
		at org.apache.catalina.manager.ManagerServlet.doGet(ManagerServlet.java:333)
		at javax.servlet.http.HttpServlet.service(HttpServlet.java:529)
		at javax.servlet.http.HttpServlet.service(HttpServlet.java:623)
		at org.apache.catalina.core.ApplicationFilterChain.internalDoFilter(ApplicationFilterChain.java:210)
		at org.apache.catalina.core.ApplicationFilterChain.doFilter(ApplicationFilterChain.java:154)
		at org.apache.tomcat.websocket.server.WsFilter.doFilter(WsFilter.java:51)
		at org.apache.catalina.core.ApplicationFilterChain.internalDoFilter(ApplicationFilterChain.java:179)
		at org.apache.catalina.core.ApplicationFilterChain.doFilter(ApplicationFilterChain.java:154)
		at org.apache.catalina.filters.HttpHeaderSecurityFilter.doFilter(HttpHeaderSecurityFilter.java:129)
		at org.apache.catalina.core.ApplicationFilterChain.internalDoFilter(ApplicationFilterChain.java:179)
		at org.apache.catalina.core.ApplicationFilterChain.doFilter(ApplicationFilterChain.java:154)
		at org.apache.catalina.core.StandardWrapperValve.invoke(StandardWrapperValve.java:168)
		at org.apache.catalina.core.StandardContextValve.invoke(StandardContextValve.java:90)
		at org.apache.catalina.authenticator.AuthenticatorBase.invoke(AuthenticatorBase.java:596)
		at org.apache.catalina.valves.RequestFilterValve.process(RequestFilterValve.java:355)
		at org.apache.catalina.valves.RemoteAddrValve.invoke(RemoteAddrValve.java:54)
		at org.apache.catalina.core.StandardHostValve.invoke(StandardHostValve.java:130)
		at org.apache.catalina.valves.ErrorReportValve.invoke(ErrorReportValve.java:93)
		at org.apache.catalina.valves.AbstractAccessLogValve.invoke(AbstractAccessLogValve.java:670)
		at org.apache.catalina.core.StandardEngineValve.invoke(StandardEngineValve.java:74)
		at org.apache.catalina.connector.CoyoteAdapter.service(CoyoteAdapter.java:346)
		at org.apache.coyote.http11.Http11Processor.service(Http11Processor.java:390)
		at org.apache.coyote.AbstractProcessorLight.process(AbstractProcessorLight.java:63)
		at org.apache.coyote.AbstractProtocol$ConnectionHandler.process(AbstractProtocol.java:928)
		at org.apache.tomcat.util.net.NioEndpoint$SocketProcessor.doRun(NioEndpoint.java:1786)
		at org.apache.tomcat.util.net.SocketProcessorBase.run(SocketProcessorBase.java:52)
		at org.apache.tomcat.util.threads.ThreadPoolExecutor.runWorker(ThreadPoolExecutor.java:1191)
		at org.apache.tomcat.util.threads.ThreadPoolExecutor$Worker.run(ThreadPoolExecutor.java:659)
		at org.apache.tomcat.util.threads.TaskThread$WrappingRunnable.run(TaskThread.java:63)
		at java.base/java.lang.Thread.run(Thread.java:833)
	Caused by: org.apache.catalina.LifecycleException: Failed to start component [StandardEngine[Catalina].StandardHost[localhost].StandardContext[/TIENDA-ONLINE-HS]]
		at org.apache.catalina.util.LifecycleBase.handleSubClassException(LifecycleBase.java:419)
		at org.apache.catalina.util.LifecycleBase.start(LifecycleBase.java:186)
		at org.apache.catalina.core.ContainerBase.addChildInternal(ContainerBase.java:683)
		... 42 more
	Caused by: java.lang.NullPointerException: Cannot invoke "java.io.InputStream.read(byte[], int, int)" because "this.in" is null
		at java.base/java.util.jar.Manifest$FastInputStream.fill(Manifest.java:554)
		at java.base/java.util.jar.Manifest$FastInputStream.readLine(Manifest.java:463)
		at java.base/java.util.jar.Manifest$FastInputStream.readLine(Manifest.java:522)
		at java.base/java.util.jar.Attributes.read(Attributes.java:373)
		at java.base/java.util.jar.Manifest.read(Manifest.java:290)
		at java.base/java.util.jar.Manifest.<init>(Manifest.java:100)
		at java.base/java.util.jar.Manifest.<init>(Manifest.java:76)
		at org.apache.catalina.util.ExtensionValidator.validateApplication(ExtensionValidator.java:137)
		at org.apache.catalina.core.StandardContext.startInternal(StandardContext.java:4728)
		at org.apache.catalina.util.LifecycleBase.start(LifecycleBase.java:171)
		... 43 more
16-Apr-2024 13:50:22.125 INFO [http-nio-8080-exec-54] org.apache.catalina.startup.HostConfig.deployDescriptor Deployment of deployment descriptor [C:\apache-tomcat-9.0.87\conf\Catalina\localhost\TIENDA-ONLINE-HS.xml] has finished in [42] ms
16-Apr-2024 13:50:25.826 INFO [http-nio-8080-exec-52] org.apache.catalina.startup.HostConfig.undeploy Repliegue (undeploy) de la aplicación web que tiene como trayectoria de contexto [/TIENDA-ONLINE-HS]
16-Apr-2024 13:50:25.844 INFO [http-nio-8080-exec-51] org.apache.catalina.startup.HostConfig.deployDescriptor Desplieque del descriptor de configuración [C:\apache-tomcat-9.0.87\conf\Catalina\localhost\TIENDA-ONLINE-HS.xml]
16-Apr-2024 13:50:25.846 WARNING [http-nio-8080-exec-51] org.apache.catalina.startup.HostConfig.deployDescriptor The path attribute with value [/TIENDA-ONLINE-HS] in deployment descriptor [C:\apache-tomcat-9.0.87\conf\Catalina\localhost\TIENDA-ONLINE-HS.xml] has been ignored
16-Apr-2024 13:50:26.044 INFO [mysql-cj-abandoned-connection-cleanup] org.apache.catalina.loader.WebappClassLoaderBase.checkStateForResourceLoading Acceso ilegal: esta instancia de aplicación web ya ha sido parada.  Could not load [].  La eventual traza de pila que sigue ha sido motivada por un error lanzado con motivos de depuración así como para intentar terminar el hilo que motivó el acceso ilegal y no tiene impacto funcional.
	java.lang.IllegalStateException: Acceso ilegal: esta instancia de aplicación web ya ha sido parada.  Could not load [].  La eventual traza de pila que sigue ha sido motivada por un error lanzado con motivos de depuración así como para intentar terminar el hilo que motivó el acceso ilegal y no tiene impacto funcional.
		at org.apache.catalina.loader.WebappClassLoaderBase.checkStateForResourceLoading(WebappClassLoaderBase.java:1349)
		at org.apache.catalina.loader.WebappClassLoaderBase.getResource(WebappClassLoaderBase.java:981)
		at com.mysql.cj.jdbc.AbandonedConnectionCleanupThread.checkThreadContextClassLoader(AbandonedConnectionCleanupThread.java:125)
		at com.mysql.cj.jdbc.AbandonedConnectionCleanupThread.run(AbandonedConnectionCleanupThread.java:92)
		at java.base/java.util.concurrent.ThreadPoolExecutor.runWorker(ThreadPoolExecutor.java:1136)
		at java.base/java.util.concurrent.ThreadPoolExecutor$Worker.run(ThreadPoolExecutor.java:635)
		at java.base/java.lang.Thread.run(Thread.java:833)
16-Apr-2024 13:50:26.775 INFO [http-nio-8080-exec-51] org.apache.jasper.servlet.TldScanner.scanJars Al menos un JAR, que se ha explorado buscando TLDs, aún no contenía TLDs. Activar historial de depuración para este historiador para una completa lista de los JARs que fueron explorados y de los que nos se halló TLDs. Saltarse JARs no necesarios durante la exploración puede dar lugar a una mejora de tiempo significativa en el arranque y compilación de JSP .
16-Apr-2024 13:50:26.780 INFO [http-nio-8080-exec-51] org.apache.catalina.startup.HostConfig.deployDescriptor Deployment of deployment descriptor [C:\apache-tomcat-9.0.87\conf\Catalina\localhost\TIENDA-ONLINE-HS.xml] has finished in [935] ms
16-Apr-2024 13:53:58.931 INFO [http-nio-8080-exec-66] org.apache.catalina.startup.HostConfig.undeploy Repliegue (undeploy) de la aplicación web que tiene como trayectoria de contexto [/TIENDA-ONLINE-HS]
16-Apr-2024 13:53:58.951 INFO [http-nio-8080-exec-68] org.apache.catalina.startup.HostConfig.deployDescriptor Desplieque del descriptor de configuración [C:\apache-tomcat-9.0.87\conf\Catalina\localhost\TIENDA-ONLINE-HS.xml]
16-Apr-2024 13:53:58.953 WARNING [http-nio-8080-exec-68] org.apache.catalina.startup.HostConfig.deployDescriptor The path attribute with value [/TIENDA-ONLINE-HS] in deployment descriptor [C:\apache-tomcat-9.0.87\conf\Catalina\localhost\TIENDA-ONLINE-HS.xml] has been ignored
16-Apr-2024 13:53:59.839 INFO [http-nio-8080-exec-68] org.apache.jasper.servlet.TldScanner.scanJars Al menos un JAR, que se ha explorado buscando TLDs, aún no contenía TLDs. Activar historial de depuración para este historiador para una completa lista de los JARs que fueron explorados y de los que nos se halló TLDs. Saltarse JARs no necesarios durante la exploración puede dar lugar a una mejora de tiempo significativa en el arranque y compilación de JSP .
16-Apr-2024 13:53:59.842 INFO [http-nio-8080-exec-68] org.apache.catalina.startup.HostConfig.deployDescriptor Deployment of deployment descriptor [C:\apache-tomcat-9.0.87\conf\Catalina\localhost\TIENDA-ONLINE-HS.xml] has finished in [891] ms
16-Apr-2024 13:53:59.846 INFO [http-nio-8080-exec-60] org.apache.catalina.util.LifecycleBase.start The start() method was called on component [StandardEngine[Catalina].StandardHost[localhost].StandardContext[/TIENDA-ONLINE-HS]] after start() had already been called. The second call will be ignored.
16-Apr-2024 13:54:13.046 INFO [http-nio-8080-exec-69] org.apache.catalina.core.StandardContext.reload Ha comenzado la recarga de Contexto [/TIENDA-ONLINE-HS]
16-Apr-2024 13:54:14.088 INFO [http-nio-8080-exec-69] org.apache.jasper.servlet.TldScanner.scanJars Al menos un JAR, que se ha explorado buscando TLDs, aún no contenía TLDs. Activar historial de depuración para este historiador para una completa lista de los JARs que fueron explorados y de los que nos se halló TLDs. Saltarse JARs no necesarios durante la exploración puede dar lugar a una mejora de tiempo significativa en el arranque y compilación de JSP .
16-Apr-2024 13:54:14.091 INFO [http-nio-8080-exec-69] org.apache.catalina.core.StandardContext.reload Se ha completado la recarga de este Contexto
16-Apr-2024 13:54:14.095 INFO [http-nio-8080-exec-60] org.apache.catalina.core.StandardContext.reload Ha comenzado la recarga de Contexto [/TIENDA-ONLINE-HS]
16-Apr-2024 13:54:14.999 INFO [http-nio-8080-exec-60] org.apache.jasper.servlet.TldScanner.scanJars Al menos un JAR, que se ha explorado buscando TLDs, aún no contenía TLDs. Activar historial de depuración para este historiador para una completa lista de los JARs que fueron explorados y de los que nos se halló TLDs. Saltarse JARs no necesarios durante la exploración puede dar lugar a una mejora de tiempo significativa en el arranque y compilación de JSP .
16-Apr-2024 13:54:15.002 INFO [http-nio-8080-exec-60] org.apache.catalina.core.StandardContext.reload Se ha completado la recarga de este Contexto
16-Apr-2024 13:54:15.006 INFO [http-nio-8080-exec-70] org.apache.catalina.core.StandardContext.reload Ha comenzado la recarga de Contexto [/TIENDA-ONLINE-HS]
16-Apr-2024 13:54:16.205 INFO [http-nio-8080-exec-70] org.apache.jasper.servlet.TldScanner.scanJars Al menos un JAR, que se ha explorado buscando TLDs, aún no contenía TLDs. Activar historial de depuración para este historiador para una completa lista de los JARs que fueron explorados y de los que nos se halló TLDs. Saltarse JARs no necesarios durante la exploración puede dar lugar a una mejora de tiempo significativa en el arranque y compilación de JSP .
16-Apr-2024 13:54:16.208 INFO [http-nio-8080-exec-70] org.apache.catalina.core.StandardContext.reload Se ha completado la recarga de este Contexto
16-Apr-2024 13:54:36.345 WARNING [http-nio-8080-exec-63] org.apache.catalina.connector.Request.recycle Failed to deleted temporary file used for part [imagen]
	java.io.UncheckedIOException: Cannot delete C:\apache-tomcat-9.0.87\work\Catalina\localhost\TIENDA-ONLINE-HS\upload_3b4e769b_39c3_4073_ad53_d2929579c068_00000018.tmp
		at org.apache.tomcat.util.http.fileupload.disk.DiskFileItem.delete(DiskFileItem.java:428)
		at org.apache.catalina.core.ApplicationPart.delete(ApplicationPart.java:53)
		at org.apache.catalina.connector.Request.recycle(Request.java:475)
		at org.apache.catalina.connector.CoyoteAdapter.service(CoyoteAdapter.java:424)
		at org.apache.coyote.http11.Http11Processor.service(Http11Processor.java:390)
		at org.apache.coyote.AbstractProcessorLight.process(AbstractProcessorLight.java:63)
		at org.apache.coyote.AbstractProtocol$ConnectionHandler.process(AbstractProtocol.java:928)
		at org.apache.tomcat.util.net.NioEndpoint$SocketProcessor.doRun(NioEndpoint.java:1786)
		at org.apache.tomcat.util.net.SocketProcessorBase.run(SocketProcessorBase.java:52)
		at org.apache.tomcat.util.threads.ThreadPoolExecutor.runWorker(ThreadPoolExecutor.java:1191)
		at org.apache.tomcat.util.threads.ThreadPoolExecutor$Worker.run(ThreadPoolExecutor.java:659)
		at org.apache.tomcat.util.threads.TaskThread$WrappingRunnable.run(TaskThread.java:63)
		at java.base/java.lang.Thread.run(Thread.java:833)
	Caused by: java.io.IOException: Cannot delete C:\apache-tomcat-9.0.87\work\Catalina\localhost\TIENDA-ONLINE-HS\upload_3b4e769b_39c3_4073_ad53_d2929579c068_00000018.tmp
		... 13 more
16-Apr-2024 22:57:25.157 INFO [main] org.apache.catalina.core.StandardServer.await Se ha recibido un comando de apagado a través del puerto de apagado. Parando la instancia del Servidor.
16-Apr-2024 22:57:25.182 INFO [main] org.apache.coyote.AbstractProtocol.pause Pausing ProtocolHandler ["http-nio-8080"]
16-Apr-2024 22:57:25.249 INFO [main] org.apache.catalina.core.StandardService.stopInternal Parando servicio [Catalina]
16-Apr-2024 22:57:25.458 WARNING [main] org.apache.catalina.loader.WebappClassLoaderBase.clearReferencesThreads The web application [web-HS] appears to have started a thread named [mysql-cj-abandoned-connection-cleanup] but has failed to stop it. This is very likely to create a memory leak. Stack trace of thread:
 java.base@18.0.2/java.lang.Object.wait(Native Method)
 java.base@18.0.2/java.lang.ref.ReferenceQueue.remove(ReferenceQueue.java:155)
 com.mysql.cj.jdbc.AbandonedConnectionCleanupThread.run(AbandonedConnectionCleanupThread.java:93)
 java.base@18.0.2/java.util.concurrent.ThreadPoolExecutor.runWorker(ThreadPoolExecutor.java:1136)
 java.base@18.0.2/java.util.concurrent.ThreadPoolExecutor$Worker.run(ThreadPoolExecutor.java:635)
 java.base@18.0.2/java.lang.Thread.run(Thread.java:833)
16-Apr-2024 22:57:26.906 WARNING [main] org.apache.catalina.loader.WebappClassLoaderBase.clearReferencesJdbc La aplicación web [TIENDA-ONLINE-HS] registró el conductor JDBC [com.mysql.cj.jdbc.Driver] pero falló al anular el registro mientras la aplicación web estaba parada. Para prevenir un fallo de memoria, se ha anulado el registro del conductor JDBC por la fuerza.
16-Apr-2024 22:57:26.911 WARNING [main] org.apache.catalina.loader.WebappClassLoaderBase.clearReferencesThreads The web application [TIENDA-ONLINE-HS] appears to have started a thread named [mysql-cj-abandoned-connection-cleanup] but has failed to stop it. This is very likely to create a memory leak. Stack trace of thread:
 java.base@18.0.2/java.lang.Object.wait(Native Method)
 java.base@18.0.2/java.lang.ref.ReferenceQueue.remove(ReferenceQueue.java:155)
 com.mysql.cj.jdbc.AbandonedConnectionCleanupThread.run(AbandonedConnectionCleanupThread.java:93)
 java.base@18.0.2/java.util.concurrent.ThreadPoolExecutor.runWorker(ThreadPoolExecutor.java:1136)
 java.base@18.0.2/java.util.concurrent.ThreadPoolExecutor$Worker.run(ThreadPoolExecutor.java:635)
 java.base@18.0.2/java.lang.Thread.run(Thread.java:833)
16-Apr-2024 22:57:26.964 INFO [main] org.apache.coyote.AbstractProtocol.stop Stopping ProtocolHandler ["http-nio-8080"]
16-Apr-2024 22:57:27.067 INFO [main] org.apache.coyote.AbstractProtocol.destroy Destroying ProtocolHandler ["http-nio-8080"]
