15-Apr-2024 09:21:17.563 INFO [main] org.apache.catalina.core.ApplicationContext.log ContextListener: contextInitialized()
15-Apr-2024 09:21:17.563 INFO [main] org.apache.catalina.core.ApplicationContext.log SessionListener: contextInitialized()
15-Apr-2024 09:21:17.566 INFO [main] org.apache.catalina.core.ApplicationContext.log ContextListener: attributeAdded('StockTicker', 'async.Stockticker@3adeca1f')
15-Apr-2024 09:21:39.859 SEVERE [http-nio-8080-exec-3] org.apache.catalina.core.StandardWrapperValve.invoke El Servlet.service() para el servlet [jsp] en el contexto con ruta [/TIENDA-ONLINE-HS] lanzó la excepción [No se puede compilar la clase para JSP: 

Ha tenido lugar un error en la línea: [32] en el archivo jsp: [/editarProducto.jsp]
The method getImagen() is undefined for the type Producto
29:           <label for="descripcion">Descripción:</label>
30:           <input type="text" id="descripcion" name="descripcion" value="<%= producto.getDescripcion() %>"><br>
31:           <label for="imagen">Imagen:</label>
32:           <input type="text" id="imagen" name="imagen" value="<%= producto.getImagen() %>"><br>
33:           <label for="precio">Precio:</label>
34:           <input type="text" id="precio" name="precio" value="<%= producto.getPrecio() %>"><br>
35:          <label for="genero">Género:</label>


Stacktrace:] con causa raíz
	org.apache.jasper.JasperException: No se puede compilar la clase para JSP: 

Ha tenido lugar un error en la línea: [32] en el archivo jsp: [/editarProducto.jsp]
The method getImagen() is undefined for the type Producto
29:           <label for="descripcion">Descripción:</label>
30:           <input type="text" id="descripcion" name="descripcion" value="<%= producto.getDescripcion() %>"><br>
31:           <label for="imagen">Imagen:</label>
32:           <input type="text" id="imagen" name="imagen" value="<%= producto.getImagen() %>"><br>
33:           <label for="precio">Precio:</label>
34:           <input type="text" id="precio" name="precio" value="<%= producto.getPrecio() %>"><br>
35:          <label for="genero">Género:</label>


Stacktrace:
		at org.apache.jasper.compiler.DefaultErrorHandler.javacError(DefaultErrorHandler.java:102)
		at org.apache.jasper.compiler.ErrorDispatcher.javacError(ErrorDispatcher.java:214)
		at org.apache.jasper.compiler.JDTCompiler.generateClass(JDTCompiler.java:542)
		at org.apache.jasper.compiler.Compiler.compile(Compiler.java:398)
		at org.apache.jasper.compiler.Compiler.compile(Compiler.java:368)
		at org.apache.jasper.compiler.Compiler.compile(Compiler.java:352)
		at org.apache.jasper.JspCompilationContext.compile(JspCompilationContext.java:603)
		at org.apache.jasper.servlet.JspServletWrapper.service(JspServletWrapper.java:399)
		at org.apache.jasper.servlet.JspServlet.serviceJspFile(JspServlet.java:379)
		at org.apache.jasper.servlet.JspServlet.service(JspServlet.java:327)
		at javax.servlet.http.HttpServlet.service(HttpServlet.java:623)
		at org.apache.catalina.core.ApplicationFilterChain.internalDoFilter(ApplicationFilterChain.java:210)
		at org.apache.catalina.core.ApplicationFilterChain.doFilter(ApplicationFilterChain.java:154)
		at org.apache.tomcat.websocket.server.WsFilter.doFilter(WsFilter.java:51)
		at org.apache.catalina.core.ApplicationFilterChain.internalDoFilter(ApplicationFilterChain.java:179)
		at org.apache.catalina.core.ApplicationFilterChain.doFilter(ApplicationFilterChain.java:154)
		at org.apache.catalina.core.StandardWrapperValve.invoke(StandardWrapperValve.java:168)
		at org.apache.catalina.core.StandardContextValve.invoke(StandardContextValve.java:90)
		at org.apache.catalina.authenticator.AuthenticatorBase.invoke(AuthenticatorBase.java:481)
		at org.apache.catalina.core.StandardHostValve.invoke(StandardHostValve.java:130)
		at org.apache.catalina.valves.ErrorReportValve.invoke(ErrorReportValve.java:93)
		at org.apache.catalina.valves.AbstractAccessLogValve.invoke(AbstractAccessLogValve.java:670)
		at org.apache.catalina.core.StandardEngineValve.invoke(StandardEngineValve.java:74)
		at org.apache.catalina.connector.CoyoteAdapter.service(CoyoteAdapter.java:346)
		at org.apache.coyote.http11.Http11Processor.service(Http11Processor.java:390)
		at org.apache.coyote.AbstractProcessorLight.process(AbstractProcessorLight.java:63)
		at org.apache.coyote.AbstractProtocol$ConnectionHandler.process(AbstractProtocol.java:928)
		at org.apache.tomcat.util.net.NioEndpoint$SocketProcessor.doRun(NioEndpoint.java:1786)
		at org.apache.tomcat.util.net.SocketProcessorBase.run(SocketProcessorBase.java:52)
		at org.apache.tomcat.util.threads.ThreadPoolExecutor.runWorker(ThreadPoolExecutor.java:1191)
		at org.apache.tomcat.util.threads.ThreadPoolExecutor$Worker.run(ThreadPoolExecutor.java:659)
		at org.apache.tomcat.util.threads.TaskThread$WrappingRunnable.run(TaskThread.java:63)
		at java.base/java.lang.Thread.run(Thread.java:833)
15-Apr-2024 09:31:29.207 SEVERE [http-nio-8080-exec-5] org.apache.catalina.core.StandardWrapperValve.invoke El Servlet.service() para el servlet [jsp] en el contexto con ruta [/TIENDA-ONLINE-HS] lanzó la excepción [No se puede compilar la clase para JSP: 

Ha tenido lugar un error en la línea: [32] en el archivo jsp: [/editarProducto.jsp]
The method getImagen() is undefined for the type Producto
29:           <label for="descripcion">Descripción:</label>
30:           <input type="text" id="descripcion" name="descripcion" value="<%= producto.getDescripcion() %>"><br>
31:           <label for="imagen">Imagen:</label>
32:           <input type="text" id="imagen" name="imagen" value="<%= producto.getImagen() %>"><br>
33:           <label for="precio">Precio:</label>
34:           <input type="text" id="precio" name="precio" value="<%= producto.getPrecio() %>"><br>
35:          <label for="genero">Género:</label>


Stacktrace:] con causa raíz
	org.apache.jasper.JasperException: No se puede compilar la clase para JSP: 

Ha tenido lugar un error en la línea: [32] en el archivo jsp: [/editarProducto.jsp]
The method getImagen() is undefined for the type Producto
29:           <label for="descripcion">Descripción:</label>
30:           <input type="text" id="descripcion" name="descripcion" value="<%= producto.getDescripcion() %>"><br>
31:           <label for="imagen">Imagen:</label>
32:           <input type="text" id="imagen" name="imagen" value="<%= producto.getImagen() %>"><br>
33:           <label for="precio">Precio:</label>
34:           <input type="text" id="precio" name="precio" value="<%= producto.getPrecio() %>"><br>
35:          <label for="genero">Género:</label>


Stacktrace:
		at org.apache.jasper.compiler.DefaultErrorHandler.javacError(DefaultErrorHandler.java:102)
		at org.apache.jasper.compiler.ErrorDispatcher.javacError(ErrorDispatcher.java:214)
		at org.apache.jasper.compiler.JDTCompiler.generateClass(JDTCompiler.java:542)
		at org.apache.jasper.compiler.Compiler.compile(Compiler.java:398)
		at org.apache.jasper.compiler.Compiler.compile(Compiler.java:368)
		at org.apache.jasper.compiler.Compiler.compile(Compiler.java:352)
		at org.apache.jasper.JspCompilationContext.compile(JspCompilationContext.java:603)
		at org.apache.jasper.servlet.JspServletWrapper.service(JspServletWrapper.java:399)
		at org.apache.jasper.servlet.JspServlet.serviceJspFile(JspServlet.java:379)
		at org.apache.jasper.servlet.JspServlet.service(JspServlet.java:327)
		at javax.servlet.http.HttpServlet.service(HttpServlet.java:623)
		at org.apache.catalina.core.ApplicationFilterChain.internalDoFilter(ApplicationFilterChain.java:210)
		at org.apache.catalina.core.ApplicationFilterChain.doFilter(ApplicationFilterChain.java:154)
		at org.apache.tomcat.websocket.server.WsFilter.doFilter(WsFilter.java:51)
		at org.apache.catalina.core.ApplicationFilterChain.internalDoFilter(ApplicationFilterChain.java:179)
		at org.apache.catalina.core.ApplicationFilterChain.doFilter(ApplicationFilterChain.java:154)
		at org.apache.catalina.core.StandardWrapperValve.invoke(StandardWrapperValve.java:168)
		at org.apache.catalina.core.StandardContextValve.invoke(StandardContextValve.java:90)
		at org.apache.catalina.authenticator.AuthenticatorBase.invoke(AuthenticatorBase.java:481)
		at org.apache.catalina.core.StandardHostValve.invoke(StandardHostValve.java:130)
		at org.apache.catalina.valves.ErrorReportValve.invoke(ErrorReportValve.java:93)
		at org.apache.catalina.valves.AbstractAccessLogValve.invoke(AbstractAccessLogValve.java:670)
		at org.apache.catalina.core.StandardEngineValve.invoke(StandardEngineValve.java:74)
		at org.apache.catalina.connector.CoyoteAdapter.service(CoyoteAdapter.java:346)
		at org.apache.coyote.http11.Http11Processor.service(Http11Processor.java:390)
		at org.apache.coyote.AbstractProcessorLight.process(AbstractProcessorLight.java:63)
		at org.apache.coyote.AbstractProtocol$ConnectionHandler.process(AbstractProtocol.java:928)
		at org.apache.tomcat.util.net.NioEndpoint$SocketProcessor.doRun(NioEndpoint.java:1786)
		at org.apache.tomcat.util.net.SocketProcessorBase.run(SocketProcessorBase.java:52)
		at org.apache.tomcat.util.threads.ThreadPoolExecutor.runWorker(ThreadPoolExecutor.java:1191)
		at org.apache.tomcat.util.threads.ThreadPoolExecutor$Worker.run(ThreadPoolExecutor.java:659)
		at org.apache.tomcat.util.threads.TaskThread$WrappingRunnable.run(TaskThread.java:63)
		at java.base/java.lang.Thread.run(Thread.java:833)
15-Apr-2024 19:26:03.992 INFO [main] org.apache.catalina.core.ApplicationContext.log SessionListener: contextDestroyed()
15-Apr-2024 19:26:03.992 INFO [main] org.apache.catalina.core.ApplicationContext.log ContextListener: contextDestroyed()
15-Apr-2024 19:26:13.675 INFO [main] org.apache.catalina.core.ApplicationContext.log ContextListener: contextInitialized()
15-Apr-2024 19:26:13.676 INFO [main] org.apache.catalina.core.ApplicationContext.log SessionListener: contextInitialized()
15-Apr-2024 19:26:13.679 INFO [main] org.apache.catalina.core.ApplicationContext.log ContextListener: attributeAdded('StockTicker', 'async.Stockticker@4536a09a')
15-Apr-2024 20:38:55.122 INFO [main] org.apache.catalina.core.ApplicationContext.log SessionListener: contextDestroyed()
15-Apr-2024 20:38:55.123 INFO [main] org.apache.catalina.core.ApplicationContext.log ContextListener: contextDestroyed()
15-Apr-2024 22:27:35.493 INFO [main] org.apache.catalina.core.ApplicationContext.log ContextListener: contextInitialized()
15-Apr-2024 22:27:35.493 INFO [main] org.apache.catalina.core.ApplicationContext.log SessionListener: contextInitialized()
15-Apr-2024 22:27:35.496 INFO [main] org.apache.catalina.core.ApplicationContext.log ContextListener: attributeAdded('StockTicker', 'async.Stockticker@3b7b0b57')
15-Apr-2024 22:27:56.505 INFO [main] org.apache.catalina.core.ApplicationContext.log SessionListener: contextDestroyed()
15-Apr-2024 22:27:56.505 INFO [main] org.apache.catalina.core.ApplicationContext.log ContextListener: contextDestroyed()
