14-Apr-2024 13:00:32.015 INFO [http-nio-8080-exec-5] org.apache.catalina.core.ApplicationContext.log Manager: init: Associated with Deployer 'Catalina:type=Deployer,host=localhost'
14-Apr-2024 13:00:32.015 INFO [http-nio-8080-exec-5] org.apache.catalina.core.ApplicationContext.log Manager: init: Global resources are available
14-Apr-2024 13:00:32.073 INFO [http-nio-8080-exec-6] org.apache.catalina.core.ApplicationContext.log Manager: list: Listing contexts for virtual host 'localhost'
14-Apr-2024 13:00:32.081 INFO [http-nio-8080-exec-9] org.apache.catalina.core.ApplicationContext.log Manager: list: Listing contexts for virtual host 'localhost'
14-Apr-2024 13:00:32.199 INFO [http-nio-8080-exec-10] org.apache.catalina.core.ApplicationContext.log Manager: undeploy: Undeploying web application at '/TIENDA-ONLINE-HS'
14-Apr-2024 13:00:32.754 INFO [http-nio-8080-exec-8] org.apache.catalina.core.ApplicationContext.log Manager: install: Installing context configuration at 'file:/C:/Users/alexa/AppData/Local/Temp/context13750458834778827078.xml'
14-Apr-2024 13:06:47.383 INFO [http-nio-8080-exec-14] org.apache.catalina.core.ApplicationContext.log Manager: list: Listing contexts for virtual host 'localhost'
14-Apr-2024 13:06:47.682 INFO [http-nio-8080-exec-11] org.apache.catalina.core.ApplicationContext.log Manager: list: Listing contexts for virtual host 'localhost'
14-Apr-2024 13:06:47.690 INFO [http-nio-8080-exec-15] org.apache.catalina.core.ApplicationContext.log Manager: restart: Reloading web application '/TIENDA-ONLINE-HS'
14-Apr-2024 13:06:48.552 INFO [http-nio-8080-exec-12] org.apache.catalina.core.ApplicationContext.log Manager: list: Listing contexts for virtual host 'localhost'
14-Apr-2024 13:06:48.558 INFO [http-nio-8080-exec-17] org.apache.catalina.core.ApplicationContext.log Manager: list: Listing contexts for virtual host 'localhost'
14-Apr-2024 13:06:48.826 INFO [http-nio-8080-exec-11] org.apache.catalina.core.ApplicationContext.log Manager: restart: Reloading web application '/TIENDA-ONLINE-HS'
14-Apr-2024 13:10:09.777 INFO [http-nio-8080-exec-25] org.apache.catalina.core.ApplicationContext.log Manager: list: Listing contexts for virtual host 'localhost'
14-Apr-2024 13:10:09.920 INFO [http-nio-8080-exec-31] org.apache.catalina.core.ApplicationContext.log Manager: list: Listing contexts for virtual host 'localhost'
14-Apr-2024 13:10:09.926 INFO [http-nio-8080-exec-25] org.apache.catalina.core.ApplicationContext.log Manager: undeploy: Undeploying web application at '/TIENDA-ONLINE-HS'
14-Apr-2024 13:10:10.103 INFO [http-nio-8080-exec-29] org.apache.catalina.core.ApplicationContext.log Manager: list: Listing contexts for virtual host 'localhost'
14-Apr-2024 13:10:10.482 INFO [http-nio-8080-exec-27] org.apache.catalina.core.ApplicationContext.log Manager: restart: Reloading web application '/TIENDA-ONLINE-HS'
14-Apr-2024 13:10:14.207 INFO [http-nio-8080-exec-31] org.apache.catalina.core.ApplicationContext.log Manager: list: Listing contexts for virtual host 'localhost'
14-Apr-2024 13:10:14.212 INFO [http-nio-8080-exec-26] org.apache.catalina.core.ApplicationContext.log Manager: list: Listing contexts for virtual host 'localhost'
14-Apr-2024 13:10:14.233 INFO [http-nio-8080-exec-24] org.apache.catalina.core.ApplicationContext.log Manager: install: Installing context configuration at 'file:/C:/Users/alexa/AppData/Local/Temp/context210000582924254776.xml'
14-Apr-2024 13:10:15.241 INFO [http-nio-8080-exec-29] org.apache.catalina.core.ApplicationContext.log Manager: start: Starting web application '/TIENDA-ONLINE-HS'
14-Apr-2024 13:10:42.518 INFO [http-nio-8080-exec-33] org.apache.catalina.core.ApplicationContext.log Manager: list: Listing contexts for virtual host 'localhost'
14-Apr-2024 13:10:42.523 INFO [http-nio-8080-exec-36] org.apache.catalina.core.ApplicationContext.log Manager: list: Listing contexts for virtual host 'localhost'
14-Apr-2024 13:10:42.542 INFO [http-nio-8080-exec-31] org.apache.catalina.core.ApplicationContext.log Manager: undeploy: Undeploying web application at '/TIENDA-ONLINE-HS'
14-Apr-2024 13:10:43.081 INFO [http-nio-8080-exec-22] org.apache.catalina.core.ApplicationContext.log Manager: install: Installing context configuration at 'file:/C:/Users/alexa/AppData/Local/Temp/context16818844717696610511.xml'
14-Apr-2024 13:10:43.378 INFO [http-nio-8080-exec-35] org.apache.catalina.core.ApplicationContext.log Manager: list: Listing contexts for virtual host 'localhost'
14-Apr-2024 13:10:43.383 INFO [http-nio-8080-exec-28] org.apache.catalina.core.ApplicationContext.log Manager: list: Listing contexts for virtual host 'localhost'
14-Apr-2024 13:10:44.359 INFO [http-nio-8080-exec-36] org.apache.catalina.core.ApplicationContext.log Manager: start: Starting web application '/TIENDA-ONLINE-HS'
14-Apr-2024 13:10:50.141 INFO [http-nio-8080-exec-34] org.apache.catalina.core.ApplicationContext.log Manager: list: Listing contexts for virtual host 'localhost'
14-Apr-2024 13:10:50.149 INFO [http-nio-8080-exec-28] org.apache.catalina.core.ApplicationContext.log Manager: undeploy: Undeploying web application at '/TIENDA-ONLINE-HS'
14-Apr-2024 13:11:03.045 INFO [http-nio-8080-exec-36] org.apache.catalina.core.ApplicationContext.log Manager: list: Listing contexts for virtual host 'localhost'
14-Apr-2024 13:11:03.049 INFO [http-nio-8080-exec-34] org.apache.catalina.core.ApplicationContext.log Manager: list: Listing contexts for virtual host 'localhost'
14-Apr-2024 13:11:03.064 INFO [http-nio-8080-exec-40] org.apache.catalina.core.ApplicationContext.log Manager: install: Installing context configuration at 'file:/C:/Users/alexa/AppData/Local/Temp/context4204540932769951634.xml'
14-Apr-2024 13:11:03.895 INFO [http-nio-8080-exec-41] org.apache.catalina.core.ApplicationContext.log Manager: start: Starting web application '/TIENDA-ONLINE-HS'
14-Apr-2024 13:11:17.246 INFO [http-nio-8080-exec-40] org.apache.catalina.core.ApplicationContext.log Manager: list: Listing contexts for virtual host 'localhost'
14-Apr-2024 13:11:18.053 INFO [http-nio-8080-exec-38] org.apache.catalina.core.ApplicationContext.log Manager: list: Listing contexts for virtual host 'localhost'
14-Apr-2024 13:11:18.057 INFO [http-nio-8080-exec-40] org.apache.catalina.core.ApplicationContext.log Manager: list: Listing contexts for virtual host 'localhost'
14-Apr-2024 13:11:44.966 INFO [http-nio-8080-exec-45] org.apache.catalina.core.ApplicationContext.log Manager: list: Listing contexts for virtual host 'localhost'
14-Apr-2024 13:11:45.307 INFO [http-nio-8080-exec-49] org.apache.catalina.core.ApplicationContext.log Manager: list: Listing contexts for virtual host 'localhost'
14-Apr-2024 13:11:45.312 INFO [http-nio-8080-exec-41] org.apache.catalina.core.ApplicationContext.log Manager: restart: Reloading web application '/TIENDA-ONLINE-HS'
14-Apr-2024 13:11:46.233 INFO [http-nio-8080-exec-44] org.apache.catalina.core.ApplicationContext.log Manager: list: Listing contexts for virtual host 'localhost'
14-Apr-2024 13:11:46.238 INFO [http-nio-8080-exec-34] org.apache.catalina.core.ApplicationContext.log Manager: list: Listing contexts for virtual host 'localhost'
14-Apr-2024 13:11:46.397 INFO [http-nio-8080-exec-48] org.apache.catalina.core.ApplicationContext.log Manager: restart: Reloading web application '/TIENDA-ONLINE-HS'
14-Apr-2024 13:15:27.402 INFO [http-nio-8080-exec-54] org.apache.catalina.core.ApplicationContext.log Manager: list: Listing contexts for virtual host 'localhost'
14-Apr-2024 13:15:27.417 INFO [http-nio-8080-exec-55] org.apache.catalina.core.ApplicationContext.log Manager: restart: Reloading web application '/TIENDA-ONLINE-HS'
14-Apr-2024 13:15:28.877 INFO [http-nio-8080-exec-54] org.apache.catalina.core.ApplicationContext.log Manager: list: Listing contexts for virtual host 'localhost'
14-Apr-2024 13:15:28.888 INFO [http-nio-8080-exec-53] org.apache.catalina.core.ApplicationContext.log Manager: restart: Reloading web application '/TIENDA-ONLINE-HS'
14-Apr-2024 13:18:26.814 INFO [http-nio-8080-exec-63] org.apache.catalina.core.ApplicationContext.log Manager: list: Listing contexts for virtual host 'localhost'
14-Apr-2024 13:18:27.174 INFO [http-nio-8080-exec-65] org.apache.catalina.core.ApplicationContext.log Manager: list: Listing contexts for virtual host 'localhost'
14-Apr-2024 13:18:27.180 INFO [http-nio-8080-exec-54] org.apache.catalina.core.ApplicationContext.log Manager: restart: Reloading web application '/TIENDA-ONLINE-HS'
14-Apr-2024 13:18:28.010 INFO [http-nio-8080-exec-62] org.apache.catalina.core.ApplicationContext.log Manager: list: Listing contexts for virtual host 'localhost'
14-Apr-2024 13:18:28.014 INFO [http-nio-8080-exec-58] org.apache.catalina.core.ApplicationContext.log Manager: list: Listing contexts for virtual host 'localhost'
14-Apr-2024 13:18:28.213 INFO [http-nio-8080-exec-66] org.apache.catalina.core.ApplicationContext.log Manager: restart: Reloading web application '/TIENDA-ONLINE-HS'
14-Apr-2024 13:19:19.414 INFO [http-nio-8080-exec-62] org.apache.catalina.core.ApplicationContext.log Manager: list: Listing contexts for virtual host 'localhost'
14-Apr-2024 13:19:19.421 INFO [http-nio-8080-exec-73] org.apache.catalina.core.ApplicationContext.log Manager: restart: Reloading web application '/TIENDA-ONLINE-HS'
14-Apr-2024 13:19:19.647 INFO [http-nio-8080-exec-67] org.apache.catalina.core.ApplicationContext.log Manager: list: Listing contexts for virtual host 'localhost'
14-Apr-2024 13:19:19.651 INFO [http-nio-8080-exec-72] org.apache.catalina.core.ApplicationContext.log Manager: list: Listing contexts for virtual host 'localhost'
14-Apr-2024 13:19:20.490 INFO [http-nio-8080-exec-63] org.apache.catalina.core.ApplicationContext.log Manager: restart: Reloading web application '/TIENDA-ONLINE-HS'
14-Apr-2024 13:19:42.197 INFO [http-nio-8080-exec-75] org.apache.catalina.core.ApplicationContext.log Manager: list: Listing contexts for virtual host 'localhost'
14-Apr-2024 13:19:42.201 INFO [http-nio-8080-exec-77] org.apache.catalina.core.ApplicationContext.log Manager: undeploy: Undeploying web application at '/TIENDA-ONLINE-HS'
14-Apr-2024 13:19:42.485 INFO [http-nio-8080-exec-61] org.apache.catalina.core.ApplicationContext.log Manager: list: Listing contexts for virtual host 'localhost'
14-Apr-2024 13:19:42.734 INFO [http-nio-8080-exec-70] org.apache.catalina.core.ApplicationContext.log Manager: restart: Reloading web application '/TIENDA-ONLINE-HS'
14-Apr-2024 13:20:06.203 INFO [http-nio-8080-exec-76] org.apache.catalina.core.ApplicationContext.log Manager: list: Listing contexts for virtual host 'localhost'
14-Apr-2024 13:20:11.013 INFO [http-nio-8080-exec-81] org.apache.catalina.core.ApplicationContext.log Manager: list: Listing contexts for virtual host 'localhost'
14-Apr-2024 13:20:11.016 INFO [http-nio-8080-exec-77] org.apache.catalina.core.ApplicationContext.log Manager: list: Listing contexts for virtual host 'localhost'
14-Apr-2024 13:20:11.032 INFO [http-nio-8080-exec-78] org.apache.catalina.core.ApplicationContext.log Manager: install: Installing context configuration at 'file:/C:/Users/alexa/AppData/Local/Temp/context17374260174547760051.xml'
14-Apr-2024 13:20:11.870 INFO [http-nio-8080-exec-76] org.apache.catalina.core.ApplicationContext.log Manager: start: Starting web application '/TIENDA-ONLINE-HS'
14-Apr-2024 13:20:54.240 INFO [http-nio-8080-exec-83] org.apache.catalina.core.ApplicationContext.log Manager: list: Listing contexts for virtual host 'localhost'
14-Apr-2024 13:20:54.245 INFO [http-nio-8080-exec-84] org.apache.catalina.core.ApplicationContext.log Manager: list: Listing contexts for virtual host 'localhost'
14-Apr-2024 13:20:54.262 INFO [http-nio-8080-exec-82] org.apache.catalina.core.ApplicationContext.log Manager: undeploy: Undeploying web application at '/TIENDA-ONLINE-HS'
14-Apr-2024 13:20:54.807 INFO [http-nio-8080-exec-84] org.apache.catalina.core.ApplicationContext.log Manager: install: Installing context configuration at 'file:/C:/Users/alexa/AppData/Local/Temp/context6961511355197756643.xml'
14-Apr-2024 13:20:55.057 INFO [http-nio-8080-exec-86] org.apache.catalina.core.ApplicationContext.log Manager: list: Listing contexts for virtual host 'localhost'
14-Apr-2024 13:20:55.060 INFO [http-nio-8080-exec-82] org.apache.catalina.core.ApplicationContext.log Manager: list: Listing contexts for virtual host 'localhost'
14-Apr-2024 13:20:56.091 INFO [http-nio-8080-exec-61] org.apache.catalina.core.ApplicationContext.log Manager: start: Starting web application '/TIENDA-ONLINE-HS'
14-Apr-2024 13:20:58.819 INFO [http-nio-8080-exec-86] org.apache.catalina.core.ApplicationContext.log Manager: list: Listing contexts for virtual host 'localhost'
14-Apr-2024 13:20:58.825 INFO [http-nio-8080-exec-78] org.apache.catalina.core.ApplicationContext.log Manager: undeploy: Undeploying web application at '/TIENDA-ONLINE-HS'
14-Apr-2024 13:21:02.072 INFO [http-nio-8080-exec-61] org.apache.catalina.core.ApplicationContext.log Manager: list: Listing contexts for virtual host 'localhost'
14-Apr-2024 13:21:02.076 INFO [http-nio-8080-exec-84] org.apache.catalina.core.ApplicationContext.log Manager: list: Listing contexts for virtual host 'localhost'
14-Apr-2024 13:21:02.092 INFO [http-nio-8080-exec-83] org.apache.catalina.core.ApplicationContext.log Manager: install: Installing context configuration at 'file:/C:/Users/alexa/AppData/Local/Temp/context15598047477903462942.xml'
14-Apr-2024 13:21:03.015 INFO [http-nio-8080-exec-78] org.apache.catalina.core.ApplicationContext.log Manager: start: Starting web application '/TIENDA-ONLINE-HS'
14-Apr-2024 13:21:21.137 INFO [http-nio-8080-exec-85] org.apache.catalina.core.ApplicationContext.log Manager: list: Listing contexts for virtual host 'localhost'
14-Apr-2024 13:21:21.143 INFO [http-nio-8080-exec-93] org.apache.catalina.core.ApplicationContext.log Manager: restart: Reloading web application '/TIENDA-ONLINE-HS'
14-Apr-2024 13:21:21.350 INFO [http-nio-8080-exec-92] org.apache.catalina.core.ApplicationContext.log Manager: list: Listing contexts for virtual host 'localhost'
14-Apr-2024 13:21:21.354 INFO [http-nio-8080-exec-79] org.apache.catalina.core.ApplicationContext.log Manager: list: Listing contexts for virtual host 'localhost'
14-Apr-2024 13:21:22.195 INFO [http-nio-8080-exec-83] org.apache.catalina.core.ApplicationContext.log Manager: restart: Reloading web application '/TIENDA-ONLINE-HS'
14-Apr-2024 13:22:28.074 INFO [http-nio-8080-exec-99] org.apache.catalina.core.ApplicationContext.log Manager: list: Listing contexts for virtual host 'localhost'
14-Apr-2024 13:22:28.082 INFO [http-nio-8080-exec-98] org.apache.catalina.core.ApplicationContext.log Manager: restart: Reloading web application '/TIENDA-ONLINE-HS'
14-Apr-2024 13:22:28.302 INFO [http-nio-8080-exec-90] org.apache.catalina.core.ApplicationContext.log Manager: list: Listing contexts for virtual host 'localhost'
14-Apr-2024 13:22:28.305 INFO [http-nio-8080-exec-102] org.apache.catalina.core.ApplicationContext.log Manager: list: Listing contexts for virtual host 'localhost'
14-Apr-2024 13:22:29.057 INFO [http-nio-8080-exec-90] org.apache.catalina.core.ApplicationContext.log Manager: restart: Reloading web application '/TIENDA-ONLINE-HS'
14-Apr-2024 13:22:46.931 INFO [http-nio-8080-exec-100] org.apache.catalina.core.ApplicationContext.log Manager: list: Listing contexts for virtual host 'localhost'
14-Apr-2024 13:22:47.037 INFO [http-nio-8080-exec-103] org.apache.catalina.core.ApplicationContext.log Manager: list: Listing contexts for virtual host 'localhost'
14-Apr-2024 13:22:47.041 INFO [http-nio-8080-exec-100] org.apache.catalina.core.ApplicationContext.log Manager: undeploy: Undeploying web application at '/TIENDA-ONLINE-HS'
14-Apr-2024 13:22:49.906 INFO [http-nio-8080-exec-106] org.apache.catalina.core.ApplicationContext.log Manager: list: Listing contexts for virtual host 'localhost'
14-Apr-2024 13:22:49.910 INFO [http-nio-8080-exec-98] org.apache.catalina.core.ApplicationContext.log Manager: list: Listing contexts for virtual host 'localhost'
14-Apr-2024 13:22:49.926 INFO [http-nio-8080-exec-101] org.apache.catalina.core.ApplicationContext.log Manager: install: Installing context configuration at 'file:/C:/Users/alexa/AppData/Local/Temp/context18292660966861477826.xml'
14-Apr-2024 13:22:50.841 INFO [http-nio-8080-exec-106] org.apache.catalina.core.ApplicationContext.log Manager: start: Starting web application '/TIENDA-ONLINE-HS'
14-Apr-2024 13:23:32.795 INFO [http-nio-8080-exec-97] org.apache.catalina.core.ApplicationContext.log Manager: list: Listing contexts for virtual host 'localhost'
14-Apr-2024 13:23:33.376 INFO [http-nio-8080-exec-110] org.apache.catalina.core.ApplicationContext.log Manager: list: Listing contexts for virtual host 'localhost'
14-Apr-2024 13:23:33.380 INFO [http-nio-8080-exec-101] org.apache.catalina.core.ApplicationContext.log Manager: list: Listing contexts for virtual host 'localhost'
14-Apr-2024 13:28:23.488 INFO [http-nio-8080-exec-108] org.apache.catalina.core.ApplicationContext.log Manager: list: Listing contexts for virtual host 'localhost'
14-Apr-2024 13:28:23.495 INFO [http-nio-8080-exec-111] org.apache.catalina.core.ApplicationContext.log Manager: restart: Reloading web application '/TIENDA-ONLINE-HS'
14-Apr-2024 13:28:23.705 INFO [http-nio-8080-exec-109] org.apache.catalina.core.ApplicationContext.log Manager: list: Listing contexts for virtual host 'localhost'
14-Apr-2024 13:28:23.709 INFO [http-nio-8080-exec-112] org.apache.catalina.core.ApplicationContext.log Manager: list: Listing contexts for virtual host 'localhost'
14-Apr-2024 13:28:24.492 INFO [http-nio-8080-exec-116] org.apache.catalina.core.ApplicationContext.log Manager: restart: Reloading web application '/TIENDA-ONLINE-HS'
14-Apr-2024 13:29:47.860 INFO [http-nio-8080-exec-119] org.apache.catalina.core.ApplicationContext.log Manager: list: Listing contexts for virtual host 'localhost'
14-Apr-2024 13:29:48.622 INFO [http-nio-8080-exec-111] org.apache.catalina.core.ApplicationContext.log Manager: list: Listing contexts for virtual host 'localhost'
14-Apr-2024 13:29:48.625 INFO [http-nio-8080-exec-125] org.apache.catalina.core.ApplicationContext.log Manager: list: Listing contexts for virtual host 'localhost'
14-Apr-2024 13:36:01.751 INFO [http-nio-8080-exec-123] org.apache.catalina.core.ApplicationContext.log Manager: list: Listing contexts for virtual host 'localhost'
14-Apr-2024 13:36:02.521 INFO [http-nio-8080-exec-126] org.apache.catalina.core.ApplicationContext.log Manager: list: Listing contexts for virtual host 'localhost'
14-Apr-2024 13:36:02.524 INFO [http-nio-8080-exec-121] org.apache.catalina.core.ApplicationContext.log Manager: list: Listing contexts for virtual host 'localhost'
14-Apr-2024 13:37:06.848 INFO [http-nio-8080-exec-120] org.apache.catalina.core.ApplicationContext.log Manager: list: Listing contexts for virtual host 'localhost'
14-Apr-2024 13:37:07.614 INFO [http-nio-8080-exec-118] org.apache.catalina.core.ApplicationContext.log Manager: list: Listing contexts for virtual host 'localhost'
14-Apr-2024 13:37:07.617 INFO [http-nio-8080-exec-127] org.apache.catalina.core.ApplicationContext.log Manager: list: Listing contexts for virtual host 'localhost'
14-Apr-2024 13:40:50.162 INFO [http-nio-8080-exec-125] org.apache.catalina.core.ApplicationContext.log Manager: list: Listing contexts for virtual host 'localhost'
14-Apr-2024 13:40:50.934 INFO [http-nio-8080-exec-121] org.apache.catalina.core.ApplicationContext.log Manager: list: Listing contexts for virtual host 'localhost'
14-Apr-2024 13:40:50.937 INFO [http-nio-8080-exec-127] org.apache.catalina.core.ApplicationContext.log Manager: list: Listing contexts for virtual host 'localhost'
14-Apr-2024 13:42:17.129 INFO [http-nio-8080-exec-118] org.apache.catalina.core.ApplicationContext.log Manager: list: Listing contexts for virtual host 'localhost'
14-Apr-2024 13:42:17.228 INFO [http-nio-8080-exec-123] org.apache.catalina.core.ApplicationContext.log Manager: list: Listing contexts for virtual host 'localhost'
14-Apr-2024 13:42:17.232 INFO [http-nio-8080-exec-118] org.apache.catalina.core.ApplicationContext.log Manager: undeploy: Undeploying web application at '/TIENDA-ONLINE-HS'
14-Apr-2024 13:42:19.777 INFO [http-nio-8080-exec-129] org.apache.catalina.core.ApplicationContext.log Manager: list: Listing contexts for virtual host 'localhost'
14-Apr-2024 13:42:19.781 INFO [http-nio-8080-exec-126] org.apache.catalina.core.ApplicationContext.log Manager: list: Listing contexts for virtual host 'localhost'
14-Apr-2024 13:42:19.798 INFO [http-nio-8080-exec-127] org.apache.catalina.core.ApplicationContext.log Manager: install: Installing context configuration at 'file:/C:/Users/alexa/AppData/Local/Temp/context1904473951422259780.xml'
14-Apr-2024 13:42:20.767 INFO [http-nio-8080-exec-128] org.apache.catalina.core.ApplicationContext.log Manager: start: Starting web application '/TIENDA-ONLINE-HS'
14-Apr-2024 13:43:08.363 INFO [http-nio-8080-exec-129] org.apache.catalina.core.ApplicationContext.log Manager: list: Listing contexts for virtual host 'localhost'
14-Apr-2024 13:43:08.453 INFO [http-nio-8080-exec-130] org.apache.catalina.core.ApplicationContext.log Manager: list: Listing contexts for virtual host 'localhost'
14-Apr-2024 13:43:08.457 INFO [http-nio-8080-exec-129] org.apache.catalina.core.ApplicationContext.log Manager: undeploy: Undeploying web application at '/TIENDA-ONLINE-HS'
14-Apr-2024 13:43:12.592 INFO [http-nio-8080-exec-133] org.apache.catalina.core.ApplicationContext.log Manager: list: Listing contexts for virtual host 'localhost'
14-Apr-2024 13:43:12.596 INFO [http-nio-8080-exec-131] org.apache.catalina.core.ApplicationContext.log Manager: list: Listing contexts for virtual host 'localhost'
14-Apr-2024 13:43:12.614 INFO [http-nio-8080-exec-137] org.apache.catalina.core.ApplicationContext.log Manager: install: Installing context configuration at 'file:/C:/Users/alexa/AppData/Local/Temp/context17417324516673892508.xml'
14-Apr-2024 13:43:13.558 INFO [http-nio-8080-exec-129] org.apache.catalina.core.ApplicationContext.log Manager: start: Starting web application '/TIENDA-ONLINE-HS'
14-Apr-2024 13:44:31.367 INFO [http-nio-8080-exec-141] org.apache.catalina.core.ApplicationContext.log Manager: list: Listing contexts for virtual host 'localhost'
14-Apr-2024 13:44:32.100 INFO [http-nio-8080-exec-145] org.apache.catalina.core.ApplicationContext.log Manager: list: Listing contexts for virtual host 'localhost'
14-Apr-2024 13:44:32.105 INFO [http-nio-8080-exec-143] org.apache.catalina.core.ApplicationContext.log Manager: list: Listing contexts for virtual host 'localhost'
14-Apr-2024 13:46:50.809 INFO [http-nio-8080-exec-142] org.apache.catalina.core.ApplicationContext.log Manager: list: Listing contexts for virtual host 'localhost'
14-Apr-2024 13:46:50.917 INFO [http-nio-8080-exec-139] org.apache.catalina.core.ApplicationContext.log Manager: list: Listing contexts for virtual host 'localhost'
14-Apr-2024 13:46:50.921 INFO [http-nio-8080-exec-141] org.apache.catalina.core.ApplicationContext.log Manager: undeploy: Undeploying web application at '/TIENDA-ONLINE-HS'
14-Apr-2024 13:46:56.617 INFO [http-nio-8080-exec-149] org.apache.catalina.core.ApplicationContext.log Manager: list: Listing contexts for virtual host 'localhost'
14-Apr-2024 13:46:56.620 INFO [http-nio-8080-exec-138] org.apache.catalina.core.ApplicationContext.log Manager: list: Listing contexts for virtual host 'localhost'
14-Apr-2024 13:46:56.633 INFO [http-nio-8080-exec-144] org.apache.catalina.core.ApplicationContext.log Manager: install: Installing context configuration at 'file:/C:/Users/alexa/AppData/Local/Temp/context17981587463097493700.xml'
14-Apr-2024 13:46:57.504 INFO [http-nio-8080-exec-140] org.apache.catalina.core.ApplicationContext.log Manager: start: Starting web application '/TIENDA-ONLINE-HS'
14-Apr-2024 13:47:19.643 INFO [http-nio-8080-exec-138] org.apache.catalina.core.ApplicationContext.log Manager: list: Listing contexts for virtual host 'localhost'
14-Apr-2024 13:47:20.203 INFO [http-nio-8080-exec-150] org.apache.catalina.core.ApplicationContext.log Manager: list: Listing contexts for virtual host 'localhost'
14-Apr-2024 13:47:20.205 INFO [http-nio-8080-exec-143] org.apache.catalina.core.ApplicationContext.log Manager: list: Listing contexts for virtual host 'localhost'
14-Apr-2024 13:47:40.124 INFO [http-nio-8080-exec-138] org.apache.catalina.core.ApplicationContext.log Manager: list: Listing contexts for virtual host 'localhost'
14-Apr-2024 13:47:40.898 INFO [http-nio-8080-exec-150] org.apache.catalina.core.ApplicationContext.log Manager: list: Listing contexts for virtual host 'localhost'
14-Apr-2024 13:47:40.902 INFO [http-nio-8080-exec-138] org.apache.catalina.core.ApplicationContext.log Manager: list: Listing contexts for virtual host 'localhost'
14-Apr-2024 13:49:54.321 INFO [http-nio-8080-exec-151] org.apache.catalina.core.ApplicationContext.log Manager: list: Listing contexts for virtual host 'localhost'
14-Apr-2024 13:49:55.036 INFO [http-nio-8080-exec-149] org.apache.catalina.core.ApplicationContext.log Manager: list: Listing contexts for virtual host 'localhost'
14-Apr-2024 13:49:55.039 INFO [http-nio-8080-exec-157] org.apache.catalina.core.ApplicationContext.log Manager: list: Listing contexts for virtual host 'localhost'
14-Apr-2024 13:50:55.576 INFO [http-nio-8080-exec-151] org.apache.catalina.core.ApplicationContext.log Manager: list: Listing contexts for virtual host 'localhost'
14-Apr-2024 13:50:56.313 INFO [http-nio-8080-exec-155] org.apache.catalina.core.ApplicationContext.log Manager: list: Listing contexts for virtual host 'localhost'
14-Apr-2024 13:50:56.316 INFO [http-nio-8080-exec-157] org.apache.catalina.core.ApplicationContext.log Manager: list: Listing contexts for virtual host 'localhost'
14-Apr-2024 13:53:49.220 INFO [http-nio-8080-exec-148] org.apache.catalina.core.ApplicationContext.log Manager: list: Listing contexts for virtual host 'localhost'
14-Apr-2024 13:53:49.947 INFO [http-nio-8080-exec-150] org.apache.catalina.core.ApplicationContext.log Manager: list: Listing contexts for virtual host 'localhost'
14-Apr-2024 13:53:49.950 INFO [http-nio-8080-exec-151] org.apache.catalina.core.ApplicationContext.log Manager: list: Listing contexts for virtual host 'localhost'
14-Apr-2024 13:57:21.033 INFO [http-nio-8080-exec-148] org.apache.catalina.core.ApplicationContext.log Manager: list: Listing contexts for virtual host 'localhost'
14-Apr-2024 13:57:21.297 INFO [http-nio-8080-exec-152] org.apache.catalina.core.ApplicationContext.log Manager: list: Listing contexts for virtual host 'localhost'
14-Apr-2024 13:57:21.303 INFO [http-nio-8080-exec-150] org.apache.catalina.core.ApplicationContext.log Manager: restart: Reloading web application '/TIENDA-ONLINE-HS'
14-Apr-2024 13:57:22.093 INFO [http-nio-8080-exec-148] org.apache.catalina.core.ApplicationContext.log Manager: list: Listing contexts for virtual host 'localhost'
14-Apr-2024 13:57:22.096 INFO [http-nio-8080-exec-153] org.apache.catalina.core.ApplicationContext.log Manager: list: Listing contexts for virtual host 'localhost'
14-Apr-2024 13:57:22.334 INFO [http-nio-8080-exec-148] org.apache.catalina.core.ApplicationContext.log Manager: restart: Reloading web application '/TIENDA-ONLINE-HS'
14-Apr-2024 13:59:43.261 INFO [http-nio-8080-exec-160] org.apache.catalina.core.ApplicationContext.log Manager: list: Listing contexts for virtual host 'localhost'
14-Apr-2024 13:59:43.553 INFO [http-nio-8080-exec-161] org.apache.catalina.core.ApplicationContext.log Manager: list: Listing contexts for virtual host 'localhost'
14-Apr-2024 13:59:43.558 INFO [http-nio-8080-exec-163] org.apache.catalina.core.ApplicationContext.log Manager: restart: Reloading web application '/TIENDA-ONLINE-HS'
14-Apr-2024 13:59:44.317 INFO [http-nio-8080-exec-161] org.apache.catalina.core.ApplicationContext.log Manager: list: Listing contexts for virtual host 'localhost'
14-Apr-2024 13:59:44.320 INFO [http-nio-8080-exec-160] org.apache.catalina.core.ApplicationContext.log Manager: list: Listing contexts for virtual host 'localhost'
14-Apr-2024 13:59:44.531 INFO [http-nio-8080-exec-169] org.apache.catalina.core.ApplicationContext.log Manager: restart: Reloading web application '/TIENDA-ONLINE-HS'
14-Apr-2024 14:01:09.852 INFO [http-nio-8080-exec-176] org.apache.catalina.core.ApplicationContext.log Manager: list: Listing contexts for virtual host 'localhost'
14-Apr-2024 14:01:09.855 INFO [http-nio-8080-exec-177] org.apache.catalina.core.ApplicationContext.log Manager: list: Listing contexts for virtual host 'localhost'
14-Apr-2024 14:01:09.869 INFO [http-nio-8080-exec-178] org.apache.catalina.core.ApplicationContext.log Manager: undeploy: Undeploying web application at '/TIENDA-ONLINE-HS'
14-Apr-2024 14:01:10.197 INFO [http-nio-8080-exec-170] org.apache.catalina.core.ApplicationContext.log Manager: list: Listing contexts for virtual host 'localhost'
14-Apr-2024 14:01:10.397 INFO [http-nio-8080-exec-179] org.apache.catalina.core.ApplicationContext.log Manager: undeploy: Undeploying web application at '/TIENDA-ONLINE-HS'
14-Apr-2024 14:01:10.412 INFO [http-nio-8080-exec-176] org.apache.catalina.core.ApplicationContext.log Manager: install: Installing context configuration at 'file:/C:/Users/alexa/AppData/Local/Temp/context13410580475036925255.xml'
14-Apr-2024 14:01:10.461 INFO [http-nio-8080-exec-177] org.apache.catalina.core.ApplicationContext.log Manager: start: Starting web application '/TIENDA-ONLINE-HS'
14-Apr-2024 14:03:42.755 INFO [http-nio-8080-exec-183] org.apache.catalina.core.ApplicationContext.log Manager: list: Listing contexts for virtual host 'localhost'
14-Apr-2024 14:03:42.759 INFO [http-nio-8080-exec-170] org.apache.catalina.core.ApplicationContext.log Manager: list: Listing contexts for virtual host 'localhost'
14-Apr-2024 14:03:42.809 INFO [http-nio-8080-exec-176] org.apache.catalina.core.ApplicationContext.log Manager: undeploy: Undeploying web application at '/TIENDA-ONLINE-HS'
14-Apr-2024 14:03:43.324 INFO [http-nio-8080-exec-181] org.apache.catalina.core.ApplicationContext.log Manager: install: Installing context configuration at 'file:/C:/Users/alexa/AppData/Local/Temp/context11296669424091530168.xml'
14-Apr-2024 14:08:45.399 INFO [http-nio-8080-exec-193] org.apache.catalina.core.ApplicationContext.log Manager: list: Listing contexts for virtual host 'localhost'
14-Apr-2024 14:08:45.407 INFO [http-nio-8080-exec-192] org.apache.catalina.core.ApplicationContext.log Manager: restart: Reloading web application '/TIENDA-ONLINE-HS'
14-Apr-2024 14:08:45.599 INFO [http-nio-8080-exec-195] org.apache.catalina.core.ApplicationContext.log Manager: list: Listing contexts for virtual host 'localhost'
14-Apr-2024 14:08:45.601 INFO [http-nio-8080-exec-188] org.apache.catalina.core.ApplicationContext.log Manager: list: Listing contexts for virtual host 'localhost'
14-Apr-2024 14:08:46.384 INFO [http-nio-8080-exec-190] org.apache.catalina.core.ApplicationContext.log Manager: restart: Reloading web application '/TIENDA-ONLINE-HS'
14-Apr-2024 14:12:49.398 INFO [http-nio-8080-exec-199] org.apache.catalina.core.ApplicationContext.log Manager: list: Listing contexts for virtual host 'localhost'
14-Apr-2024 14:12:50.265 INFO [http-nio-8080-exec-205] org.apache.catalina.core.ApplicationContext.log Manager: list: Listing contexts for virtual host 'localhost'
14-Apr-2024 14:12:50.269 INFO [http-nio-8080-exec-202] org.apache.catalina.core.ApplicationContext.log Manager: list: Listing contexts for virtual host 'localhost'
14-Apr-2024 14:14:35.972 INFO [http-nio-8080-exec-196] org.apache.catalina.core.ApplicationContext.log Manager: list: Listing contexts for virtual host 'localhost'
14-Apr-2024 14:14:36.812 INFO [http-nio-8080-exec-197] org.apache.catalina.core.ApplicationContext.log Manager: list: Listing contexts for virtual host 'localhost'
14-Apr-2024 14:14:36.815 INFO [http-nio-8080-exec-200] org.apache.catalina.core.ApplicationContext.log Manager: list: Listing contexts for virtual host 'localhost'
14-Apr-2024 14:15:52.165 INFO [http-nio-8080-exec-200] org.apache.catalina.core.ApplicationContext.log Manager: list: Listing contexts for virtual host 'localhost'
14-Apr-2024 14:15:52.172 INFO [http-nio-8080-exec-204] org.apache.catalina.core.ApplicationContext.log Manager: restart: Reloading web application '/TIENDA-ONLINE-HS'
14-Apr-2024 14:15:52.397 INFO [http-nio-8080-exec-203] org.apache.catalina.core.ApplicationContext.log Manager: list: Listing contexts for virtual host 'localhost'
14-Apr-2024 14:15:52.403 INFO [http-nio-8080-exec-197] org.apache.catalina.core.ApplicationContext.log Manager: list: Listing contexts for virtual host 'localhost'
14-Apr-2024 14:15:53.295 INFO [http-nio-8080-exec-206] org.apache.catalina.core.ApplicationContext.log Manager: restart: Reloading web application '/TIENDA-ONLINE-HS'
14-Apr-2024 14:18:33.914 INFO [http-nio-8080-exec-209] org.apache.catalina.core.ApplicationContext.log Manager: list: Listing contexts for virtual host 'localhost'
14-Apr-2024 14:18:33.916 INFO [http-nio-8080-exec-210] org.apache.catalina.core.ApplicationContext.log Manager: list: Listing contexts for virtual host 'localhost'
14-Apr-2024 14:18:33.927 INFO [http-nio-8080-exec-207] org.apache.catalina.core.ApplicationContext.log Manager: undeploy: Undeploying web application at '/TIENDA-ONLINE-HS'
14-Apr-2024 14:18:34.263 INFO [http-nio-8080-exec-212] org.apache.catalina.core.ApplicationContext.log Manager: list: Listing contexts for virtual host 'localhost'
14-Apr-2024 14:18:34.454 INFO [http-nio-8080-exec-211] org.apache.catalina.core.ApplicationContext.log Manager: undeploy: Undeploying web application at '/TIENDA-ONLINE-HS'
14-Apr-2024 14:18:34.469 INFO [http-nio-8080-exec-214] org.apache.catalina.core.ApplicationContext.log Manager: install: Installing context configuration at 'file:/C:/Users/alexa/AppData/Local/Temp/context3722390211983642804.xml'
14-Apr-2024 14:18:34.535 INFO [http-nio-8080-exec-208] org.apache.catalina.core.ApplicationContext.log Manager: start: Starting web application '/TIENDA-ONLINE-HS'
14-Apr-2024 14:18:38.951 INFO [http-nio-8080-exec-217] org.apache.catalina.core.ApplicationContext.log Manager: list: Listing contexts for virtual host 'localhost'
14-Apr-2024 14:18:38.954 INFO [http-nio-8080-exec-207] org.apache.catalina.core.ApplicationContext.log Manager: list: Listing contexts for virtual host 'localhost'
14-Apr-2024 14:18:38.986 INFO [http-nio-8080-exec-214] org.apache.catalina.core.ApplicationContext.log Manager: undeploy: Undeploying web application at '/TIENDA-ONLINE-HS'
14-Apr-2024 14:18:39.503 INFO [http-nio-8080-exec-212] org.apache.catalina.core.ApplicationContext.log Manager: install: Installing context configuration at 'file:/C:/Users/alexa/AppData/Local/Temp/context9234578526091542771.xml'
14-Apr-2024 14:19:04.815 INFO [http-nio-8080-exec-207] org.apache.catalina.core.ApplicationContext.log Manager: list: Listing contexts for virtual host 'localhost'
14-Apr-2024 14:19:04.820 INFO [http-nio-8080-exec-225] org.apache.catalina.core.ApplicationContext.log Manager: restart: Reloading web application '/TIENDA-ONLINE-HS'
14-Apr-2024 14:19:05.003 INFO [http-nio-8080-exec-222] org.apache.catalina.core.ApplicationContext.log Manager: list: Listing contexts for virtual host 'localhost'
14-Apr-2024 14:19:05.005 INFO [http-nio-8080-exec-219] org.apache.catalina.core.ApplicationContext.log Manager: list: Listing contexts for virtual host 'localhost'
14-Apr-2024 14:19:05.758 INFO [http-nio-8080-exec-224] org.apache.catalina.core.ApplicationContext.log Manager: restart: Reloading web application '/TIENDA-ONLINE-HS'
14-Apr-2024 14:26:38.514 INFO [http-nio-8080-exec-235] org.apache.catalina.core.ApplicationContext.log Manager: list: Listing contexts for virtual host 'localhost'
14-Apr-2024 14:26:38.517 INFO [http-nio-8080-exec-234] org.apache.catalina.core.ApplicationContext.log Manager: undeploy: Undeploying web application at '/TIENDA-ONLINE-HS'
14-Apr-2024 14:26:38.789 INFO [http-nio-8080-exec-229] org.apache.catalina.core.ApplicationContext.log Manager: list: Listing contexts for virtual host 'localhost'
14-Apr-2024 14:26:39.051 INFO [http-nio-8080-exec-236] org.apache.catalina.core.ApplicationContext.log Manager: restart: Reloading web application '/TIENDA-ONLINE-HS'
14-Apr-2024 14:28:57.965 INFO [http-nio-8080-exec-236] org.apache.catalina.core.ApplicationContext.log Manager: list: Listing contexts for virtual host 'localhost'
14-Apr-2024 14:28:57.967 INFO [http-nio-8080-exec-241] org.apache.catalina.core.ApplicationContext.log Manager: list: Listing contexts for virtual host 'localhost'
14-Apr-2024 14:28:57.982 INFO [http-nio-8080-exec-240] org.apache.catalina.core.ApplicationContext.log Manager: install: Installing context configuration at 'file:/C:/Users/alexa/AppData/Local/Temp/context17417766278984467157.xml'
14-Apr-2024 14:28:58.933 INFO [http-nio-8080-exec-234] org.apache.catalina.core.ApplicationContext.log Manager: start: Starting web application '/TIENDA-ONLINE-HS'
14-Apr-2024 14:28:58.976 INFO [http-nio-8080-exec-233] org.apache.catalina.core.ApplicationContext.log Manager: list: Listing contexts for virtual host 'localhost'
14-Apr-2024 14:28:58.978 INFO [http-nio-8080-exec-237] org.apache.catalina.core.ApplicationContext.log Manager: list: Listing contexts for virtual host 'localhost'
14-Apr-2024 14:28:59.016 INFO [http-nio-8080-exec-238] org.apache.catalina.core.ApplicationContext.log Manager: undeploy: Undeploying web application at '/TIENDA-ONLINE-HS'
14-Apr-2024 14:28:59.537 INFO [http-nio-8080-exec-240] org.apache.catalina.core.ApplicationContext.log Manager: install: Installing context configuration at 'file:/C:/Users/alexa/AppData/Local/Temp/context14757837005127562963.xml'
14-Apr-2024 14:33:02.479 INFO [http-nio-8080-exec-245] org.apache.catalina.core.ApplicationContext.log Manager: list: Listing contexts for virtual host 'localhost'
14-Apr-2024 14:33:02.715 INFO [http-nio-8080-exec-244] org.apache.catalina.core.ApplicationContext.log Manager: list: Listing contexts for virtual host 'localhost'
14-Apr-2024 14:33:02.720 INFO [http-nio-8080-exec-250] org.apache.catalina.core.ApplicationContext.log Manager: restart: Reloading web application '/TIENDA-ONLINE-HS'
14-Apr-2024 14:33:03.828 INFO [http-nio-8080-exec-245] org.apache.catalina.core.ApplicationContext.log Manager: list: Listing contexts for virtual host 'localhost'
14-Apr-2024 14:33:03.831 INFO [http-nio-8080-exec-249] org.apache.catalina.core.ApplicationContext.log Manager: list: Listing contexts for virtual host 'localhost'
14-Apr-2024 14:33:03.866 INFO [http-nio-8080-exec-247] org.apache.catalina.core.ApplicationContext.log Manager: restart: Reloading web application '/TIENDA-ONLINE-HS'
14-Apr-2024 14:33:04.019 INFO [http-nio-8080-exec-253] org.apache.catalina.core.ApplicationContext.log Manager: list: Listing contexts for virtual host 'localhost'
14-Apr-2024 14:33:04.717 INFO [http-nio-8080-exec-245] org.apache.catalina.core.ApplicationContext.log Manager: restart: Reloading web application '/TIENDA-ONLINE-HS'
14-Apr-2024 14:38:08.092 INFO [http-nio-8080-exec-261] org.apache.catalina.core.ApplicationContext.log Manager: list: Listing contexts for virtual host 'localhost'
14-Apr-2024 14:38:08.910 INFO [http-nio-8080-exec-264] org.apache.catalina.core.ApplicationContext.log Manager: list: Listing contexts for virtual host 'localhost'
14-Apr-2024 14:38:08.913 INFO [http-nio-8080-exec-259] org.apache.catalina.core.ApplicationContext.log Manager: list: Listing contexts for virtual host 'localhost'
14-Apr-2024 14:42:42.506 INFO [http-nio-8080-exec-259] org.apache.catalina.core.ApplicationContext.log Manager: list: Listing contexts for virtual host 'localhost'
14-Apr-2024 14:42:42.720 INFO [http-nio-8080-exec-258] org.apache.catalina.core.ApplicationContext.log Manager: list: Listing contexts for virtual host 'localhost'
14-Apr-2024 14:42:42.728 INFO [http-nio-8080-exec-264] org.apache.catalina.core.ApplicationContext.log Manager: restart: Reloading web application '/TIENDA-ONLINE-HS'
14-Apr-2024 14:42:43.825 INFO [http-nio-8080-exec-257] org.apache.catalina.core.ApplicationContext.log Manager: list: Listing contexts for virtual host 'localhost'
14-Apr-2024 14:42:43.829 INFO [http-nio-8080-exec-258] org.apache.catalina.core.ApplicationContext.log Manager: list: Listing contexts for virtual host 'localhost'
14-Apr-2024 14:42:43.859 INFO [http-nio-8080-exec-259] org.apache.catalina.core.ApplicationContext.log Manager: restart: Reloading web application '/TIENDA-ONLINE-HS'
14-Apr-2024 14:42:44.012 INFO [http-nio-8080-exec-258] org.apache.catalina.core.ApplicationContext.log Manager: list: Listing contexts for virtual host 'localhost'
14-Apr-2024 14:42:44.737 INFO [http-nio-8080-exec-265] org.apache.catalina.core.ApplicationContext.log Manager: restart: Reloading web application '/TIENDA-ONLINE-HS'
14-Apr-2024 14:45:04.914 INFO [http-nio-8080-exec-272] org.apache.catalina.core.ApplicationContext.log Manager: list: Listing contexts for virtual host 'localhost'
14-Apr-2024 14:45:04.920 INFO [http-nio-8080-exec-275] org.apache.catalina.core.ApplicationContext.log Manager: restart: Reloading web application '/TIENDA-ONLINE-HS'
14-Apr-2024 14:45:05.125 INFO [http-nio-8080-exec-269] org.apache.catalina.core.ApplicationContext.log Manager: list: Listing contexts for virtual host 'localhost'
14-Apr-2024 14:45:05.127 INFO [http-nio-8080-exec-262] org.apache.catalina.core.ApplicationContext.log Manager: list: Listing contexts for virtual host 'localhost'
14-Apr-2024 14:45:05.853 INFO [http-nio-8080-exec-271] org.apache.catalina.core.ApplicationContext.log Manager: restart: Reloading web application '/TIENDA-ONLINE-HS'
14-Apr-2024 14:47:54.346 INFO [http-nio-8080-exec-279] org.apache.catalina.core.ApplicationContext.log Manager: list: Listing contexts for virtual host 'localhost'
14-Apr-2024 14:47:54.352 INFO [http-nio-8080-exec-280] org.apache.catalina.core.ApplicationContext.log Manager: restart: Reloading web application '/TIENDA-ONLINE-HS'
14-Apr-2024 14:47:54.559 INFO [http-nio-8080-exec-278] org.apache.catalina.core.ApplicationContext.log Manager: list: Listing contexts for virtual host 'localhost'
14-Apr-2024 14:47:54.561 INFO [http-nio-8080-exec-285] org.apache.catalina.core.ApplicationContext.log Manager: list: Listing contexts for virtual host 'localhost'
14-Apr-2024 14:47:55.273 INFO [http-nio-8080-exec-277] org.apache.catalina.core.ApplicationContext.log Manager: restart: Reloading web application '/TIENDA-ONLINE-HS'
14-Apr-2024 16:16:12.730 INFO [http-nio-8080-exec-291] org.apache.catalina.core.ApplicationContext.log Manager: list: Listing contexts for virtual host 'localhost'
14-Apr-2024 16:16:12.733 INFO [http-nio-8080-exec-293] org.apache.catalina.core.ApplicationContext.log Manager: list: Listing contexts for virtual host 'localhost'
14-Apr-2024 16:20:05.120 INFO [http-nio-8080-exec-293] org.apache.catalina.core.ApplicationContext.log Manager: list: Listing contexts for virtual host 'localhost'
14-Apr-2024 16:20:05.856 INFO [http-nio-8080-exec-288] org.apache.catalina.core.ApplicationContext.log Manager: list: Listing contexts for virtual host 'localhost'
14-Apr-2024 16:20:05.858 INFO [http-nio-8080-exec-292] org.apache.catalina.core.ApplicationContext.log Manager: list: Listing contexts for virtual host 'localhost'
14-Apr-2024 16:20:40.576 INFO [http-nio-8080-exec-288] org.apache.catalina.core.ApplicationContext.log Manager: list: Listing contexts for virtual host 'localhost'
14-Apr-2024 16:20:40.582 INFO [http-nio-8080-exec-292] org.apache.catalina.core.ApplicationContext.log Manager: restart: Reloading web application '/TIENDA-ONLINE-HS'
14-Apr-2024 16:20:40.822 INFO [http-nio-8080-exec-286] org.apache.catalina.core.ApplicationContext.log Manager: list: Listing contexts for virtual host 'localhost'
14-Apr-2024 16:20:40.825 INFO [http-nio-8080-exec-295] org.apache.catalina.core.ApplicationContext.log Manager: list: Listing contexts for virtual host 'localhost'
14-Apr-2024 16:20:41.647 INFO [http-nio-8080-exec-296] org.apache.catalina.core.ApplicationContext.log Manager: restart: Reloading web application '/TIENDA-ONLINE-HS'
14-Apr-2024 16:21:45.158 INFO [http-nio-8080-exec-298] org.apache.catalina.core.ApplicationContext.log Manager: list: Listing contexts for virtual host 'localhost'
14-Apr-2024 16:21:45.479 INFO [http-nio-8080-exec-302] org.apache.catalina.core.ApplicationContext.log Manager: list: Listing contexts for virtual host 'localhost'
14-Apr-2024 16:21:45.485 INFO [http-nio-8080-exec-300] org.apache.catalina.core.ApplicationContext.log Manager: restart: Reloading web application '/TIENDA-ONLINE-HS'
14-Apr-2024 16:21:46.372 INFO [http-nio-8080-exec-298] org.apache.catalina.core.ApplicationContext.log Manager: list: Listing contexts for virtual host 'localhost'
14-Apr-2024 16:21:46.386 INFO [http-nio-8080-exec-290] org.apache.catalina.core.ApplicationContext.log Manager: list: Listing contexts for virtual host 'localhost'
14-Apr-2024 16:21:46.731 INFO [http-nio-8080-exec-304] org.apache.catalina.core.ApplicationContext.log Manager: restart: Reloading web application '/TIENDA-ONLINE-HS'
14-Apr-2024 16:24:21.455 INFO [http-nio-8080-exec-313] org.apache.catalina.core.ApplicationContext.log Manager: list: Listing contexts for virtual host 'localhost'
14-Apr-2024 16:24:21.460 INFO [http-nio-8080-exec-314] org.apache.catalina.core.ApplicationContext.log Manager: undeploy: Undeploying web application at '/TIENDA-ONLINE-HS'
14-Apr-2024 16:24:21.713 INFO [http-nio-8080-exec-307] org.apache.catalina.core.ApplicationContext.log Manager: list: Listing contexts for virtual host 'localhost'
14-Apr-2024 16:24:21.995 INFO [http-nio-8080-exec-315] org.apache.catalina.core.ApplicationContext.log Manager: restart: Reloading web application '/TIENDA-ONLINE-HS'
14-Apr-2024 16:24:42.673 INFO [http-nio-8080-exec-306] org.apache.catalina.core.ApplicationContext.log Manager: list: Listing contexts for virtual host 'localhost'
14-Apr-2024 16:24:42.675 INFO [http-nio-8080-exec-315] org.apache.catalina.core.ApplicationContext.log Manager: list: Listing contexts for virtual host 'localhost'
14-Apr-2024 16:24:42.688 INFO [http-nio-8080-exec-313] org.apache.catalina.core.ApplicationContext.log Manager: install: Installing context configuration at 'file:/C:/Users/alexa/AppData/Local/Temp/context3444773036552939200.xml'
14-Apr-2024 16:24:43.648 INFO [http-nio-8080-exec-316] org.apache.catalina.core.ApplicationContext.log Manager: start: Starting web application '/TIENDA-ONLINE-HS'
14-Apr-2024 16:25:01.054 INFO [http-nio-8080-exec-321] org.apache.catalina.core.ApplicationContext.log Manager: list: Listing contexts for virtual host 'localhost'
14-Apr-2024 16:25:01.056 INFO [http-nio-8080-exec-309] org.apache.catalina.core.ApplicationContext.log Manager: list: Listing contexts for virtual host 'localhost'
14-Apr-2024 16:25:01.069 INFO [http-nio-8080-exec-319] org.apache.catalina.core.ApplicationContext.log Manager: undeploy: Undeploying web application at '/TIENDA-ONLINE-HS'
14-Apr-2024 16:25:01.243 INFO [http-nio-8080-exec-321] org.apache.catalina.core.ApplicationContext.log Manager: list: Listing contexts for virtual host 'localhost'
14-Apr-2024 16:25:01.247 INFO [http-nio-8080-exec-320] org.apache.catalina.core.ApplicationContext.log Manager: list: Listing contexts for virtual host 'localhost'
14-Apr-2024 16:25:01.599 INFO [http-nio-8080-exec-316] org.apache.catalina.core.ApplicationContext.log Manager: restart: Reloading web application '/TIENDA-ONLINE-HS'
14-Apr-2024 16:25:01.605 INFO [http-nio-8080-exec-318] org.apache.catalina.core.ApplicationContext.log Manager: install: Installing context configuration at 'file:/C:/Users/alexa/AppData/Local/Temp/context552587486226142779.xml'
14-Apr-2024 16:25:02.630 INFO [http-nio-8080-exec-311] org.apache.catalina.core.ApplicationContext.log Manager: start: Starting web application '/TIENDA-ONLINE-HS'
14-Apr-2024 16:25:09.442 INFO [http-nio-8080-exec-305] org.apache.catalina.core.ApplicationContext.log Manager: list: Listing contexts for virtual host 'localhost'
14-Apr-2024 16:25:09.445 INFO [http-nio-8080-exec-323] org.apache.catalina.core.ApplicationContext.log Manager: undeploy: Undeploying web application at '/TIENDA-ONLINE-HS'
14-Apr-2024 16:25:11.613 INFO [http-nio-8080-exec-319] org.apache.catalina.core.ApplicationContext.log Manager: list: Listing contexts for virtual host 'localhost'
14-Apr-2024 16:25:11.616 INFO [http-nio-8080-exec-321] org.apache.catalina.core.ApplicationContext.log Manager: list: Listing contexts for virtual host 'localhost'
14-Apr-2024 16:25:11.629 INFO [http-nio-8080-exec-322] org.apache.catalina.core.ApplicationContext.log Manager: install: Installing context configuration at 'file:/C:/Users/alexa/AppData/Local/Temp/context6975585162472466032.xml'
14-Apr-2024 16:25:12.549 INFO [http-nio-8080-exec-323] org.apache.catalina.core.ApplicationContext.log Manager: start: Starting web application '/TIENDA-ONLINE-HS'
14-Apr-2024 16:25:26.988 INFO [http-nio-8080-exec-322] org.apache.catalina.core.ApplicationContext.log Manager: list: Listing contexts for virtual host 'localhost'
14-Apr-2024 16:25:26.994 INFO [http-nio-8080-exec-323] org.apache.catalina.core.ApplicationContext.log Manager: restart: Reloading web application '/TIENDA-ONLINE-HS'
14-Apr-2024 16:25:27.181 INFO [http-nio-8080-exec-315] org.apache.catalina.core.ApplicationContext.log Manager: list: Listing contexts for virtual host 'localhost'
14-Apr-2024 16:25:27.184 INFO [http-nio-8080-exec-328] org.apache.catalina.core.ApplicationContext.log Manager: list: Listing contexts for virtual host 'localhost'
14-Apr-2024 16:25:27.945 INFO [http-nio-8080-exec-327] org.apache.catalina.core.ApplicationContext.log Manager: restart: Reloading web application '/TIENDA-ONLINE-HS'
14-Apr-2024 16:25:52.129 INFO [http-nio-8080-exec-322] org.apache.catalina.core.ApplicationContext.log Manager: list: Listing contexts for virtual host 'localhost'
14-Apr-2024 16:25:52.132 INFO [http-nio-8080-exec-333] org.apache.catalina.core.ApplicationContext.log Manager: undeploy: Undeploying web application at '/TIENDA-ONLINE-HS'
14-Apr-2024 16:25:52.352 INFO [http-nio-8080-exec-315] org.apache.catalina.core.ApplicationContext.log Manager: list: Listing contexts for virtual host 'localhost'
14-Apr-2024 16:25:52.666 INFO [http-nio-8080-exec-322] org.apache.catalina.core.ApplicationContext.log Manager: restart: Reloading web application '/TIENDA-ONLINE-HS'
14-Apr-2024 16:26:06.547 INFO [http-nio-8080-exec-333] org.apache.catalina.core.ApplicationContext.log Manager: list: Listing contexts for virtual host 'localhost'
14-Apr-2024 16:26:09.678 INFO [http-nio-8080-exec-319] org.apache.catalina.core.ApplicationContext.log Manager: list: Listing contexts for virtual host 'localhost'
14-Apr-2024 16:26:09.682 INFO [http-nio-8080-exec-315] org.apache.catalina.core.ApplicationContext.log Manager: list: Listing contexts for virtual host 'localhost'
14-Apr-2024 16:26:09.694 INFO [http-nio-8080-exec-334] org.apache.catalina.core.ApplicationContext.log Manager: install: Installing context configuration at 'file:/C:/Users/alexa/AppData/Local/Temp/context5551032359984358176.xml'
14-Apr-2024 16:26:10.539 INFO [http-nio-8080-exec-333] org.apache.catalina.core.ApplicationContext.log Manager: start: Starting web application '/TIENDA-ONLINE-HS'
14-Apr-2024 16:28:29.671 INFO [http-nio-8080-exec-336] org.apache.catalina.core.ApplicationContext.log Manager: list: Listing contexts for virtual host 'localhost'
14-Apr-2024 16:28:29.674 INFO [http-nio-8080-exec-335] org.apache.catalina.core.ApplicationContext.log Manager: list: Listing contexts for virtual host 'localhost'
14-Apr-2024 16:28:29.687 INFO [http-nio-8080-exec-340] org.apache.catalina.core.ApplicationContext.log Manager: undeploy: Undeploying web application at '/TIENDA-ONLINE-HS'
14-Apr-2024 16:28:30.224 INFO [http-nio-8080-exec-335] org.apache.catalina.core.ApplicationContext.log Manager: install: Installing context configuration at 'file:/C:/Users/alexa/AppData/Local/Temp/context7170828684401237901.xml'
14-Apr-2024 16:28:30.393 INFO [http-nio-8080-exec-339] org.apache.catalina.core.ApplicationContext.log Manager: list: Listing contexts for virtual host 'localhost'
14-Apr-2024 16:28:30.396 INFO [http-nio-8080-exec-341] org.apache.catalina.core.ApplicationContext.log Manager: list: Listing contexts for virtual host 'localhost'
14-Apr-2024 16:28:31.428 INFO [http-nio-8080-exec-344] org.apache.catalina.core.ApplicationContext.log Manager: start: Starting web application '/TIENDA-ONLINE-HS'
14-Apr-2024 16:28:33.817 INFO [http-nio-8080-exec-338] org.apache.catalina.core.ApplicationContext.log Manager: list: Listing contexts for virtual host 'localhost'
14-Apr-2024 16:28:33.821 INFO [http-nio-8080-exec-341] org.apache.catalina.core.ApplicationContext.log Manager: undeploy: Undeploying web application at '/TIENDA-ONLINE-HS'
14-Apr-2024 16:28:36.937 INFO [http-nio-8080-exec-339] org.apache.catalina.core.ApplicationContext.log Manager: list: Listing contexts for virtual host 'localhost'
14-Apr-2024 16:28:36.940 INFO [http-nio-8080-exec-338] org.apache.catalina.core.ApplicationContext.log Manager: list: Listing contexts for virtual host 'localhost'
14-Apr-2024 16:28:36.952 INFO [http-nio-8080-exec-347] org.apache.catalina.core.ApplicationContext.log Manager: install: Installing context configuration at 'file:/C:/Users/alexa/AppData/Local/Temp/context5319848486664252519.xml'
14-Apr-2024 16:28:37.826 INFO [http-nio-8080-exec-341] org.apache.catalina.core.ApplicationContext.log Manager: start: Starting web application '/TIENDA-ONLINE-HS'
14-Apr-2024 16:29:59.313 INFO [http-nio-8080-exec-348] org.apache.catalina.core.ApplicationContext.log Manager: list: Listing contexts for virtual host 'localhost'
14-Apr-2024 16:29:59.623 INFO [http-nio-8080-exec-353] org.apache.catalina.core.ApplicationContext.log Manager: list: Listing contexts for virtual host 'localhost'
14-Apr-2024 16:29:59.633 INFO [http-nio-8080-exec-347] org.apache.catalina.core.ApplicationContext.log Manager: restart: Reloading web application '/TIENDA-ONLINE-HS'
14-Apr-2024 16:30:01.053 INFO [http-nio-8080-exec-352] org.apache.catalina.core.ApplicationContext.log Manager: list: Listing contexts for virtual host 'localhost'
14-Apr-2024 16:30:01.061 INFO [http-nio-8080-exec-344] org.apache.catalina.core.ApplicationContext.log Manager: restart: Reloading web application '/TIENDA-ONLINE-HS'
14-Apr-2024 16:30:01.098 INFO [http-nio-8080-exec-352] org.apache.catalina.core.ApplicationContext.log Manager: list: Listing contexts for virtual host 'localhost'
14-Apr-2024 16:30:01.100 INFO [http-nio-8080-exec-349] org.apache.catalina.core.ApplicationContext.log Manager: list: Listing contexts for virtual host 'localhost'
14-Apr-2024 16:30:01.965 INFO [http-nio-8080-exec-353] org.apache.catalina.core.ApplicationContext.log Manager: restart: Reloading web application '/TIENDA-ONLINE-HS'
14-Apr-2024 16:31:02.508 INFO [http-nio-8080-exec-349] org.apache.catalina.core.ApplicationContext.log Manager: list: Listing contexts for virtual host 'localhost'
14-Apr-2024 16:31:02.511 INFO [http-nio-8080-exec-360] org.apache.catalina.core.ApplicationContext.log Manager: list: Listing contexts for virtual host 'localhost'
14-Apr-2024 16:37:24.612 INFO [http-nio-8080-exec-357] org.apache.catalina.core.ApplicationContext.log Manager: list: Listing contexts for virtual host 'localhost'
14-Apr-2024 16:37:24.692 INFO [http-nio-8080-exec-362] org.apache.catalina.core.ApplicationContext.log Manager: list: Listing contexts for virtual host 'localhost'
14-Apr-2024 16:37:24.697 INFO [http-nio-8080-exec-357] org.apache.catalina.core.ApplicationContext.log Manager: undeploy: Undeploying web application at '/TIENDA-ONLINE-HS'
14-Apr-2024 16:37:24.848 INFO [http-nio-8080-exec-359] org.apache.catalina.core.ApplicationContext.log Manager: list: Listing contexts for virtual host 'localhost'
14-Apr-2024 16:37:25.235 INFO [http-nio-8080-exec-367] org.apache.catalina.core.ApplicationContext.log Manager: restart: Reloading web application '/TIENDA-ONLINE-HS'
14-Apr-2024 16:37:30.179 INFO [http-nio-8080-exec-366] org.apache.catalina.core.ApplicationContext.log Manager: list: Listing contexts for virtual host 'localhost'
14-Apr-2024 16:37:30.181 INFO [http-nio-8080-exec-362] org.apache.catalina.core.ApplicationContext.log Manager: list: Listing contexts for virtual host 'localhost'
14-Apr-2024 16:37:30.195 INFO [http-nio-8080-exec-357] org.apache.catalina.core.ApplicationContext.log Manager: install: Installing context configuration at 'file:/C:/Users/alexa/AppData/Local/Temp/context54316740025867364.xml'
14-Apr-2024 16:37:31.019 INFO [http-nio-8080-exec-367] org.apache.catalina.core.ApplicationContext.log Manager: start: Starting web application '/TIENDA-ONLINE-HS'
14-Apr-2024 17:51:49.292 INFO [http-nio-8080-exec-367] org.apache.catalina.core.ApplicationContext.log Manager: list: Listing contexts for virtual host 'localhost'
14-Apr-2024 17:51:49.295 INFO [http-nio-8080-exec-370] org.apache.catalina.core.ApplicationContext.log Manager: list: Listing contexts for virtual host 'localhost'
14-Apr-2024 17:51:49.308 INFO [http-nio-8080-exec-373] org.apache.catalina.core.ApplicationContext.log Manager: undeploy: Undeploying web application at '/TIENDA-ONLINE-HS'
14-Apr-2024 17:51:49.849 INFO [http-nio-8080-exec-371] org.apache.catalina.core.ApplicationContext.log Manager: install: Installing context configuration at 'file:/C:/Users/alexa/AppData/Local/Temp/context6234513457172196335.xml'
14-Apr-2024 17:51:50.231 INFO [http-nio-8080-exec-376] org.apache.catalina.core.ApplicationContext.log Manager: list: Listing contexts for virtual host 'localhost'
14-Apr-2024 17:51:50.234 INFO [http-nio-8080-exec-375] org.apache.catalina.core.ApplicationContext.log Manager: list: Listing contexts for virtual host 'localhost'
14-Apr-2024 17:51:50.793 INFO [http-nio-8080-exec-368] org.apache.catalina.core.ApplicationContext.log Manager: restart: Reloading web application '/TIENDA-ONLINE-HS'
14-Apr-2024 17:51:51.598 INFO [http-nio-8080-exec-375] org.apache.catalina.core.ApplicationContext.log Manager: start: Starting web application '/TIENDA-ONLINE-HS'
14-Apr-2024 17:51:51.930 INFO [http-nio-8080-exec-374] org.apache.catalina.core.ApplicationContext.log Manager: list: Listing contexts for virtual host 'localhost'
14-Apr-2024 17:51:51.939 INFO [http-nio-8080-exec-369] org.apache.catalina.core.ApplicationContext.log Manager: restart: Reloading web application '/TIENDA-ONLINE-HS'
14-Apr-2024 17:53:12.871 INFO [http-nio-8080-exec-380] org.apache.catalina.core.ApplicationContext.log Manager: list: Listing contexts for virtual host 'localhost'
14-Apr-2024 17:53:13.576 INFO [http-nio-8080-exec-388] org.apache.catalina.core.ApplicationContext.log Manager: list: Listing contexts for virtual host 'localhost'
14-Apr-2024 17:53:13.579 INFO [http-nio-8080-exec-380] org.apache.catalina.core.ApplicationContext.log Manager: list: Listing contexts for virtual host 'localhost'
14-Apr-2024 17:53:26.418 INFO [http-nio-8080-exec-383] org.apache.catalina.core.ApplicationContext.log Manager: list: Listing contexts for virtual host 'localhost'
14-Apr-2024 17:53:26.422 INFO [http-nio-8080-exec-379] org.apache.catalina.core.ApplicationContext.log Manager: undeploy: Undeploying web application at '/TIENDA-ONLINE-HS'
14-Apr-2024 17:53:29.820 INFO [http-nio-8080-exec-390] org.apache.catalina.core.ApplicationContext.log Manager: list: Listing contexts for virtual host 'localhost'
14-Apr-2024 17:53:29.822 INFO [http-nio-8080-exec-383] org.apache.catalina.core.ApplicationContext.log Manager: list: Listing contexts for virtual host 'localhost'
14-Apr-2024 17:53:29.835 INFO [http-nio-8080-exec-386] org.apache.catalina.core.ApplicationContext.log Manager: install: Installing context configuration at 'file:/C:/Users/alexa/AppData/Local/Temp/context4861396816527308847.xml'
14-Apr-2024 17:53:30.760 INFO [http-nio-8080-exec-389] org.apache.catalina.core.ApplicationContext.log Manager: start: Starting web application '/TIENDA-ONLINE-HS'
14-Apr-2024 17:53:46.041 INFO [http-nio-8080-exec-387] org.apache.catalina.core.ApplicationContext.log Manager: list: Listing contexts for virtual host 'localhost'
14-Apr-2024 17:53:46.736 INFO [http-nio-8080-exec-392] org.apache.catalina.core.ApplicationContext.log Manager: list: Listing contexts for virtual host 'localhost'
14-Apr-2024 17:53:46.739 INFO [http-nio-8080-exec-386] org.apache.catalina.core.ApplicationContext.log Manager: list: Listing contexts for virtual host 'localhost'
14-Apr-2024 17:56:25.028 INFO [http-nio-8080-exec-390] org.apache.catalina.core.ApplicationContext.log Manager: list: Listing contexts for virtual host 'localhost'
14-Apr-2024 17:56:25.738 INFO [http-nio-8080-exec-389] org.apache.catalina.core.ApplicationContext.log Manager: list: Listing contexts for virtual host 'localhost'
14-Apr-2024 17:56:25.742 INFO [http-nio-8080-exec-395] org.apache.catalina.core.ApplicationContext.log Manager: list: Listing contexts for virtual host 'localhost'
14-Apr-2024 17:56:37.950 INFO [http-nio-8080-exec-391] org.apache.catalina.core.ApplicationContext.log Manager: list: Listing contexts for virtual host 'localhost'
14-Apr-2024 17:56:38.710 INFO [http-nio-8080-exec-389] org.apache.catalina.core.ApplicationContext.log Manager: list: Listing contexts for virtual host 'localhost'
14-Apr-2024 17:56:38.713 INFO [http-nio-8080-exec-390] org.apache.catalina.core.ApplicationContext.log Manager: list: Listing contexts for virtual host 'localhost'
14-Apr-2024 17:57:14.997 INFO [http-nio-8080-exec-393] org.apache.catalina.core.ApplicationContext.log Manager: list: Listing contexts for virtual host 'localhost'
14-Apr-2024 17:57:15.712 INFO [http-nio-8080-exec-391] org.apache.catalina.core.ApplicationContext.log Manager: list: Listing contexts for virtual host 'localhost'
14-Apr-2024 17:57:15.715 INFO [http-nio-8080-exec-393] org.apache.catalina.core.ApplicationContext.log Manager: list: Listing contexts for virtual host 'localhost'
14-Apr-2024 17:59:25.223 INFO [http-nio-8080-exec-397] org.apache.catalina.core.ApplicationContext.log Manager: list: Listing contexts for virtual host 'localhost'
14-Apr-2024 17:59:25.232 INFO [http-nio-8080-exec-393] org.apache.catalina.core.ApplicationContext.log Manager: restart: Reloading web application '/TIENDA-ONLINE-HS'
14-Apr-2024 17:59:25.436 INFO [http-nio-8080-exec-399] org.apache.catalina.core.ApplicationContext.log Manager: list: Listing contexts for virtual host 'localhost'
14-Apr-2024 17:59:25.438 INFO [http-nio-8080-exec-392] org.apache.catalina.core.ApplicationContext.log Manager: list: Listing contexts for virtual host 'localhost'
14-Apr-2024 17:59:26.152 INFO [http-nio-8080-exec-394] org.apache.catalina.core.ApplicationContext.log Manager: restart: Reloading web application '/TIENDA-ONLINE-HS'
14-Apr-2024 18:00:20.607 INFO [http-nio-8080-exec-405] org.apache.catalina.core.ApplicationContext.log Manager: list: Listing contexts for virtual host 'localhost'
14-Apr-2024 18:00:20.612 INFO [http-nio-8080-exec-389] org.apache.catalina.core.ApplicationContext.log Manager: restart: Reloading web application '/TIENDA-ONLINE-HS'
14-Apr-2024 18:00:20.811 INFO [http-nio-8080-exec-401] org.apache.catalina.core.ApplicationContext.log Manager: list: Listing contexts for virtual host 'localhost'
14-Apr-2024 18:00:20.813 INFO [http-nio-8080-exec-403] org.apache.catalina.core.ApplicationContext.log Manager: list: Listing contexts for virtual host 'localhost'
14-Apr-2024 18:00:21.551 INFO [http-nio-8080-exec-402] org.apache.catalina.core.ApplicationContext.log Manager: restart: Reloading web application '/TIENDA-ONLINE-HS'
14-Apr-2024 18:01:50.134 INFO [http-nio-8080-exec-404] org.apache.catalina.core.ApplicationContext.log Manager: list: Listing contexts for virtual host 'localhost'
14-Apr-2024 18:01:50.139 INFO [http-nio-8080-exec-413] org.apache.catalina.core.ApplicationContext.log Manager: undeploy: Undeploying web application at '/TIENDA-ONLINE-HS'
14-Apr-2024 18:01:50.384 INFO [http-nio-8080-exec-410] org.apache.catalina.core.ApplicationContext.log Manager: list: Listing contexts for virtual host 'localhost'
14-Apr-2024 18:01:50.672 INFO [http-nio-8080-exec-414] org.apache.catalina.core.ApplicationContext.log Manager: restart: Reloading web application '/TIENDA-ONLINE-HS'
14-Apr-2024 18:01:56.588 INFO [http-nio-8080-exec-413] org.apache.catalina.core.ApplicationContext.log Manager: list: Listing contexts for virtual host 'localhost'
14-Apr-2024 18:02:08.676 INFO [http-nio-8080-exec-415] org.apache.catalina.core.ApplicationContext.log Manager: list: Listing contexts for virtual host 'localhost'
14-Apr-2024 18:02:08.679 INFO [http-nio-8080-exec-412] org.apache.catalina.core.ApplicationContext.log Manager: list: Listing contexts for virtual host 'localhost'
14-Apr-2024 18:02:08.691 INFO [http-nio-8080-exec-410] org.apache.catalina.core.ApplicationContext.log Manager: install: Installing context configuration at 'file:/C:/Users/alexa/AppData/Local/Temp/context15663351595088569452.xml'
14-Apr-2024 18:02:09.546 INFO [http-nio-8080-exec-413] org.apache.catalina.core.ApplicationContext.log Manager: start: Starting web application '/TIENDA-ONLINE-HS'
14-Apr-2024 18:03:15.052 INFO [http-nio-8080-exec-412] org.apache.catalina.core.ApplicationContext.log Manager: list: Listing contexts for virtual host 'localhost'
14-Apr-2024 18:03:15.056 INFO [http-nio-8080-exec-421] org.apache.catalina.core.ApplicationContext.log Manager: undeploy: Undeploying web application at '/TIENDA-ONLINE-HS'
14-Apr-2024 18:03:15.296 INFO [http-nio-8080-exec-417] org.apache.catalina.core.ApplicationContext.log Manager: list: Listing contexts for virtual host 'localhost'
14-Apr-2024 18:03:15.299 INFO [http-nio-8080-exec-412] org.apache.catalina.core.ApplicationContext.log Manager: list: Listing contexts for virtual host 'localhost'
14-Apr-2024 18:03:15.603 INFO [http-nio-8080-exec-419] org.apache.catalina.core.ApplicationContext.log Manager: undeploy: Undeploying web application at '/TIENDA-ONLINE-HS'
14-Apr-2024 18:03:15.614 INFO [http-nio-8080-exec-415] org.apache.catalina.core.ApplicationContext.log Manager: install: Installing context configuration at 'file:/C:/Users/alexa/AppData/Local/Temp/context16507433517611116773.xml'
14-Apr-2024 18:03:15.655 INFO [http-nio-8080-exec-418] org.apache.catalina.core.ApplicationContext.log Manager: start: Starting web application '/TIENDA-ONLINE-HS'
14-Apr-2024 18:03:18.939 INFO [http-nio-8080-exec-412] org.apache.catalina.core.ApplicationContext.log Manager: list: Listing contexts for virtual host 'localhost'
14-Apr-2024 18:03:18.942 INFO [http-nio-8080-exec-415] org.apache.catalina.core.ApplicationContext.log Manager: list: Listing contexts for virtual host 'localhost'
14-Apr-2024 18:03:18.977 INFO [http-nio-8080-exec-416] org.apache.catalina.core.ApplicationContext.log Manager: undeploy: Undeploying web application at '/TIENDA-ONLINE-HS'
14-Apr-2024 18:03:19.495 INFO [http-nio-8080-exec-421] org.apache.catalina.core.ApplicationContext.log Manager: install: Installing context configuration at 'file:/C:/Users/alexa/AppData/Local/Temp/context18286560779945908657.xml'
14-Apr-2024 18:03:37.133 INFO [http-nio-8080-exec-409] org.apache.catalina.core.ApplicationContext.log Manager: list: Listing contexts for virtual host 'localhost'
14-Apr-2024 18:03:37.859 INFO [http-nio-8080-exec-417] org.apache.catalina.core.ApplicationContext.log Manager: list: Listing contexts for virtual host 'localhost'
14-Apr-2024 18:03:37.862 INFO [http-nio-8080-exec-415] org.apache.catalina.core.ApplicationContext.log Manager: list: Listing contexts for virtual host 'localhost'
14-Apr-2024 18:04:18.002 INFO [http-nio-8080-exec-425] org.apache.catalina.core.ApplicationContext.log Manager: list: Listing contexts for virtual host 'localhost'
14-Apr-2024 18:04:18.809 INFO [http-nio-8080-exec-431] org.apache.catalina.core.ApplicationContext.log Manager: list: Listing contexts for virtual host 'localhost'
14-Apr-2024 18:04:18.812 INFO [http-nio-8080-exec-428] org.apache.catalina.core.ApplicationContext.log Manager: list: Listing contexts for virtual host 'localhost'
14-Apr-2024 18:04:56.501 INFO [http-nio-8080-exec-433] org.apache.catalina.core.ApplicationContext.log Manager: list: Listing contexts for virtual host 'localhost'
14-Apr-2024 18:04:56.504 INFO [http-nio-8080-exec-432] org.apache.catalina.core.ApplicationContext.log Manager: list: Listing contexts for virtual host 'localhost'
14-Apr-2024 18:37:00.786 INFO [http-nio-8080-exec-424] org.apache.catalina.core.ApplicationContext.log Manager: list: Listing contexts for virtual host 'localhost'
14-Apr-2024 18:37:00.794 INFO [http-nio-8080-exec-425] org.apache.catalina.core.ApplicationContext.log Manager: restart: Reloading web application '/TIENDA-ONLINE-HS'
14-Apr-2024 18:37:00.976 INFO [http-nio-8080-exec-434] org.apache.catalina.core.ApplicationContext.log Manager: list: Listing contexts for virtual host 'localhost'
14-Apr-2024 18:37:00.979 INFO [http-nio-8080-exec-429] org.apache.catalina.core.ApplicationContext.log Manager: list: Listing contexts for virtual host 'localhost'
14-Apr-2024 18:37:01.778 INFO [http-nio-8080-exec-433] org.apache.catalina.core.ApplicationContext.log Manager: restart: Reloading web application '/TIENDA-ONLINE-HS'
14-Apr-2024 18:46:33.815 INFO [http-nio-8080-exec-444] org.apache.catalina.core.ApplicationContext.log Manager: list: Listing contexts for virtual host 'localhost'
14-Apr-2024 18:46:33.817 INFO [http-nio-8080-exec-439] org.apache.catalina.core.ApplicationContext.log Manager: list: Listing contexts for virtual host 'localhost'
14-Apr-2024 18:57:14.603 INFO [http-nio-8080-exec-444] org.apache.catalina.core.ApplicationContext.log Manager: list: Listing contexts for virtual host 'localhost'
14-Apr-2024 18:57:14.872 INFO [http-nio-8080-exec-439] org.apache.catalina.core.ApplicationContext.log Manager: list: Listing contexts for virtual host 'localhost'
14-Apr-2024 18:57:14.877 INFO [http-nio-8080-exec-440] org.apache.catalina.core.ApplicationContext.log Manager: restart: Reloading web application '/TIENDA-ONLINE-HS'
14-Apr-2024 18:57:15.977 INFO [http-nio-8080-exec-437] org.apache.catalina.core.ApplicationContext.log Manager: list: Listing contexts for virtual host 'localhost'
14-Apr-2024 18:57:15.980 INFO [http-nio-8080-exec-444] org.apache.catalina.core.ApplicationContext.log Manager: list: Listing contexts for virtual host 'localhost'
14-Apr-2024 18:57:16.004 INFO [http-nio-8080-exec-436] org.apache.catalina.core.ApplicationContext.log Manager: restart: Reloading web application '/TIENDA-ONLINE-HS'
14-Apr-2024 18:57:16.238 INFO [http-nio-8080-exec-435] org.apache.catalina.core.ApplicationContext.log Manager: list: Listing contexts for virtual host 'localhost'
14-Apr-2024 18:57:16.873 INFO [http-nio-8080-exec-444] org.apache.catalina.core.ApplicationContext.log Manager: restart: Reloading web application '/TIENDA-ONLINE-HS'
14-Apr-2024 18:57:30.450 INFO [http-nio-8080-exec-445] org.apache.catalina.core.ApplicationContext.log Manager: list: Listing contexts for virtual host 'localhost'
14-Apr-2024 18:57:30.457 INFO [http-nio-8080-exec-447] org.apache.catalina.core.ApplicationContext.log Manager: undeploy: Undeploying web application at '/TIENDA-ONLINE-HS'
14-Apr-2024 18:57:33.466 INFO [http-nio-8080-exec-449] org.apache.catalina.core.ApplicationContext.log Manager: list: Listing contexts for virtual host 'localhost'
14-Apr-2024 18:57:33.468 INFO [http-nio-8080-exec-437] org.apache.catalina.core.ApplicationContext.log Manager: list: Listing contexts for virtual host 'localhost'
14-Apr-2024 18:57:33.482 INFO [http-nio-8080-exec-441] org.apache.catalina.core.ApplicationContext.log Manager: install: Installing context configuration at 'file:/C:/Users/alexa/AppData/Local/Temp/context7652509107643583652.xml'
14-Apr-2024 18:57:34.390 INFO [http-nio-8080-exec-447] org.apache.catalina.core.ApplicationContext.log Manager: start: Starting web application '/TIENDA-ONLINE-HS'
14-Apr-2024 18:59:07.176 INFO [http-nio-8080-exec-449] org.apache.catalina.core.ApplicationContext.log Manager: list: Listing contexts for virtual host 'localhost'
14-Apr-2024 18:59:07.481 INFO [http-nio-8080-exec-453] org.apache.catalina.core.ApplicationContext.log Manager: list: Listing contexts for virtual host 'localhost'
14-Apr-2024 18:59:07.485 INFO [http-nio-8080-exec-455] org.apache.catalina.core.ApplicationContext.log Manager: restart: Reloading web application '/TIENDA-ONLINE-HS'
14-Apr-2024 18:59:08.553 INFO [http-nio-8080-exec-449] org.apache.catalina.core.ApplicationContext.log Manager: list: Listing contexts for virtual host 'localhost'
14-Apr-2024 18:59:08.556 INFO [http-nio-8080-exec-458] org.apache.catalina.core.ApplicationContext.log Manager: list: Listing contexts for virtual host 'localhost'
14-Apr-2024 18:59:08.582 INFO [http-nio-8080-exec-457] org.apache.catalina.core.ApplicationContext.log Manager: restart: Reloading web application '/TIENDA-ONLINE-HS'
14-Apr-2024 18:59:08.770 INFO [http-nio-8080-exec-458] org.apache.catalina.core.ApplicationContext.log Manager: list: Listing contexts for virtual host 'localhost'
14-Apr-2024 18:59:09.458 INFO [http-nio-8080-exec-456] org.apache.catalina.core.ApplicationContext.log Manager: restart: Reloading web application '/TIENDA-ONLINE-HS'
14-Apr-2024 19:02:40.953 INFO [http-nio-8080-exec-463] org.apache.catalina.core.ApplicationContext.log Manager: list: Listing contexts for virtual host 'localhost'
14-Apr-2024 19:02:41.672 INFO [http-nio-8080-exec-459] org.apache.catalina.core.ApplicationContext.log Manager: list: Listing contexts for virtual host 'localhost'
14-Apr-2024 19:02:41.674 INFO [http-nio-8080-exec-449] org.apache.catalina.core.ApplicationContext.log Manager: list: Listing contexts for virtual host 'localhost'
14-Apr-2024 19:05:01.450 INFO [http-nio-8080-exec-466] org.apache.catalina.core.ApplicationContext.log Manager: list: Listing contexts for virtual host 'localhost'
14-Apr-2024 19:05:01.456 INFO [http-nio-8080-exec-467] org.apache.catalina.core.ApplicationContext.log Manager: restart: Reloading web application '/TIENDA-ONLINE-HS'
14-Apr-2024 19:05:14.214 INFO [http-nio-8080-exec-464] org.apache.catalina.core.ApplicationContext.log Manager: list: Listing contexts for virtual host 'localhost'
14-Apr-2024 19:05:14.219 INFO [http-nio-8080-exec-461] org.apache.catalina.core.ApplicationContext.log Manager: restart: Reloading web application '/TIENDA-ONLINE-HS'
14-Apr-2024 19:05:15.510 INFO [http-nio-8080-exec-464] org.apache.catalina.core.ApplicationContext.log Manager: list: Listing contexts for virtual host 'localhost'
14-Apr-2024 19:05:18.265 INFO [http-nio-8080-exec-473] org.apache.catalina.core.ApplicationContext.log Manager: list: Listing contexts for virtual host 'localhost'
14-Apr-2024 19:05:18.267 INFO [http-nio-8080-exec-463] org.apache.catalina.core.ApplicationContext.log Manager: list: Listing contexts for virtual host 'localhost'
14-Apr-2024 19:05:18.291 INFO [http-nio-8080-exec-471] org.apache.catalina.core.ApplicationContext.log Manager: restart: Reloading web application '/TIENDA-ONLINE-HS'
14-Apr-2024 19:05:30.222 INFO [http-nio-8080-exec-463] org.apache.catalina.core.ApplicationContext.log Manager: list: Listing contexts for virtual host 'localhost'
14-Apr-2024 19:05:30.226 INFO [http-nio-8080-exec-475] org.apache.catalina.core.ApplicationContext.log Manager: undeploy: Undeploying web application at '/TIENDA-ONLINE-HS'
14-Apr-2024 19:05:33.932 INFO [http-nio-8080-exec-469] org.apache.catalina.core.ApplicationContext.log Manager: list: Listing contexts for virtual host 'localhost'
14-Apr-2024 19:05:33.935 INFO [http-nio-8080-exec-470] org.apache.catalina.core.ApplicationContext.log Manager: list: Listing contexts for virtual host 'localhost'
14-Apr-2024 19:05:33.948 INFO [http-nio-8080-exec-476] org.apache.catalina.core.ApplicationContext.log Manager: install: Installing context configuration at 'file:/C:/Users/alexa/AppData/Local/Temp/context17368193415662047999.xml'
14-Apr-2024 19:05:34.754 INFO [http-nio-8080-exec-474] org.apache.catalina.core.ApplicationContext.log Manager: start: Starting web application '/TIENDA-ONLINE-HS'
14-Apr-2024 19:06:10.280 INFO [http-nio-8080-exec-478] org.apache.catalina.core.ApplicationContext.log Manager: list: Listing contexts for virtual host 'localhost'
14-Apr-2024 19:06:10.285 INFO [http-nio-8080-exec-469] org.apache.catalina.core.ApplicationContext.log Manager: restart: Reloading web application '/TIENDA-ONLINE-HS'
14-Apr-2024 19:06:21.193 INFO [http-nio-8080-exec-461] org.apache.catalina.core.ApplicationContext.log Manager: list: Listing contexts for virtual host 'localhost'
14-Apr-2024 19:06:21.198 INFO [http-nio-8080-exec-479] org.apache.catalina.core.ApplicationContext.log Manager: restart: Reloading web application '/TIENDA-ONLINE-HS'
14-Apr-2024 19:06:21.384 INFO [http-nio-8080-exec-469] org.apache.catalina.core.ApplicationContext.log Manager: list: Listing contexts for virtual host 'localhost'
14-Apr-2024 19:06:21.388 INFO [http-nio-8080-exec-480] org.apache.catalina.core.ApplicationContext.log Manager: list: Listing contexts for virtual host 'localhost'
14-Apr-2024 19:06:22.125 INFO [http-nio-8080-exec-478] org.apache.catalina.core.ApplicationContext.log Manager: restart: Reloading web application '/TIENDA-ONLINE-HS'
14-Apr-2024 19:17:35.145 INFO [http-nio-8080-exec-486] org.apache.catalina.core.ApplicationContext.log Manager: list: Listing contexts for virtual host 'localhost'
14-Apr-2024 19:17:35.151 INFO [http-nio-8080-exec-485] org.apache.catalina.core.ApplicationContext.log Manager: restart: Reloading web application '/TIENDA-ONLINE-HS'
14-Apr-2024 19:23:35.389 INFO [http-nio-8080-exec-484] org.apache.catalina.core.ApplicationContext.log Manager: list: Listing contexts for virtual host 'localhost'
14-Apr-2024 19:23:35.392 INFO [http-nio-8080-exec-488] org.apache.catalina.core.ApplicationContext.log Manager: undeploy: Undeploying web application at '/TIENDA-ONLINE-HS'
14-Apr-2024 19:23:35.617 INFO [http-nio-8080-exec-493] org.apache.catalina.core.ApplicationContext.log Manager: list: Listing contexts for virtual host 'localhost'
14-Apr-2024 19:23:35.932 INFO [http-nio-8080-exec-492] org.apache.catalina.core.ApplicationContext.log Manager: restart: Reloading web application '/TIENDA-ONLINE-HS'
14-Apr-2024 19:31:05.535 INFO [http-nio-8080-exec-502] org.apache.catalina.core.ApplicationContext.log Manager: list: Listing contexts for virtual host 'localhost'
14-Apr-2024 19:31:05.537 INFO [http-nio-8080-exec-507] org.apache.catalina.core.ApplicationContext.log Manager: list: Listing contexts for virtual host 'localhost'
14-Apr-2024 19:31:05.550 INFO [http-nio-8080-exec-509] org.apache.catalina.core.ApplicationContext.log Manager: install: Installing context configuration at 'file:/C:/Users/alexa/AppData/Local/Temp/context18325423788080853435.xml'
14-Apr-2024 19:31:06.489 INFO [http-nio-8080-exec-508] org.apache.catalina.core.ApplicationContext.log Manager: start: Starting web application '/TIENDA-ONLINE-HS'
14-Apr-2024 19:31:06.988 INFO [http-nio-8080-exec-507] org.apache.catalina.core.ApplicationContext.log Manager: list: Listing contexts for virtual host 'localhost'
14-Apr-2024 19:31:06.991 INFO [http-nio-8080-exec-501] org.apache.catalina.core.ApplicationContext.log Manager: list: Listing contexts for virtual host 'localhost'
14-Apr-2024 19:31:07.026 INFO [http-nio-8080-exec-503] org.apache.catalina.core.ApplicationContext.log Manager: undeploy: Undeploying web application at '/TIENDA-ONLINE-HS'
14-Apr-2024 19:31:07.541 INFO [http-nio-8080-exec-505] org.apache.catalina.core.ApplicationContext.log Manager: install: Installing context configuration at 'file:/C:/Users/alexa/AppData/Local/Temp/context2495847033227644544.xml'
14-Apr-2024 19:33:21.474 INFO [http-nio-8080-exec-510] org.apache.catalina.core.ApplicationContext.log Manager: list: Listing contexts for virtual host 'localhost'
14-Apr-2024 19:33:22.916 INFO [http-nio-8080-exec-511] org.apache.catalina.core.ApplicationContext.log Manager: list: Listing contexts for virtual host 'localhost'
14-Apr-2024 19:33:22.919 INFO [http-nio-8080-exec-512] org.apache.catalina.core.ApplicationContext.log Manager: list: Listing contexts for virtual host 'localhost'
14-Apr-2024 19:40:57.849 INFO [http-nio-8080-exec-510] org.apache.catalina.core.ApplicationContext.log Manager: list: Listing contexts for virtual host 'localhost'
14-Apr-2024 19:40:58.138 INFO [http-nio-8080-exec-513] org.apache.catalina.core.ApplicationContext.log Manager: list: Listing contexts for virtual host 'localhost'
14-Apr-2024 19:40:58.144 INFO [http-nio-8080-exec-518] org.apache.catalina.core.ApplicationContext.log Manager: restart: Reloading web application '/TIENDA-ONLINE-HS'
14-Apr-2024 19:40:58.939 INFO [http-nio-8080-exec-510] org.apache.catalina.core.ApplicationContext.log Manager: list: Listing contexts for virtual host 'localhost'
14-Apr-2024 19:40:58.941 INFO [http-nio-8080-exec-514] org.apache.catalina.core.ApplicationContext.log Manager: list: Listing contexts for virtual host 'localhost'
14-Apr-2024 19:40:59.253 INFO [http-nio-8080-exec-510] org.apache.catalina.core.ApplicationContext.log Manager: restart: Reloading web application '/TIENDA-ONLINE-HS'
14-Apr-2024 19:41:07.439 INFO [http-nio-8080-exec-515] org.apache.catalina.core.ApplicationContext.log Manager: list: Listing contexts for virtual host 'localhost'
14-Apr-2024 19:41:08.160 INFO [http-nio-8080-exec-523] org.apache.catalina.core.ApplicationContext.log Manager: list: Listing contexts for virtual host 'localhost'
14-Apr-2024 19:41:08.163 INFO [http-nio-8080-exec-520] org.apache.catalina.core.ApplicationContext.log Manager: list: Listing contexts for virtual host 'localhost'
14-Apr-2024 19:41:16.588 INFO [http-nio-8080-exec-522] org.apache.catalina.core.ApplicationContext.log Manager: list: Listing contexts for virtual host 'localhost'
14-Apr-2024 19:41:16.593 INFO [http-nio-8080-exec-521] org.apache.catalina.core.ApplicationContext.log Manager: restart: Reloading web application '/TIENDA-ONLINE-HS'
14-Apr-2024 19:41:16.776 INFO [http-nio-8080-exec-513] org.apache.catalina.core.ApplicationContext.log Manager: list: Listing contexts for virtual host 'localhost'
14-Apr-2024 19:41:16.779 INFO [http-nio-8080-exec-520] org.apache.catalina.core.ApplicationContext.log Manager: list: Listing contexts for virtual host 'localhost'
14-Apr-2024 19:41:17.525 INFO [http-nio-8080-exec-522] org.apache.catalina.core.ApplicationContext.log Manager: restart: Reloading web application '/TIENDA-ONLINE-HS'
14-Apr-2024 19:41:36.010 INFO [http-nio-8080-exec-512] org.apache.catalina.core.ApplicationContext.log Manager: list: Listing contexts for virtual host 'localhost'
14-Apr-2024 19:41:36.014 INFO [http-nio-8080-exec-525] org.apache.catalina.core.ApplicationContext.log Manager: restart: Reloading web application '/TIENDA-ONLINE-HS'
14-Apr-2024 19:41:36.209 INFO [http-nio-8080-exec-531] org.apache.catalina.core.ApplicationContext.log Manager: list: Listing contexts for virtual host 'localhost'
14-Apr-2024 19:41:36.212 INFO [http-nio-8080-exec-521] org.apache.catalina.core.ApplicationContext.log Manager: list: Listing contexts for virtual host 'localhost'
14-Apr-2024 19:41:36.909 INFO [http-nio-8080-exec-528] org.apache.catalina.core.ApplicationContext.log Manager: restart: Reloading web application '/TIENDA-ONLINE-HS'
14-Apr-2024 19:42:40.572 INFO [http-nio-8080-exec-533] org.apache.catalina.core.ApplicationContext.log Manager: list: Listing contexts for virtual host 'localhost'
14-Apr-2024 19:42:40.577 INFO [http-nio-8080-exec-534] org.apache.catalina.core.ApplicationContext.log Manager: restart: Reloading web application '/TIENDA-ONLINE-HS'
14-Apr-2024 19:42:40.777 INFO [http-nio-8080-exec-521] org.apache.catalina.core.ApplicationContext.log Manager: list: Listing contexts for virtual host 'localhost'
14-Apr-2024 19:42:40.779 INFO [http-nio-8080-exec-533] org.apache.catalina.core.ApplicationContext.log Manager: list: Listing contexts for virtual host 'localhost'
14-Apr-2024 19:42:41.458 INFO [http-nio-8080-exec-529] org.apache.catalina.core.ApplicationContext.log Manager: restart: Reloading web application '/TIENDA-ONLINE-HS'
14-Apr-2024 19:54:19.397 INFO [http-nio-8080-exec-540] org.apache.catalina.core.ApplicationContext.log Manager: list: Listing contexts for virtual host 'localhost'
14-Apr-2024 19:54:19.400 INFO [http-nio-8080-exec-544] org.apache.catalina.core.ApplicationContext.log Manager: list: Listing contexts for virtual host 'localhost'
14-Apr-2024 19:55:07.923 INFO [http-nio-8080-exec-547] org.apache.catalina.core.ApplicationContext.log Manager: list: Listing contexts for virtual host 'localhost'
14-Apr-2024 19:55:08.633 INFO [http-nio-8080-exec-539] org.apache.catalina.core.ApplicationContext.log Manager: list: Listing contexts for virtual host 'localhost'
14-Apr-2024 19:55:08.637 INFO [http-nio-8080-exec-547] org.apache.catalina.core.ApplicationContext.log Manager: list: Listing contexts for virtual host 'localhost'
14-Apr-2024 19:58:44.982 INFO [http-nio-8080-exec-540] org.apache.catalina.core.ApplicationContext.log Manager: list: Listing contexts for virtual host 'localhost'
14-Apr-2024 20:05:20.544 INFO [http-nio-8080-exec-5] org.apache.catalina.core.ApplicationContext.log Manager: init: Associated with Deployer 'Catalina:type=Deployer,host=localhost'
14-Apr-2024 20:05:20.544 INFO [http-nio-8080-exec-5] org.apache.catalina.core.ApplicationContext.log Manager: init: Global resources are available
14-Apr-2024 20:05:20.599 INFO [http-nio-8080-exec-9] org.apache.catalina.core.ApplicationContext.log Manager: list: Listing contexts for virtual host 'localhost'
14-Apr-2024 20:05:20.604 INFO [http-nio-8080-exec-1] org.apache.catalina.core.ApplicationContext.log Manager: list: Listing contexts for virtual host 'localhost'
